WARNING: DUMMY initialized, (aiori-DUMMY.c:188).
V-1: Entering PrintTimestamp...
-- started at 04/19/2025 13:19:36 --

mdtest-4.1.0+dev was launched with 1 total task(s) on 1 node(s)
Command line used: ./mdtest '-a=DUMMY' '-CEr' '-R' '-n' '60' '-vvvvvvv'
V-1: Rank   0 Line   251 Entering parse_dirpath on ./out...
V-1: Rank   0 Line  1806 Entering md_validate_tests...
WARNING: Read bytes is 0, thus, a read test will actually just open/close, (mdtest.c:1886).
V-1: Rank   0 Line  2430 api                     : DUMMY
V-1: Rank   0 Line  2431 barriers                : True
V-1: Rank   0 Line  2432 collective_creates      : False
V-1: Rank   0 Line  2433 create_only             : True
V-1: Rank   0 Line  2434 dirpath(s):
V-1: Rank   0 Line  2436 	./out
V-1: Rank   0 Line  2438 dirs_only               : True
V-1: Rank   0 Line  2439 read_bytes              : 0
V-1: Rank   0 Line  2440 read_only               : True
V-1: Rank   0 Line  2441 first                   : 1
V-1: Rank   0 Line  2442 files_only              : True
V-1: Rank   0 Line  2446 iterations              : 1
V-1: Rank   0 Line  2447 items_per_dir           : 0
V-1: Rank   0 Line  2448 last                    : 0
V-1: Rank   0 Line  2449 leaf_only               : False
V-1: Rank   0 Line  2450 items                   : 60
V-1: Rank   0 Line  2451 nstride                 : 0
V-1: Rank   0 Line  2452 pre_delay               : 0
V-1: Rank   0 Line  2453 remove_only             : False
V-1: Rank   0 Line  2454 random_seed             : 1745083176
V-1: Rank   0 Line  2455 stride                  : 1
V-1: Rank   0 Line  2456 shared_file             : False
V-1: Rank   0 Line  2457 time_unique_dir_overhead: False
V-1: Rank   0 Line  2458 stone_wall_timer_seconds: 0
V-1: Rank   0 Line  2459 stat_only               : False
V-1: Rank   0 Line  2460 unique_dir_per_task     : False
V-1: Rank   0 Line  2461 write_bytes             : 0
V-1: Rank   0 Line  2462 sync_file               : False
V-1: Rank   0 Line  2463 call_sync               : False
V-1: Rank   0 Line  2464 depth                   : 0
V-1: Rank   0 Line  2465 make_node               : 0
Nodemap: 1
V-3: Rank   0 Line  2572 main (before display_freespace): o.testdirpath is './out'
Path                : ./out
FS                  : 0.0 GiB   Used FS: 0.0%   Inodes: 0.0 Mi   Used Inodes: 0.0%
V-3: Rank   0 Line  2585 main (after display_freespace): o.testdirpath is './out'
random seed: 1745083176
1 tasks, 60 files/directories
V-1: Rank   0 Line  2667 
V-1: Rank   0 Line  2668    Operation               Duration              Rate
V-1: Rank   0 Line  2669    ---------               --------              ----
V-1: Rank   0 Line  2051 main: * iteration 1 *
V-2: Rank   0 Line  2060 main (for j loop): making o.testdir, './out/test-dir.0-0'
V-3: Rank   0 Line  2111 main (create hierarchical directory loop-!unque_dir_per_task): Calling create_remove_directory_tree with './out/test-dir.0-0'
V-1: Rank   0 Line  1977 Entering create_remove_directory_tree on ./out/test-dir.0-0, currDepth = 0...
V-2: Rank   0 Line  1983 Making directory './out/test-dir.0-0/mdtest_tree.0/'
V-1: Rank   0 Line  1977 Entering create_remove_directory_tree on ./out/test-dir.0-0/mdtest_tree.0/, currDepth = 1...
V-1: Rank   0 Line  2127 V-1: main:   Tree creation     :          0.000 sec,      62601.552 ops/sec
V-3: Rank   0 Line  2138 V-3: main: Using unique_mk_dir, 'mdtest_tree.0'
V-3: Rank   0 Line  2159 V-3: main: Copied unique_mk_dir, 'mdtest_tree.0', to topdir
V-1: Rank   0 Line   957 Entering directory_test on mdtest_tree.0
V-3: Rank   0 Line   979 directory_test: create path is './out/test-dir.0-0/mdtest_tree.0'
V-1: Rank   0 Line   514 Entering create_remove_items on ./out/test-dir.0-0/mdtest_tree.0, currDepth = 0...
V-3: Rank   0 Line   520 create_remove_items (start): temp_path is './out/test-dir.0-0/mdtest_tree.0'
V-1: Rank   0 Line   445 Entering create_remove_items_helper on ./out/test-dir.0-0/mdtest_tree.0
V-3: Rank   0 Line   341 create_remove_items_helper (dirs create): curr_item is './out/test-dir.0-0/mdtest_tree.0/dir.mdtest.0.0'
V-3: Rank   0 Line   341 create_remove_items_helper (dirs create): curr_item is './out/test-dir.0-0/mdtest_tree.0/dir.mdtest.0.1'
V-3: Rank   0 Line   341 create_remove_items_helper (dirs create): curr_item is './out/test-dir.0-0/mdtest_tree.0/dir.mdtest.0.2'
V-3: Rank   0 Line   341 create_remove_items_helper (dirs create): curr_item is './out/test-dir.0-0/mdtest_tree.0/dir.mdtest.0.3'
V-3: Rank   0 Line   341 create_remove_items_helper (dirs create): curr_item is './out/test-dir.0-0/mdtest_tree.0/dir.mdtest.0.4'
V-3: Rank   0 Line   341 create_remove_items_helper (dirs create): curr_item is './out/test-dir.0-0/mdtest_tree.0/dir.mdtest.0.5'
V-3: Rank   0 Line   341 create_remove_items_helper (dirs create): curr_item is './out/test-dir.0-0/mdtest_tree.0/dir.mdtest.0.6'
V-3: Rank   0 Line   341 create_remove_items_helper (dirs create): curr_item is './out/test-dir.0-0/mdtest_tree.0/dir.mdtest.0.7'
V-3: Rank   0 Line   341 create_remove_items_helper (dirs create): curr_item is './out/test-dir.0-0/mdtest_tree.0/dir.mdtest.0.8'
V-3: Rank   0 Line   341 create_remove_items_helper (dirs create): curr_item is './out/test-dir.0-0/mdtest_tree.0/dir.mdtest.0.9'
V-3: Rank   0 Line   341 create_remove_items_helper (dirs create): curr_item is './out/test-dir.0-0/mdtest_tree.0/dir.mdtest.0.10'
V-3: Rank   0 Line   341 create_remove_items_helper (dirs create): curr_item is './out/test-dir.0-0/mdtest_tree.0/dir.mdtest.0.11'
V-3: Rank   0 Line   341 create_remove_items_helper (dirs create): curr_item is './out/test-dir.0-0/mdtest_tree.0/dir.mdtest.0.12'
V-3: Rank   0 Line   341 create_remove_items_helper (dirs create): curr_item is './out/test-dir.0-0/mdtest_tree.0/dir.mdtest.0.13'
V-3: Rank   0 Line   341 create_remove_items_helper (dirs create): curr_item is './out/test-dir.0-0/mdtest_tree.0/dir.mdtest.0.14'
V-3: Rank   0 Line   341 create_remove_items_helper (dirs create): curr_item is './out/test-dir.0-0/mdtest_tree.0/dir.mdtest.0.15'
V-3: Rank   0 Line   341 create_remove_items_helper (dirs create): curr_item is './out/test-dir.0-0/mdtest_tree.0/dir.mdtest.0.16'
V-3: Rank   0 Line   341 create_remove_items_helper (dirs create): curr_item is './out/test-dir.0-0/mdtest_tree.0/dir.mdtest.0.17'
V-3: Rank   0 Line   341 create_remove_items_helper (dirs create): curr_item is './out/test-dir.0-0/mdtest_tree.0/dir.mdtest.0.18'
V-3: Rank   0 Line   341 create_remove_items_helper (dirs create): curr_item is './out/test-dir.0-0/mdtest_tree.0/dir.mdtest.0.19'
V-3: Rank   0 Line   341 create_remove_items_helper (dirs create): curr_item is './out/test-dir.0-0/mdtest_tree.0/dir.mdtest.0.20'
V-3: Rank   0 Line   341 create_remove_items_helper (dirs create): curr_item is './out/test-dir.0-0/mdtest_tree.0/dir.mdtest.0.21'
V-3: Rank   0 Line   341 create_remove_items_helper (dirs create): curr_item is './out/test-dir.0-0/mdtest_tree.0/dir.mdtest.0.22'
V-3: Rank   0 Line   341 create_remove_items_helper (dirs create): curr_item is './out/test-dir.0-0/mdtest_tree.0/dir.mdtest.0.23'
V-3: Rank   0 Line   341 create_remove_items_helper (dirs create): curr_item is './out/test-dir.0-0/mdtest_tree.0/dir.mdtest.0.24'
V-3: Rank   0 Line   341 create_remove_items_helper (dirs create): curr_item is './out/test-dir.0-0/mdtest_tree.0/dir.mdtest.0.25'
V-3: Rank   0 Line   341 create_remove_items_helper (dirs create): curr_item is './out/test-dir.0-0/mdtest_tree.0/dir.mdtest.0.26'
V-3: Rank   0 Line   341 create_remove_items_helper (dirs create): curr_item is './out/test-dir.0-0/mdtest_tree.0/dir.mdtest.0.27'
V-3: Rank   0 Line   341 create_remove_items_helper (dirs create): curr_item is './out/test-dir.0-0/mdtest_tree.0/dir.mdtest.0.28'
V-3: Rank   0 Line   341 create_remove_items_helper (dirs create): curr_item is './out/test-dir.0-0/mdtest_tree.0/dir.mdtest.0.29'
V-3: Rank   0 Line   341 create_remove_items_helper (dirs create): curr_item is './out/test-dir.0-0/mdtest_tree.0/dir.mdtest.0.30'
V-3: Rank   0 Line   341 create_remove_items_helper (dirs create): curr_item is './out/test-dir.0-0/mdtest_tree.0/dir.mdtest.0.31'
V-3: Rank   0 Line   341 create_remove_items_helper (dirs create): curr_item is './out/test-dir.0-0/mdtest_tree.0/dir.mdtest.0.32'
V-3: Rank   0 Line   341 create_remove_items_helper (dirs create): curr_item is './out/test-dir.0-0/mdtest_tree.0/dir.mdtest.0.33'
V-3: Rank   0 Line   341 create_remove_items_helper (dirs create): curr_item is './out/test-dir.0-0/mdtest_tree.0/dir.mdtest.0.34'
V-3: Rank   0 Line   341 create_remove_items_helper (dirs create): curr_item is './out/test-dir.0-0/mdtest_tree.0/dir.mdtest.0.35'
V-3: Rank   0 Line   341 create_remove_items_helper (dirs create): curr_item is './out/test-dir.0-0/mdtest_tree.0/dir.mdtest.0.36'
V-3: Rank   0 Line   341 create_remove_items_helper (dirs create): curr_item is './out/test-dir.0-0/mdtest_tree.0/dir.mdtest.0.37'
V-3: Rank   0 Line   341 create_remove_items_helper (dirs create): curr_item is './out/test-dir.0-0/mdtest_tree.0/dir.mdtest.0.38'
V-3: Rank   0 Line   341 create_remove_items_helper (dirs create): curr_item is './out/test-dir.0-0/mdtest_tree.0/dir.mdtest.0.39'
V-3: Rank   0 Line   341 create_remove_items_helper (dirs create): curr_item is './out/test-dir.0-0/mdtest_tree.0/dir.mdtest.0.40'
V-3: Rank   0 Line   341 create_remove_items_helper (dirs create): curr_item is './out/test-dir.0-0/mdtest_tree.0/dir.mdtest.0.41'
V-3: Rank   0 Line   341 create_remove_items_helper (dirs create): curr_item is './out/test-dir.0-0/mdtest_tree.0/dir.mdtest.0.42'
V-3: Rank   0 Line   341 create_remove_items_helper (dirs create): curr_item is './out/test-dir.0-0/mdtest_tree.0/dir.mdtest.0.43'
V-3: Rank   0 Line   341 create_remove_items_helper (dirs create): curr_item is './out/test-dir.0-0/mdtest_tree.0/dir.mdtest.0.44'
V-3: Rank   0 Line   341 create_remove_items_helper (dirs create): curr_item is './out/test-dir.0-0/mdtest_tree.0/dir.mdtest.0.45'
V-3: Rank   0 Line   341 create_remove_items_helper (dirs create): curr_item is './out/test-dir.0-0/mdtest_tree.0/dir.mdtest.0.46'
V-3: Rank   0 Line   341 create_remove_items_helper (dirs create): curr_item is './out/test-dir.0-0/mdtest_tree.0/dir.mdtest.0.47'
V-3: Rank   0 Line   341 create_remove_items_helper (dirs create): curr_item is './out/test-dir.0-0/mdtest_tree.0/dir.mdtest.0.48'
V-3: Rank   0 Line   341 create_remove_items_helper (dirs create): curr_item is './out/test-dir.0-0/mdtest_tree.0/dir.mdtest.0.49'
V-3: Rank   0 Line   341 create_remove_items_helper (dirs create): curr_item is './out/test-dir.0-0/mdtest_tree.0/dir.mdtest.0.50'
V-3: Rank   0 Line   341 create_remove_items_helper (dirs create): curr_item is './out/test-dir.0-0/mdtest_tree.0/dir.mdtest.0.51'
V-3: Rank   0 Line   341 create_remove_items_helper (dirs create): curr_item is './out/test-dir.0-0/mdtest_tree.0/dir.mdtest.0.52'
V-3: Rank   0 Line   341 create_remove_items_helper (dirs create): curr_item is './out/test-dir.0-0/mdtest_tree.0/dir.mdtest.0.53'
V-3: Rank   0 Line   341 create_remove_items_helper (dirs create): curr_item is './out/test-dir.0-0/mdtest_tree.0/dir.mdtest.0.54'
V-3: Rank   0 Line   341 create_remove_items_helper (dirs create): curr_item is './out/test-dir.0-0/mdtest_tree.0/dir.mdtest.0.55'
V-3: Rank   0 Line   341 create_remove_items_helper (dirs create): curr_item is './out/test-dir.0-0/mdtest_tree.0/dir.mdtest.0.56'
V-3: Rank   0 Line   341 create_remove_items_helper (dirs create): curr_item is './out/test-dir.0-0/mdtest_tree.0/dir.mdtest.0.57'
V-3: Rank   0 Line   341 create_remove_items_helper (dirs create): curr_item is './out/test-dir.0-0/mdtest_tree.0/dir.mdtest.0.58'
V-3: Rank   0 Line   341 create_remove_items_helper (dirs create): curr_item is './out/test-dir.0-0/mdtest_tree.0/dir.mdtest.0.59'
V-3: Rank   0 Line  1043 directory_test: read path is './out/test-dir.0-0/mdtest_tree.0'
V-3: Rank   0 Line  1098 directory_test: remove directories path is './out/test-dir.0-0/mdtest_tree.0'
V-1: Rank   0 Line   514 Entering create_remove_items on ./out/test-dir.0-0/mdtest_tree.0, currDepth = 0...
V-3: Rank   0 Line   520 create_remove_items (start): temp_path is './out/test-dir.0-0/mdtest_tree.0'
V-1: Rank   0 Line   445 Entering create_remove_items_helper on ./out/test-dir.0-0/mdtest_tree.0
V-3: Rank   0 Line   341 create_remove_items_helper (dirs remove): curr_item is './out/test-dir.0-0/mdtest_tree.0/dir.mdtest.0.0'
V-3: Rank   0 Line   341 create_remove_items_helper (dirs remove): curr_item is './out/test-dir.0-0/mdtest_tree.0/dir.mdtest.0.1'
V-3: Rank   0 Line   341 create_remove_items_helper (dirs remove): curr_item is './out/test-dir.0-0/mdtest_tree.0/dir.mdtest.0.2'
V-3: Rank   0 Line   341 create_remove_items_helper (dirs remove): curr_item is './out/test-dir.0-0/mdtest_tree.0/dir.mdtest.0.3'
V-3: Rank   0 Line   341 create_remove_items_helper (dirs remove): curr_item is './out/test-dir.0-0/mdtest_tree.0/dir.mdtest.0.4'
V-3: Rank   0 Line   341 create_remove_items_helper (dirs remove): curr_item is './out/test-dir.0-0/mdtest_tree.0/dir.mdtest.0.5'
V-3: Rank   0 Line   341 create_remove_items_helper (dirs remove): curr_item is './out/test-dir.0-0/mdtest_tree.0/dir.mdtest.0.6'
V-3: Rank   0 Line   341 create_remove_items_helper (dirs remove): curr_item is './out/test-dir.0-0/mdtest_tree.0/dir.mdtest.0.7'
V-3: Rank   0 Line   341 create_remove_items_helper (dirs remove): curr_item is './out/test-dir.0-0/mdtest_tree.0/dir.mdtest.0.8'
V-3: Rank   0 Line   341 create_remove_items_helper (dirs remove): curr_item is './out/test-dir.0-0/mdtest_tree.0/dir.mdtest.0.9'
V-3: Rank   0 Line   341 create_remove_items_helper (dirs remove): curr_item is './out/test-dir.0-0/mdtest_tree.0/dir.mdtest.0.10'
V-3: Rank   0 Line   341 create_remove_items_helper (dirs remove): curr_item is './out/test-dir.0-0/mdtest_tree.0/dir.mdtest.0.11'
V-3: Rank   0 Line   341 create_remove_items_helper (dirs remove): curr_item is './out/test-dir.0-0/mdtest_tree.0/dir.mdtest.0.12'
V-3: Rank   0 Line   341 create_remove_items_helper (dirs remove): curr_item is './out/test-dir.0-0/mdtest_tree.0/dir.mdtest.0.13'
V-3: Rank   0 Line   341 create_remove_items_helper (dirs remove): curr_item is './out/test-dir.0-0/mdtest_tree.0/dir.mdtest.0.14'
V-3: Rank   0 Line   341 create_remove_items_helper (dirs remove): curr_item is './out/test-dir.0-0/mdtest_tree.0/dir.mdtest.0.15'
V-3: Rank   0 Line   341 create_remove_items_helper (dirs remove): curr_item is './out/test-dir.0-0/mdtest_tree.0/dir.mdtest.0.16'
V-3: Rank   0 Line   341 create_remove_items_helper (dirs remove): curr_item is './out/test-dir.0-0/mdtest_tree.0/dir.mdtest.0.17'
V-3: Rank   0 Line   341 create_remove_items_helper (dirs remove): curr_item is './out/test-dir.0-0/mdtest_tree.0/dir.mdtest.0.18'
V-3: Rank   0 Line   341 create_remove_items_helper (dirs remove): curr_item is './out/test-dir.0-0/mdtest_tree.0/dir.mdtest.0.19'
V-3: Rank   0 Line   341 create_remove_items_helper (dirs remove): curr_item is './out/test-dir.0-0/mdtest_tree.0/dir.mdtest.0.20'
V-3: Rank   0 Line   341 create_remove_items_helper (dirs remove): curr_item is './out/test-dir.0-0/mdtest_tree.0/dir.mdtest.0.21'
V-3: Rank   0 Line   341 create_remove_items_helper (dirs remove): curr_item is './out/test-dir.0-0/mdtest_tree.0/dir.mdtest.0.22'
V-3: Rank   0 Line   341 create_remove_items_helper (dirs remove): curr_item is './out/test-dir.0-0/mdtest_tree.0/dir.mdtest.0.23'
V-3: Rank   0 Line   341 create_remove_items_helper (dirs remove): curr_item is './out/test-dir.0-0/mdtest_tree.0/dir.mdtest.0.24'
V-3: Rank   0 Line   341 create_remove_items_helper (dirs remove): curr_item is './out/test-dir.0-0/mdtest_tree.0/dir.mdtest.0.25'
V-3: Rank   0 Line   341 create_remove_items_helper (dirs remove): curr_item is './out/test-dir.0-0/mdtest_tree.0/dir.mdtest.0.26'
V-3: Rank   0 Line   341 create_remove_items_helper (dirs remove): curr_item is './out/test-dir.0-0/mdtest_tree.0/dir.mdtest.0.27'
V-3: Rank   0 Line   341 create_remove_items_helper (dirs remove): curr_item is './out/test-dir.0-0/mdtest_tree.0/dir.mdtest.0.28'
V-3: Rank   0 Line   341 create_remove_items_helper (dirs remove): curr_item is './out/test-dir.0-0/mdtest_tree.0/dir.mdtest.0.29'
V-3: Rank   0 Line   341 create_remove_items_helper (dirs remove): curr_item is './out/test-dir.0-0/mdtest_tree.0/dir.mdtest.0.30'
V-3: Rank   0 Line   341 create_remove_items_helper (dirs remove): curr_item is './out/test-dir.0-0/mdtest_tree.0/dir.mdtest.0.31'
V-3: Rank   0 Line   341 create_remove_items_helper (dirs remove): curr_item is './out/test-dir.0-0/mdtest_tree.0/dir.mdtest.0.32'
V-3: Rank   0 Line   341 create_remove_items_helper (dirs remove): curr_item is './out/test-dir.0-0/mdtest_tree.0/dir.mdtest.0.33'
V-3: Rank   0 Line   341 create_remove_items_helper (dirs remove): curr_item is './out/test-dir.0-0/mdtest_tree.0/dir.mdtest.0.34'
V-3: Rank   0 Line   341 create_remove_items_helper (dirs remove): curr_item is './out/test-dir.0-0/mdtest_tree.0/dir.mdtest.0.35'
V-3: Rank   0 Line   341 create_remove_items_helper (dirs remove): curr_item is './out/test-dir.0-0/mdtest_tree.0/dir.mdtest.0.36'
V-3: Rank   0 Line   341 create_remove_items_helper (dirs remove): curr_item is './out/test-dir.0-0/mdtest_tree.0/dir.mdtest.0.37'
V-3: Rank   0 Line   341 create_remove_items_helper (dirs remove): curr_item is './out/test-dir.0-0/mdtest_tree.0/dir.mdtest.0.38'
V-3: Rank   0 Line   341 create_remove_items_helper (dirs remove): curr_item is './out/test-dir.0-0/mdtest_tree.0/dir.mdtest.0.39'
V-3: Rank   0 Line   341 create_remove_items_helper (dirs remove): curr_item is './out/test-dir.0-0/mdtest_tree.0/dir.mdtest.0.40'
V-3: Rank   0 Line   341 create_remove_items_helper (dirs remove): curr_item is './out/test-dir.0-0/mdtest_tree.0/dir.mdtest.0.41'
V-3: Rank   0 Line   341 create_remove_items_helper (dirs remove): curr_item is './out/test-dir.0-0/mdtest_tree.0/dir.mdtest.0.42'
V-3: Rank   0 Line   341 create_remove_items_helper (dirs remove): curr_item is './out/test-dir.0-0/mdtest_tree.0/dir.mdtest.0.43'
V-3: Rank   0 Line   341 create_remove_items_helper (dirs remove): curr_item is './out/test-dir.0-0/mdtest_tree.0/dir.mdtest.0.44'
V-3: Rank   0 Line   341 create_remove_items_helper (dirs remove): curr_item is './out/test-dir.0-0/mdtest_tree.0/dir.mdtest.0.45'
V-3: Rank   0 Line   341 create_remove_items_helper (dirs remove): curr_item is './out/test-dir.0-0/mdtest_tree.0/dir.mdtest.0.46'
V-3: Rank   0 Line   341 create_remove_items_helper (dirs remove): curr_item is './out/test-dir.0-0/mdtest_tree.0/dir.mdtest.0.47'
V-3: Rank   0 Line   341 create_remove_items_helper (dirs remove): curr_item is './out/test-dir.0-0/mdtest_tree.0/dir.mdtest.0.48'
V-3: Rank   0 Line   341 create_remove_items_helper (dirs remove): curr_item is './out/test-dir.0-0/mdtest_tree.0/dir.mdtest.0.49'
V-3: Rank   0 Line   341 create_remove_items_helper (dirs remove): curr_item is './out/test-dir.0-0/mdtest_tree.0/dir.mdtest.0.50'
V-3: Rank   0 Line   341 create_remove_items_helper (dirs remove): curr_item is './out/test-dir.0-0/mdtest_tree.0/dir.mdtest.0.51'
V-3: Rank   0 Line   341 create_remove_items_helper (dirs remove): curr_item is './out/test-dir.0-0/mdtest_tree.0/dir.mdtest.0.52'
V-3: Rank   0 Line   341 create_remove_items_helper (dirs remove): curr_item is './out/test-dir.0-0/mdtest_tree.0/dir.mdtest.0.53'
V-3: Rank   0 Line   341 create_remove_items_helper (dirs remove): curr_item is './out/test-dir.0-0/mdtest_tree.0/dir.mdtest.0.54'
V-3: Rank   0 Line   341 create_remove_items_helper (dirs remove): curr_item is './out/test-dir.0-0/mdtest_tree.0/dir.mdtest.0.55'
V-3: Rank   0 Line   341 create_remove_items_helper (dirs remove): curr_item is './out/test-dir.0-0/mdtest_tree.0/dir.mdtest.0.56'
V-3: Rank   0 Line   341 create_remove_items_helper (dirs remove): curr_item is './out/test-dir.0-0/mdtest_tree.0/dir.mdtest.0.57'
V-3: Rank   0 Line   341 create_remove_items_helper (dirs remove): curr_item is './out/test-dir.0-0/mdtest_tree.0/dir.mdtest.0.58'
V-3: Rank   0 Line   341 create_remove_items_helper (dirs remove): curr_item is './out/test-dir.0-0/mdtest_tree.0/dir.mdtest.0.59'
V-3: Rank   0 Line  1122 directory_test: remove unique directories path is './out/test-dir.0-0/mdtest_tree.0'

V-1: Rank   0 Line  1125    Directory creation:          0.000 sec,     469511.642 ops/sec
V-1: Rank   0 Line  1126    Directory stat    :          0.000 sec,          0.000 ops/sec
V-1: Rank   0 Line  1127    Directory rename :          0.000 sec,          0.000 ops/sec
V-1: Rank   0 Line  1128    Directory removal :          0.000 sec,     472154.296 ops/sec
V-3: Rank   0 Line  2171 will file_test on mdtest_tree.0
V-3: Rank   0 Line  1249 Entering file_test on mdtest_tree.0
V-3: Rank   0 Line  1204 file_test: create path is './out/test-dir.0-0/mdtest_tree.0'
V-1: Rank   0 Line   514 Entering create_remove_items on ./out/test-dir.0-0/mdtest_tree.0, currDepth = 0...
V-3: Rank   0 Line   520 create_remove_items (start): temp_path is './out/test-dir.0-0/mdtest_tree.0'
V-1: Rank   0 Line   445 Entering create_remove_items_helper on ./out/test-dir.0-0/mdtest_tree.0
V-3: Rank   0 Line   380 create_remove_items_helper (non-dirs create): curr_item is './out/test-dir.0-0/mdtest_tree.0/file.mdtest.0.0'
V-3: Rank   0 Line   405 create_remove_items_helper (non-collective, shared): open...
DUMMY create: ./out/test-dir.0-0/mdtest_tree.0/file.mdtest.0.0 = 0x1
V-3: Rank   0 Line   437 create_remove_items_helper: close...
DUMMY close 0x1
V-3: Rank   0 Line   380 create_remove_items_helper (non-dirs create): curr_item is './out/test-dir.0-0/mdtest_tree.0/file.mdtest.0.1'
V-3: Rank   0 Line   405 create_remove_items_helper (non-collective, shared): open...
DUMMY create: ./out/test-dir.0-0/mdtest_tree.0/file.mdtest.0.1 = 0x2
V-3: Rank   0 Line   437 create_remove_items_helper: close...
DUMMY close 0x2
V-3: Rank   0 Line   380 create_remove_items_helper (non-dirs create): curr_item is './out/test-dir.0-0/mdtest_tree.0/file.mdtest.0.2'
V-3: Rank   0 Line   405 create_remove_items_helper (non-collective, shared): open...
DUMMY create: ./out/test-dir.0-0/mdtest_tree.0/file.mdtest.0.2 = 0x3
V-3: Rank   0 Line   437 create_remove_items_helper: close...
DUMMY close 0x3
V-3: Rank   0 Line   380 create_remove_items_helper (non-dirs create): curr_item is './out/test-dir.0-0/mdtest_tree.0/file.mdtest.0.3'
V-3: Rank   0 Line   405 create_remove_items_helper (non-collective, shared): open...
DUMMY create: ./out/test-dir.0-0/mdtest_tree.0/file.mdtest.0.3 = 0x4
V-3: Rank   0 Line   437 create_remove_items_helper: close...
DUMMY close 0x4
V-3: Rank   0 Line   380 create_remove_items_helper (non-dirs create): curr_item is './out/test-dir.0-0/mdtest_tree.0/file.mdtest.0.4'
V-3: Rank   0 Line   405 create_remove_items_helper (non-collective, shared): open...
DUMMY create: ./out/test-dir.0-0/mdtest_tree.0/file.mdtest.0.4 = 0x5
V-3: Rank   0 Line   437 create_remove_items_helper: close...
DUMMY close 0x5
V-3: Rank   0 Line   380 create_remove_items_helper (non-dirs create): curr_item is './out/test-dir.0-0/mdtest_tree.0/file.mdtest.0.5'
V-3: Rank   0 Line   405 create_remove_items_helper (non-collective, shared): open...
DUMMY create: ./out/test-dir.0-0/mdtest_tree.0/file.mdtest.0.5 = 0x6
V-3: Rank   0 Line   437 create_remove_items_helper: close...
DUMMY close 0x6
V-3: Rank   0 Line   380 create_remove_items_helper (non-dirs create): curr_item is './out/test-dir.0-0/mdtest_tree.0/file.mdtest.0.6'
V-3: Rank   0 Line   405 create_remove_items_helper (non-collective, shared): open...
DUMMY create: ./out/test-dir.0-0/mdtest_tree.0/file.mdtest.0.6 = 0x7
V-3: Rank   0 Line   437 create_remove_items_helper: close...
DUMMY close 0x7
V-3: Rank   0 Line   380 create_remove_items_helper (non-dirs create): curr_item is './out/test-dir.0-0/mdtest_tree.0/file.mdtest.0.7'
V-3: Rank   0 Line   405 create_remove_items_helper (non-collective, shared): open...
DUMMY create: ./out/test-dir.0-0/mdtest_tree.0/file.mdtest.0.7 = 0x8
V-3: Rank   0 Line   437 create_remove_items_helper: close...
DUMMY close 0x8
V-3: Rank   0 Line   380 create_remove_items_helper (non-dirs create): curr_item is './out/test-dir.0-0/mdtest_tree.0/file.mdtest.0.8'
V-3: Rank   0 Line   405 create_remove_items_helper (non-collective, shared): open...
DUMMY create: ./out/test-dir.0-0/mdtest_tree.0/file.mdtest.0.8 = 0x9
V-3: Rank   0 Line   437 create_remove_items_helper: close...
DUMMY close 0x9
V-3: Rank   0 Line   380 create_remove_items_helper (non-dirs create): curr_item is './out/test-dir.0-0/mdtest_tree.0/file.mdtest.0.9'
V-3: Rank   0 Line   405 create_remove_items_helper (non-collective, shared): open...
DUMMY create: ./out/test-dir.0-0/mdtest_tree.0/file.mdtest.0.9 = 0xa
V-3: Rank   0 Line   437 create_remove_items_helper: close...
DUMMY close 0xa
V-3: Rank   0 Line   380 create_remove_items_helper (non-dirs create): curr_item is './out/test-dir.0-0/mdtest_tree.0/file.mdtest.0.10'
V-3: Rank   0 Line   405 create_remove_items_helper (non-collective, shared): open...
DUMMY create: ./out/test-dir.0-0/mdtest_tree.0/file.mdtest.0.10 = 0xb
V-3: Rank   0 Line   437 create_remove_items_helper: close...
DUMMY close 0xb
V-3: Rank   0 Line   380 create_remove_items_helper (non-dirs create): curr_item is './out/test-dir.0-0/mdtest_tree.0/file.mdtest.0.11'
V-3: Rank   0 Line   405 create_remove_items_helper (non-collective, shared): open...
DUMMY create: ./out/test-dir.0-0/mdtest_tree.0/file.mdtest.0.11 = 0xc
V-3: Rank   0 Line   437 create_remove_items_helper: close...
DUMMY close 0xc
V-3: Rank   0 Line   380 create_remove_items_helper (non-dirs create): curr_item is './out/test-dir.0-0/mdtest_tree.0/file.mdtest.0.12'
V-3: Rank   0 Line   405 create_remove_items_helper (non-collective, shared): open...
DUMMY create: ./out/test-dir.0-0/mdtest_tree.0/file.mdtest.0.12 = 0xd
V-3: Rank   0 Line   437 create_remove_items_helper: close...
DUMMY close 0xd
V-3: Rank   0 Line   380 create_remove_items_helper (non-dirs create): curr_item is './out/test-dir.0-0/mdtest_tree.0/file.mdtest.0.13'
V-3: Rank   0 Line   405 create_remove_items_helper (non-collective, shared): open...
DUMMY create: ./out/test-dir.0-0/mdtest_tree.0/file.mdtest.0.13 = 0xe
V-3: Rank   0 Line   437 create_remove_items_helper: close...
DUMMY close 0xe
V-3: Rank   0 Line   380 create_remove_items_helper (non-dirs create): curr_item is './out/test-dir.0-0/mdtest_tree.0/file.mdtest.0.14'
V-3: Rank   0 Line   405 create_remove_items_helper (non-collective, shared): open...
DUMMY create: ./out/test-dir.0-0/mdtest_tree.0/file.mdtest.0.14 = 0xf
V-3: Rank   0 Line   437 create_remove_items_helper: close...
DUMMY close 0xf
V-3: Rank   0 Line   380 create_remove_items_helper (non-dirs create): curr_item is './out/test-dir.0-0/mdtest_tree.0/file.mdtest.0.15'
V-3: Rank   0 Line   405 create_remove_items_helper (non-collective, shared): open...
DUMMY create: ./out/test-dir.0-0/mdtest_tree.0/file.mdtest.0.15 = 0x10
V-3: Rank   0 Line   437 create_remove_items_helper: close...
DUMMY close 0x10
V-3: Rank   0 Line   380 create_remove_items_helper (non-dirs create): curr_item is './out/test-dir.0-0/mdtest_tree.0/file.mdtest.0.16'
V-3: Rank   0 Line   405 create_remove_items_helper (non-collective, shared): open...
DUMMY create: ./out/test-dir.0-0/mdtest_tree.0/file.mdtest.0.16 = 0x11
V-3: Rank   0 Line   437 create_remove_items_helper: close...
DUMMY close 0x11
V-3: Rank   0 Line   380 create_remove_items_helper (non-dirs create): curr_item is './out/test-dir.0-0/mdtest_tree.0/file.mdtest.0.17'
V-3: Rank   0 Line   405 create_remove_items_helper (non-collective, shared): open...
DUMMY create: ./out/test-dir.0-0/mdtest_tree.0/file.mdtest.0.17 = 0x12
V-3: Rank   0 Line   437 create_remove_items_helper: close...
DUMMY close 0x12
V-3: Rank   0 Line   380 create_remove_items_helper (non-dirs create): curr_item is './out/test-dir.0-0/mdtest_tree.0/file.mdtest.0.18'
V-3: Rank   0 Line   405 create_remove_items_helper (non-collective, shared): open...
DUMMY create: ./out/test-dir.0-0/mdtest_tree.0/file.mdtest.0.18 = 0x13
V-3: Rank   0 Line   437 create_remove_items_helper: close...
DUMMY close 0x13
V-3: Rank   0 Line   380 create_remove_items_helper (non-dirs create): curr_item is './out/test-dir.0-0/mdtest_tree.0/file.mdtest.0.19'
V-3: Rank   0 Line   405 create_remove_items_helper (non-collective, shared): open...
DUMMY create: ./out/test-dir.0-0/mdtest_tree.0/file.mdtest.0.19 = 0x14
V-3: Rank   0 Line   437 create_remove_items_helper: close...
DUMMY close 0x14
V-3: Rank   0 Line   380 create_remove_items_helper (non-dirs create): curr_item is './out/test-dir.0-0/mdtest_tree.0/file.mdtest.0.20'
V-3: Rank   0 Line   405 create_remove_items_helper (non-collective, shared): open...
DUMMY create: ./out/test-dir.0-0/mdtest_tree.0/file.mdtest.0.20 = 0x15
V-3: Rank   0 Line   437 create_remove_items_helper: close...
DUMMY close 0x15
V-3: Rank   0 Line   380 create_remove_items_helper (non-dirs create): curr_item is './out/test-dir.0-0/mdtest_tree.0/file.mdtest.0.21'
V-3: Rank   0 Line   405 create_remove_items_helper (non-collective, shared): open...
DUMMY create: ./out/test-dir.0-0/mdtest_tree.0/file.mdtest.0.21 = 0x16
V-3: Rank   0 Line   437 create_remove_items_helper: close...
DUMMY close 0x16
V-3: Rank   0 Line   380 create_remove_items_helper (non-dirs create): curr_item is './out/test-dir.0-0/mdtest_tree.0/file.mdtest.0.22'
V-3: Rank   0 Line   405 create_remove_items_helper (non-collective, shared): open...
DUMMY create: ./out/test-dir.0-0/mdtest_tree.0/file.mdtest.0.22 = 0x17
V-3: Rank   0 Line   437 create_remove_items_helper: close...
DUMMY close 0x17
V-3: Rank   0 Line   380 create_remove_items_helper (non-dirs create): curr_item is './out/test-dir.0-0/mdtest_tree.0/file.mdtest.0.23'
V-3: Rank   0 Line   405 create_remove_items_helper (non-collective, shared): open...
DUMMY create: ./out/test-dir.0-0/mdtest_tree.0/file.mdtest.0.23 = 0x18
V-3: Rank   0 Line   437 create_remove_items_helper: close...
DUMMY close 0x18
V-3: Rank   0 Line   380 create_remove_items_helper (non-dirs create): curr_item is './out/test-dir.0-0/mdtest_tree.0/file.mdtest.0.24'
V-3: Rank   0 Line   405 create_remove_items_helper (non-collective, shared): open...
DUMMY create: ./out/test-dir.0-0/mdtest_tree.0/file.mdtest.0.24 = 0x19
V-3: Rank   0 Line   437 create_remove_items_helper: close...
DUMMY close 0x19
V-3: Rank   0 Line   380 create_remove_items_helper (non-dirs create): curr_item is './out/test-dir.0-0/mdtest_tree.0/file.mdtest.0.25'
V-3: Rank   0 Line   405 create_remove_items_helper (non-collective, shared): open...
DUMMY create: ./out/test-dir.0-0/mdtest_tree.0/file.mdtest.0.25 = 0x1a
V-3: Rank   0 Line   437 create_remove_items_helper: close...
DUMMY close 0x1a
V-3: Rank   0 Line   380 create_remove_items_helper (non-dirs create): curr_item is './out/test-dir.0-0/mdtest_tree.0/file.mdtest.0.26'
V-3: Rank   0 Line   405 create_remove_items_helper (non-collective, shared): open...
DUMMY create: ./out/test-dir.0-0/mdtest_tree.0/file.mdtest.0.26 = 0x1b
V-3: Rank   0 Line   437 create_remove_items_helper: close...
DUMMY close 0x1b
V-3: Rank   0 Line   380 create_remove_items_helper (non-dirs create): curr_item is './out/test-dir.0-0/mdtest_tree.0/file.mdtest.0.27'
V-3: Rank   0 Line   405 create_remove_items_helper (non-collective, shared): open...
DUMMY create: ./out/test-dir.0-0/mdtest_tree.0/file.mdtest.0.27 = 0x1c
V-3: Rank   0 Line   437 create_remove_items_helper: close...
DUMMY close 0x1c
V-3: Rank   0 Line   380 create_remove_items_helper (non-dirs create): curr_item is './out/test-dir.0-0/mdtest_tree.0/file.mdtest.0.28'
V-3: Rank   0 Line   405 create_remove_items_helper (non-collective, shared): open...
DUMMY create: ./out/test-dir.0-0/mdtest_tree.0/file.mdtest.0.28 = 0x1d
V-3: Rank   0 Line   437 create_remove_items_helper: close...
DUMMY close 0x1d
V-3: Rank   0 Line   380 create_remove_items_helper (non-dirs create): curr_item is './out/test-dir.0-0/mdtest_tree.0/file.mdtest.0.29'
V-3: Rank   0 Line   405 create_remove_items_helper (non-collective, shared): open...
DUMMY create: ./out/test-dir.0-0/mdtest_tree.0/file.mdtest.0.29 = 0x1e
V-3: Rank   0 Line   437 create_remove_items_helper: close...
DUMMY close 0x1e
V-3: Rank   0 Line   380 create_remove_items_helper (non-dirs create): curr_item is './out/test-dir.0-0/mdtest_tree.0/file.mdtest.0.30'
V-3: Rank   0 Line   405 create_remove_items_helper (non-collective, shared): open...
DUMMY create: ./out/test-dir.0-0/mdtest_tree.0/file.mdtest.0.30 = 0x1f
V-3: Rank   0 Line   437 create_remove_items_helper: close...
DUMMY close 0x1f
V-3: Rank   0 Line   380 create_remove_items_helper (non-dirs create): curr_item is './out/test-dir.0-0/mdtest_tree.0/file.mdtest.0.31'
V-3: Rank   0 Line   405 create_remove_items_helper (non-collective, shared): open...
DUMMY create: ./out/test-dir.0-0/mdtest_tree.0/file.mdtest.0.31 = 0x20
V-3: Rank   0 Line   437 create_remove_items_helper: close...
DUMMY close 0x20
V-3: Rank   0 Line   380 create_remove_items_helper (non-dirs create): curr_item is './out/test-dir.0-0/mdtest_tree.0/file.mdtest.0.32'
V-3: Rank   0 Line   405 create_remove_items_helper (non-collective, shared): open...
DUMMY create: ./out/test-dir.0-0/mdtest_tree.0/file.mdtest.0.32 = 0x21
V-3: Rank   0 Line   437 create_remove_items_helper: close...
DUMMY close 0x21
V-3: Rank   0 Line   380 create_remove_items_helper (non-dirs create): curr_item is './out/test-dir.0-0/mdtest_tree.0/file.mdtest.0.33'
V-3: Rank   0 Line   405 create_remove_items_helper (non-collective, shared): open...
DUMMY create: ./out/test-dir.0-0/mdtest_tree.0/file.mdtest.0.33 = 0x22
V-3: Rank   0 Line   437 create_remove_items_helper: close...
DUMMY close 0x22
V-3: Rank   0 Line   380 create_remove_items_helper (non-dirs create): curr_item is './out/test-dir.0-0/mdtest_tree.0/file.mdtest.0.34'
V-3: Rank   0 Line   405 create_remove_items_helper (non-collective, shared): open...
DUMMY create: ./out/test-dir.0-0/mdtest_tree.0/file.mdtest.0.34 = 0x23
V-3: Rank   0 Line   437 create_remove_items_helper: close...
DUMMY close 0x23
V-3: Rank   0 Line   380 create_remove_items_helper (non-dirs create): curr_item is './out/test-dir.0-0/mdtest_tree.0/file.mdtest.0.35'
V-3: Rank   0 Line   405 create_remove_items_helper (non-collective, shared): open...
DUMMY create: ./out/test-dir.0-0/mdtest_tree.0/file.mdtest.0.35 = 0x24
V-3: Rank   0 Line   437 create_remove_items_helper: close...
DUMMY close 0x24
V-3: Rank   0 Line   380 create_remove_items_helper (non-dirs create): curr_item is './out/test-dir.0-0/mdtest_tree.0/file.mdtest.0.36'
V-3: Rank   0 Line   405 create_remove_items_helper (non-collective, shared): open...
DUMMY create: ./out/test-dir.0-0/mdtest_tree.0/file.mdtest.0.36 = 0x25
V-3: Rank   0 Line   437 create_remove_items_helper: close...
DUMMY close 0x25
V-3: Rank   0 Line   380 create_remove_items_helper (non-dirs create): curr_item is './out/test-dir.0-0/mdtest_tree.0/file.mdtest.0.37'
V-3: Rank   0 Line   405 create_remove_items_helper (non-collective, shared): open...
DUMMY create: ./out/test-dir.0-0/mdtest_tree.0/file.mdtest.0.37 = 0x26
V-3: Rank   0 Line   437 create_remove_items_helper: close...
DUMMY close 0x26
V-3: Rank   0 Line   380 create_remove_items_helper (non-dirs create): curr_item is './out/test-dir.0-0/mdtest_tree.0/file.mdtest.0.38'
V-3: Rank   0 Line   405 create_remove_items_helper (non-collective, shared): open...
DUMMY create: ./out/test-dir.0-0/mdtest_tree.0/file.mdtest.0.38 = 0x27
V-3: Rank   0 Line   437 create_remove_items_helper: close...
DUMMY close 0x27
V-3: Rank   0 Line   380 create_remove_items_helper (non-dirs create): curr_item is './out/test-dir.0-0/mdtest_tree.0/file.mdtest.0.39'
V-3: Rank   0 Line   405 create_remove_items_helper (non-collective, shared): open...
DUMMY create: ./out/test-dir.0-0/mdtest_tree.0/file.mdtest.0.39 = 0x28
V-3: Rank   0 Line   437 create_remove_items_helper: close...
DUMMY close 0x28
V-3: Rank   0 Line   380 create_remove_items_helper (non-dirs create): curr_item is './out/test-dir.0-0/mdtest_tree.0/file.mdtest.0.40'
V-3: Rank   0 Line   405 create_remove_items_helper (non-collective, shared): open...
DUMMY create: ./out/test-dir.0-0/mdtest_tree.0/file.mdtest.0.40 = 0x29
V-3: Rank   0 Line   437 create_remove_items_helper: close...
DUMMY close 0x29
V-3: Rank   0 Line   380 create_remove_items_helper (non-dirs create): curr_item is './out/test-dir.0-0/mdtest_tree.0/file.mdtest.0.41'
V-3: Rank   0 Line   405 create_remove_items_helper (non-collective, shared): open...
DUMMY create: ./out/test-dir.0-0/mdtest_tree.0/file.mdtest.0.41 = 0x2a
V-3: Rank   0 Line   437 create_remove_items_helper: close...
DUMMY close 0x2a
V-3: Rank   0 Line   380 create_remove_items_helper (non-dirs create): curr_item is './out/test-dir.0-0/mdtest_tree.0/file.mdtest.0.42'
V-3: Rank   0 Line   405 create_remove_items_helper (non-collective, shared): open...
DUMMY create: ./out/test-dir.0-0/mdtest_tree.0/file.mdtest.0.42 = 0x2b
V-3: Rank   0 Line   437 create_remove_items_helper: close...
DUMMY close 0x2b
V-3: Rank   0 Line   380 create_remove_items_helper (non-dirs create): curr_item is './out/test-dir.0-0/mdtest_tree.0/file.mdtest.0.43'
V-3: Rank   0 Line   405 create_remove_items_helper (non-collective, shared): open...
DUMMY create: ./out/test-dir.0-0/mdtest_tree.0/file.mdtest.0.43 = 0x2c
V-3: Rank   0 Line   437 create_remove_items_helper: close...
DUMMY close 0x2c
V-3: Rank   0 Line   380 create_remove_items_helper (non-dirs create): curr_item is './out/test-dir.0-0/mdtest_tree.0/file.mdtest.0.44'
V-3: Rank   0 Line   405 create_remove_items_helper (non-collective, shared): open...
DUMMY create: ./out/test-dir.0-0/mdtest_tree.0/file.mdtest.0.44 = 0x2d
V-3: Rank   0 Line   437 create_remove_items_helper: close...
DUMMY close 0x2d
V-3: Rank   0 Line   380 create_remove_items_helper (non-dirs create): curr_item is './out/test-dir.0-0/mdtest_tree.0/file.mdtest.0.45'
V-3: Rank   0 Line   405 create_remove_items_helper (non-collective, shared): open...
DUMMY create: ./out/test-dir.0-0/mdtest_tree.0/file.mdtest.0.45 = 0x2e
V-3: Rank   0 Line   437 create_remove_items_helper: close...
DUMMY close 0x2e
V-3: Rank   0 Line   380 create_remove_items_helper (non-dirs create): curr_item is './out/test-dir.0-0/mdtest_tree.0/file.mdtest.0.46'
V-3: Rank   0 Line   405 create_remove_items_helper (non-collective, shared): open...
DUMMY create: ./out/test-dir.0-0/mdtest_tree.0/file.mdtest.0.46 = 0x2f
V-3: Rank   0 Line   437 create_remove_items_helper: close...
DUMMY close 0x2f
V-3: Rank   0 Line   380 create_remove_items_helper (non-dirs create): curr_item is './out/test-dir.0-0/mdtest_tree.0/file.mdtest.0.47'
V-3: Rank   0 Line   405 create_remove_items_helper (non-collective, shared): open...
DUMMY create: ./out/test-dir.0-0/mdtest_tree.0/file.mdtest.0.47 = 0x30
V-3: Rank   0 Line   437 create_remove_items_helper: close...
DUMMY close 0x30
V-3: Rank   0 Line   380 create_remove_items_helper (non-dirs create): curr_item is './out/test-dir.0-0/mdtest_tree.0/file.mdtest.0.48'
V-3: Rank   0 Line   405 create_remove_items_helper (non-collective, shared): open...
DUMMY create: ./out/test-dir.0-0/mdtest_tree.0/file.mdtest.0.48 = 0x31
V-3: Rank   0 Line   437 create_remove_items_helper: close...
DUMMY close 0x31
V-3: Rank   0 Line   380 create_remove_items_helper (non-dirs create): curr_item is './out/test-dir.0-0/mdtest_tree.0/file.mdtest.0.49'
V-3: Rank   0 Line   405 create_remove_items_helper (non-collective, shared): open...
DUMMY create: ./out/test-dir.0-0/mdtest_tree.0/file.mdtest.0.49 = 0x32
V-3: Rank   0 Line   437 create_remove_items_helper: close...
DUMMY close 0x32
V-3: Rank   0 Line   380 create_remove_items_helper (non-dirs create): curr_item is './out/test-dir.0-0/mdtest_tree.0/file.mdtest.0.50'
V-3: Rank   0 Line   405 create_remove_items_helper (non-collective, shared): open...
DUMMY create: ./out/test-dir.0-0/mdtest_tree.0/file.mdtest.0.50 = 0x33
V-3: Rank   0 Line   437 create_remove_items_helper: close...
DUMMY close 0x33
V-3: Rank   0 Line   380 create_remove_items_helper (non-dirs create): curr_item is './out/test-dir.0-0/mdtest_tree.0/file.mdtest.0.51'
V-3: Rank   0 Line   405 create_remove_items_helper (non-collective, shared): open...
DUMMY create: ./out/test-dir.0-0/mdtest_tree.0/file.mdtest.0.51 = 0x34
V-3: Rank   0 Line   437 create_remove_items_helper: close...
DUMMY close 0x34
V-3: Rank   0 Line   380 create_remove_items_helper (non-dirs create): curr_item is './out/test-dir.0-0/mdtest_tree.0/file.mdtest.0.52'
V-3: Rank   0 Line   405 create_remove_items_helper (non-collective, shared): open...
DUMMY create: ./out/test-dir.0-0/mdtest_tree.0/file.mdtest.0.52 = 0x35
V-3: Rank   0 Line   437 create_remove_items_helper: close...
DUMMY close 0x35
V-3: Rank   0 Line   380 create_remove_items_helper (non-dirs create): curr_item is './out/test-dir.0-0/mdtest_tree.0/file.mdtest.0.53'
V-3: Rank   0 Line   405 create_remove_items_helper (non-collective, shared): open...
DUMMY create: ./out/test-dir.0-0/mdtest_tree.0/file.mdtest.0.53 = 0x36
V-3: Rank   0 Line   437 create_remove_items_helper: close...
DUMMY close 0x36
V-3: Rank   0 Line   380 create_remove_items_helper (non-dirs create): curr_item is './out/test-dir.0-0/mdtest_tree.0/file.mdtest.0.54'
V-3: Rank   0 Line   405 create_remove_items_helper (non-collective, shared): open...
DUMMY create: ./out/test-dir.0-0/mdtest_tree.0/file.mdtest.0.54 = 0x37
V-3: Rank   0 Line   437 create_remove_items_helper: close...
DUMMY close 0x37
V-3: Rank   0 Line   380 create_remove_items_helper (non-dirs create): curr_item is './out/test-dir.0-0/mdtest_tree.0/file.mdtest.0.55'
V-3: Rank   0 Line   405 create_remove_items_helper (non-collective, shared): open...
DUMMY create: ./out/test-dir.0-0/mdtest_tree.0/file.mdtest.0.55 = 0x38
V-3: Rank   0 Line   437 create_remove_items_helper: close...
DUMMY close 0x38
V-3: Rank   0 Line   380 create_remove_items_helper (non-dirs create): curr_item is './out/test-dir.0-0/mdtest_tree.0/file.mdtest.0.56'
V-3: Rank   0 Line   405 create_remove_items_helper (non-collective, shared): open...
DUMMY create: ./out/test-dir.0-0/mdtest_tree.0/file.mdtest.0.56 = 0x39
V-3: Rank   0 Line   437 create_remove_items_helper: close...
DUMMY close 0x39
V-3: Rank   0 Line   380 create_remove_items_helper (non-dirs create): curr_item is './out/test-dir.0-0/mdtest_tree.0/file.mdtest.0.57'
V-3: Rank   0 Line   405 create_remove_items_helper (non-collective, shared): open...
DUMMY create: ./out/test-dir.0-0/mdtest_tree.0/file.mdtest.0.57 = 0x3a
V-3: Rank   0 Line   437 create_remove_items_helper: close...
DUMMY close 0x3a
V-3: Rank   0 Line   380 create_remove_items_helper (non-dirs create): curr_item is './out/test-dir.0-0/mdtest_tree.0/file.mdtest.0.58'
V-3: Rank   0 Line   405 create_remove_items_helper (non-collective, shared): open...
DUMMY create: ./out/test-dir.0-0/mdtest_tree.0/file.mdtest.0.58 = 0x3b
V-3: Rank   0 Line   437 create_remove_items_helper: close...
DUMMY close 0x3b
V-3: Rank   0 Line   380 create_remove_items_helper (non-dirs create): curr_item is './out/test-dir.0-0/mdtest_tree.0/file.mdtest.0.59'
V-3: Rank   0 Line   405 create_remove_items_helper (non-collective, shared): open...
DUMMY create: ./out/test-dir.0-0/mdtest_tree.0/file.mdtest.0.59 = 0x3c
V-3: Rank   0 Line   437 create_remove_items_helper: close...
DUMMY close 0x3c
V-3: Rank   0 Line  1367 file_test: read path is './out/test-dir.0-0/mdtest_tree.0'
V-1: Rank   0 Line   666 Entering mdtest_read on ./out/test-dir.0-0/mdtest_tree.0
V-3: Rank   0 Line   738 mdtest_read file: ./out/test-dir.0-0/mdtest_tree.0/file.mdtest.0.55
DUMMY open: ./out/test-dir.0-0/mdtest_tree.0/file.mdtest.0.55 = 0x3d
DUMMY close 0x3d
V-3: Rank   0 Line   738 mdtest_read file: ./out/test-dir.0-0/mdtest_tree.0/file.mdtest.0.10
DUMMY open: ./out/test-dir.0-0/mdtest_tree.0/file.mdtest.0.10 = 0x3e
DUMMY close 0x3e
V-3: Rank   0 Line   738 mdtest_read file: ./out/test-dir.0-0/mdtest_tree.0/file.mdtest.0.20
DUMMY open: ./out/test-dir.0-0/mdtest_tree.0/file.mdtest.0.20 = 0x3f
DUMMY close 0x3f
V-3: Rank   0 Line   738 mdtest_read file: ./out/test-dir.0-0/mdtest_tree.0/file.mdtest.0.23
DUMMY open: ./out/test-dir.0-0/mdtest_tree.0/file.mdtest.0.23 = 0x40
DUMMY close 0x40
V-3: Rank   0 Line   738 mdtest_read file: ./out/test-dir.0-0/mdtest_tree.0/file.mdtest.0.13
DUMMY open: ./out/test-dir.0-0/mdtest_tree.0/file.mdtest.0.13 = 0x41
DUMMY close 0x41
V-3: Rank   0 Line   738 mdtest_read file: ./out/test-dir.0-0/mdtest_tree.0/file.mdtest.0.1
DUMMY open: ./out/test-dir.0-0/mdtest_tree.0/file.mdtest.0.1 = 0x42
DUMMY close 0x42
V-3: Rank   0 Line   738 mdtest_read file: ./out/test-dir.0-0/mdtest_tree.0/file.mdtest.0.53
DUMMY open: ./out/test-dir.0-0/mdtest_tree.0/file.mdtest.0.53 = 0x43
DUMMY close 0x43
V-3: Rank   0 Line   738 mdtest_read file: ./out/test-dir.0-0/mdtest_tree.0/file.mdtest.0.37
DUMMY open: ./out/test-dir.0-0/mdtest_tree.0/file.mdtest.0.37 = 0x44
DUMMY close 0x44
V-3: Rank   0 Line   738 mdtest_read file: ./out/test-dir.0-0/mdtest_tree.0/file.mdtest.0.2
DUMMY open: ./out/test-dir.0-0/mdtest_tree.0/file.mdtest.0.2 = 0x45
DUMMY close 0x45
V-3: Rank   0 Line   738 mdtest_read file: ./out/test-dir.0-0/mdtest_tree.0/file.mdtest.0.52
DUMMY open: ./out/test-dir.0-0/mdtest_tree.0/file.mdtest.0.52 = 0x46
DUMMY close 0x46
V-3: Rank   0 Line   738 mdtest_read file: ./out/test-dir.0-0/mdtest_tree.0/file.mdtest.0.28
DUMMY open: ./out/test-dir.0-0/mdtest_tree.0/file.mdtest.0.28 = 0x47
DUMMY close 0x47
V-3: Rank   0 Line   738 mdtest_read file: ./out/test-dir.0-0/mdtest_tree.0/file.mdtest.0.40
DUMMY open: ./out/test-dir.0-0/mdtest_tree.0/file.mdtest.0.40 = 0x48
DUMMY close 0x48
V-3: Rank   0 Line   738 mdtest_read file: ./out/test-dir.0-0/mdtest_tree.0/file.mdtest.0.57
DUMMY open: ./out/test-dir.0-0/mdtest_tree.0/file.mdtest.0.57 = 0x49
DUMMY close 0x49
V-3: Rank   0 Line   738 mdtest_read file: ./out/test-dir.0-0/mdtest_tree.0/file.mdtest.0.11
DUMMY open: ./out/test-dir.0-0/mdtest_tree.0/file.mdtest.0.11 = 0x4a
DUMMY close 0x4a
V-3: Rank   0 Line   738 mdtest_read file: ./out/test-dir.0-0/mdtest_tree.0/file.mdtest.0.43
DUMMY open: ./out/test-dir.0-0/mdtest_tree.0/file.mdtest.0.43 = 0x4b
DUMMY close 0x4b
V-3: Rank   0 Line   738 mdtest_read file: ./out/test-dir.0-0/mdtest_tree.0/file.mdtest.0.38
DUMMY open: ./out/test-dir.0-0/mdtest_tree.0/file.mdtest.0.38 = 0x4c
DUMMY close 0x4c
V-3: Rank   0 Line   738 mdtest_read file: ./out/test-dir.0-0/mdtest_tree.0/file.mdtest.0.35
DUMMY open: ./out/test-dir.0-0/mdtest_tree.0/file.mdtest.0.35 = 0x4d
DUMMY close 0x4d
V-3: Rank   0 Line   738 mdtest_read file: ./out/test-dir.0-0/mdtest_tree.0/file.mdtest.0.39
DUMMY open: ./out/test-dir.0-0/mdtest_tree.0/file.mdtest.0.39 = 0x4e
DUMMY close 0x4e
V-3: Rank   0 Line   738 mdtest_read file: ./out/test-dir.0-0/mdtest_tree.0/file.mdtest.0.7
DUMMY open: ./out/test-dir.0-0/mdtest_tree.0/file.mdtest.0.7 = 0x4f
DUMMY close 0x4f
V-3: Rank   0 Line   738 mdtest_read file: ./out/test-dir.0-0/mdtest_tree.0/file.mdtest.0.3
DUMMY open: ./out/test-dir.0-0/mdtest_tree.0/file.mdtest.0.3 = 0x50
DUMMY close 0x50
V-3: Rank   0 Line   738 mdtest_read file: ./out/test-dir.0-0/mdtest_tree.0/file.mdtest.0.26
DUMMY open: ./out/test-dir.0-0/mdtest_tree.0/file.mdtest.0.26 = 0x51
DUMMY close 0x51
V-3: Rank   0 Line   738 mdtest_read file: ./out/test-dir.0-0/mdtest_tree.0/file.mdtest.0.30
DUMMY open: ./out/test-dir.0-0/mdtest_tree.0/file.mdtest.0.30 = 0x52
DUMMY close 0x52
V-3: Rank   0 Line   738 mdtest_read file: ./out/test-dir.0-0/mdtest_tree.0/file.mdtest.0.59
DUMMY open: ./out/test-dir.0-0/mdtest_tree.0/file.mdtest.0.59 = 0x53
DUMMY close 0x53
V-3: Rank   0 Line   738 mdtest_read file: ./out/test-dir.0-0/mdtest_tree.0/file.mdtest.0.51
DUMMY open: ./out/test-dir.0-0/mdtest_tree.0/file.mdtest.0.51 = 0x54
DUMMY close 0x54
V-3: Rank   0 Line   738 mdtest_read file: ./out/test-dir.0-0/mdtest_tree.0/file.mdtest.0.19
DUMMY open: ./out/test-dir.0-0/mdtest_tree.0/file.mdtest.0.19 = 0x55
DUMMY close 0x55
V-3: Rank   0 Line   738 mdtest_read file: ./out/test-dir.0-0/mdtest_tree.0/file.mdtest.0.34
DUMMY open: ./out/test-dir.0-0/mdtest_tree.0/file.mdtest.0.34 = 0x56
DUMMY close 0x56
V-3: Rank   0 Line   738 mdtest_read file: ./out/test-dir.0-0/mdtest_tree.0/file.mdtest.0.48
DUMMY open: ./out/test-dir.0-0/mdtest_tree.0/file.mdtest.0.48 = 0x57
DUMMY close 0x57
V-3: Rank   0 Line   738 mdtest_read file: ./out/test-dir.0-0/mdtest_tree.0/file.mdtest.0.0
DUMMY open: ./out/test-dir.0-0/mdtest_tree.0/file.mdtest.0.0 = 0x58
DUMMY close 0x58
V-3: Rank   0 Line   738 mdtest_read file: ./out/test-dir.0-0/mdtest_tree.0/file.mdtest.0.25
DUMMY open: ./out/test-dir.0-0/mdtest_tree.0/file.mdtest.0.25 = 0x59
DUMMY close 0x59
V-3: Rank   0 Line   738 mdtest_read file: ./out/test-dir.0-0/mdtest_tree.0/file.mdtest.0.31
DUMMY open: ./out/test-dir.0-0/mdtest_tree.0/file.mdtest.0.31 = 0x5a
DUMMY close 0x5a
V-3: Rank   0 Line   738 mdtest_read file: ./out/test-dir.0-0/mdtest_tree.0/file.mdtest.0.22
DUMMY open: ./out/test-dir.0-0/mdtest_tree.0/file.mdtest.0.22 = 0x5b
DUMMY close 0x5b
V-3: Rank   0 Line   738 mdtest_read file: ./out/test-dir.0-0/mdtest_tree.0/file.mdtest.0.47
DUMMY open: ./out/test-dir.0-0/mdtest_tree.0/file.mdtest.0.47 = 0x5c
DUMMY close 0x5c
V-3: Rank   0 Line   738 mdtest_read file: ./out/test-dir.0-0/mdtest_tree.0/file.mdtest.0.17
DUMMY open: ./out/test-dir.0-0/mdtest_tree.0/file.mdtest.0.17 = 0x5d
DUMMY close 0x5d
V-3: Rank   0 Line   738 mdtest_read file: ./out/test-dir.0-0/mdtest_tree.0/file.mdtest.0.14
DUMMY open: ./out/test-dir.0-0/mdtest_tree.0/file.mdtest.0.14 = 0x5e
DUMMY close 0x5e
V-3: Rank   0 Line   738 mdtest_read file: ./out/test-dir.0-0/mdtest_tree.0/file.mdtest.0.27
DUMMY open: ./out/test-dir.0-0/mdtest_tree.0/file.mdtest.0.27 = 0x5f
DUMMY close 0x5f
V-3: Rank   0 Line   738 mdtest_read file: ./out/test-dir.0-0/mdtest_tree.0/file.mdtest.0.29
DUMMY open: ./out/test-dir.0-0/mdtest_tree.0/file.mdtest.0.29 = 0x60
DUMMY close 0x60
V-3: Rank   0 Line   738 mdtest_read file: ./out/test-dir.0-0/mdtest_tree.0/file.mdtest.0.32
DUMMY open: ./out/test-dir.0-0/mdtest_tree.0/file.mdtest.0.32 = 0x61
DUMMY close 0x61
V-3: Rank   0 Line   738 mdtest_read file: ./out/test-dir.0-0/mdtest_tree.0/file.mdtest.0.46
DUMMY open: ./out/test-dir.0-0/mdtest_tree.0/file.mdtest.0.46 = 0x62
DUMMY close 0x62
V-3: Rank   0 Line   738 mdtest_read file: ./out/test-dir.0-0/mdtest_tree.0/file.mdtest.0.21
DUMMY open: ./out/test-dir.0-0/mdtest_tree.0/file.mdtest.0.21 = 0x63
DUMMY close 0x63
V-3: Rank   0 Line   738 mdtest_read file: ./out/test-dir.0-0/mdtest_tree.0/file.mdtest.0.33
DUMMY open: ./out/test-dir.0-0/mdtest_tree.0/file.mdtest.0.33 = 0x64
DUMMY close 0x64
V-3: Rank   0 Line   738 mdtest_read file: ./out/test-dir.0-0/mdtest_tree.0/file.mdtest.0.41
DUMMY open: ./out/test-dir.0-0/mdtest_tree.0/file.mdtest.0.41 = 0x65
DUMMY close 0x65
V-3: Rank   0 Line   738 mdtest_read file: ./out/test-dir.0-0/mdtest_tree.0/file.mdtest.0.5
DUMMY open: ./out/test-dir.0-0/mdtest_tree.0/file.mdtest.0.5 = 0x66
DUMMY close 0x66
V-3: Rank   0 Line   738 mdtest_read file: ./out/test-dir.0-0/mdtest_tree.0/file.mdtest.0.8
DUMMY open: ./out/test-dir.0-0/mdtest_tree.0/file.mdtest.0.8 = 0x67
DUMMY close 0x67
V-3: Rank   0 Line   738 mdtest_read file: ./out/test-dir.0-0/mdtest_tree.0/file.mdtest.0.15
DUMMY open: ./out/test-dir.0-0/mdtest_tree.0/file.mdtest.0.15 = 0x68
DUMMY close 0x68
V-3: Rank   0 Line   738 mdtest_read file: ./out/test-dir.0-0/mdtest_tree.0/file.mdtest.0.49
DUMMY open: ./out/test-dir.0-0/mdtest_tree.0/file.mdtest.0.49 = 0x69
DUMMY close 0x69
V-3: Rank   0 Line   738 mdtest_read file: ./out/test-dir.0-0/mdtest_tree.0/file.mdtest.0.54
DUMMY open: ./out/test-dir.0-0/mdtest_tree.0/file.mdtest.0.54 = 0x6a
DUMMY close 0x6a
V-3: Rank   0 Line   738 mdtest_read file: ./out/test-dir.0-0/mdtest_tree.0/file.mdtest.0.36
DUMMY open: ./out/test-dir.0-0/mdtest_tree.0/file.mdtest.0.36 = 0x6b
DUMMY close 0x6b
V-3: Rank   0 Line   738 mdtest_read file: ./out/test-dir.0-0/mdtest_tree.0/file.mdtest.0.4
DUMMY open: ./out/test-dir.0-0/mdtest_tree.0/file.mdtest.0.4 = 0x6c
DUMMY close 0x6c
V-3: Rank   0 Line   738 mdtest_read file: ./out/test-dir.0-0/mdtest_tree.0/file.mdtest.0.12
DUMMY open: ./out/test-dir.0-0/mdtest_tree.0/file.mdtest.0.12 = 0x6d
DUMMY close 0x6d
V-3: Rank   0 Line   738 mdtest_read file: ./out/test-dir.0-0/mdtest_tree.0/file.mdtest.0.24
DUMMY open: ./out/test-dir.0-0/mdtest_tree.0/file.mdtest.0.24 = 0x6e
DUMMY close 0x6e
V-3: Rank   0 Line   738 mdtest_read file: ./out/test-dir.0-0/mdtest_tree.0/file.mdtest.0.58
DUMMY open: ./out/test-dir.0-0/mdtest_tree.0/file.mdtest.0.58 = 0x6f
DUMMY close 0x6f
V-3: Rank   0 Line   738 mdtest_read file: ./out/test-dir.0-0/mdtest_tree.0/file.mdtest.0.9
DUMMY open: ./out/test-dir.0-0/mdtest_tree.0/file.mdtest.0.9 = 0x70
DUMMY close 0x70
V-3: Rank   0 Line   738 mdtest_read file: ./out/test-dir.0-0/mdtest_tree.0/file.mdtest.0.56
DUMMY open: ./out/test-dir.0-0/mdtest_tree.0/file.mdtest.0.56 = 0x71
DUMMY close 0x71
V-3: Rank   0 Line   738 mdtest_read file: ./out/test-dir.0-0/mdtest_tree.0/file.mdtest.0.45
DUMMY open: ./out/test-dir.0-0/mdtest_tree.0/file.mdtest.0.45 = 0x72
DUMMY close 0x72
V-3: Rank   0 Line   738 mdtest_read file: ./out/test-dir.0-0/mdtest_tree.0/file.mdtest.0.50
DUMMY open: ./out/test-dir.0-0/mdtest_tree.0/file.mdtest.0.50 = 0x73
DUMMY close 0x73
V-3: Rank   0 Line   738 mdtest_read file: ./out/test-dir.0-0/mdtest_tree.0/file.mdtest.0.42
DUMMY open: ./out/test-dir.0-0/mdtest_tree.0/file.mdtest.0.42 = 0x74
DUMMY close 0x74
V-3: Rank   0 Line   738 mdtest_read file: ./out/test-dir.0-0/mdtest_tree.0/file.mdtest.0.6
DUMMY open: ./out/test-dir.0-0/mdtest_tree.0/file.mdtest.0.6 = 0x75
DUMMY close 0x75
V-3: Rank   0 Line   738 mdtest_read file: ./out/test-dir.0-0/mdtest_tree.0/file.mdtest.0.18
DUMMY open: ./out/test-dir.0-0/mdtest_tree.0/file.mdtest.0.18 = 0x76
DUMMY close 0x76
V-3: Rank   0 Line   738 mdtest_read file: ./out/test-dir.0-0/mdtest_tree.0/file.mdtest.0.16
DUMMY open: ./out/test-dir.0-0/mdtest_tree.0/file.mdtest.0.16 = 0x77
DUMMY close 0x77
V-3: Rank   0 Line   738 mdtest_read file: ./out/test-dir.0-0/mdtest_tree.0/file.mdtest.0.44
DUMMY open: ./out/test-dir.0-0/mdtest_tree.0/file.mdtest.0.44 = 0x78
DUMMY close 0x78
V-3: Rank   0 Line  1404 file_test: rm directories path is './out/test-dir.0-0/mdtest_tree.0'
V-3: Rank   0 Line  1410 gonna remove ./out/test-dir.0-0/mdtest_tree.0
V-1: Rank   0 Line   514 Entering create_remove_items on ./out/test-dir.0-0/mdtest_tree.0, currDepth = 0...
V-3: Rank   0 Line   520 create_remove_items (start): temp_path is './out/test-dir.0-0/mdtest_tree.0'
V-1: Rank   0 Line   445 Entering create_remove_items_helper on ./out/test-dir.0-0/mdtest_tree.0
V-3: Rank   0 Line   363 create_remove_items_helper (non-dirs remove): curr_item is './out/test-dir.0-0/mdtest_tree.0/file.mdtest.0.0'
DUMMY delete: ./out/test-dir.0-0/mdtest_tree.0/file.mdtest.0.0
V-3: Rank   0 Line   363 create_remove_items_helper (non-dirs remove): curr_item is './out/test-dir.0-0/mdtest_tree.0/file.mdtest.0.1'
DUMMY delete: ./out/test-dir.0-0/mdtest_tree.0/file.mdtest.0.1
V-3: Rank   0 Line   363 create_remove_items_helper (non-dirs remove): curr_item is './out/test-dir.0-0/mdtest_tree.0/file.mdtest.0.2'
DUMMY delete: ./out/test-dir.0-0/mdtest_tree.0/file.mdtest.0.2
V-3: Rank   0 Line   363 create_remove_items_helper (non-dirs remove): curr_item is './out/test-dir.0-0/mdtest_tree.0/file.mdtest.0.3'
DUMMY delete: ./out/test-dir.0-0/mdtest_tree.0/file.mdtest.0.3
V-3: Rank   0 Line   363 create_remove_items_helper (non-dirs remove): curr_item is './out/test-dir.0-0/mdtest_tree.0/file.mdtest.0.4'
DUMMY delete: ./out/test-dir.0-0/mdtest_tree.0/file.mdtest.0.4
V-3: Rank   0 Line   363 create_remove_items_helper (non-dirs remove): curr_item is './out/test-dir.0-0/mdtest_tree.0/file.mdtest.0.5'
DUMMY delete: ./out/test-dir.0-0/mdtest_tree.0/file.mdtest.0.5
V-3: Rank   0 Line   363 create_remove_items_helper (non-dirs remove): curr_item is './out/test-dir.0-0/mdtest_tree.0/file.mdtest.0.6'
DUMMY delete: ./out/test-dir.0-0/mdtest_tree.0/file.mdtest.0.6
V-3: Rank   0 Line   363 create_remove_items_helper (non-dirs remove): curr_item is './out/test-dir.0-0/mdtest_tree.0/file.mdtest.0.7'
DUMMY delete: ./out/test-dir.0-0/mdtest_tree.0/file.mdtest.0.7
V-3: Rank   0 Line   363 create_remove_items_helper (non-dirs remove): curr_item is './out/test-dir.0-0/mdtest_tree.0/file.mdtest.0.8'
DUMMY delete: ./out/test-dir.0-0/mdtest_tree.0/file.mdtest.0.8
V-3: Rank   0 Line   363 create_remove_items_helper (non-dirs remove): curr_item is './out/test-dir.0-0/mdtest_tree.0/file.mdtest.0.9'
DUMMY delete: ./out/test-dir.0-0/mdtest_tree.0/file.mdtest.0.9
V-3: Rank   0 Line   363 create_remove_items_helper (non-dirs remove): curr_item is './out/test-dir.0-0/mdtest_tree.0/file.mdtest.0.10'
DUMMY delete: ./out/test-dir.0-0/mdtest_tree.0/file.mdtest.0.10
V-3: Rank   0 Line   363 create_remove_items_helper (non-dirs remove): curr_item is './out/test-dir.0-0/mdtest_tree.0/file.mdtest.0.11'
DUMMY delete: ./out/test-dir.0-0/mdtest_tree.0/file.mdtest.0.11
V-3: Rank   0 Line   363 create_remove_items_helper (non-dirs remove): curr_item is './out/test-dir.0-0/mdtest_tree.0/file.mdtest.0.12'
DUMMY delete: ./out/test-dir.0-0/mdtest_tree.0/file.mdtest.0.12
V-3: Rank   0 Line   363 create_remove_items_helper (non-dirs remove): curr_item is './out/test-dir.0-0/mdtest_tree.0/file.mdtest.0.13'
DUMMY delete: ./out/test-dir.0-0/mdtest_tree.0/file.mdtest.0.13
V-3: Rank   0 Line   363 create_remove_items_helper (non-dirs remove): curr_item is './out/test-dir.0-0/mdtest_tree.0/file.mdtest.0.14'
DUMMY delete: ./out/test-dir.0-0/mdtest_tree.0/file.mdtest.0.14
V-3: Rank   0 Line   363 create_remove_items_helper (non-dirs remove): curr_item is './out/test-dir.0-0/mdtest_tree.0/file.mdtest.0.15'
DUMMY delete: ./out/test-dir.0-0/mdtest_tree.0/file.mdtest.0.15
V-3: Rank   0 Line   363 create_remove_items_helper (non-dirs remove): curr_item is './out/test-dir.0-0/mdtest_tree.0/file.mdtest.0.16'
DUMMY delete: ./out/test-dir.0-0/mdtest_tree.0/file.mdtest.0.16
V-3: Rank   0 Line   363 create_remove_items_helper (non-dirs remove): curr_item is './out/test-dir.0-0/mdtest_tree.0/file.mdtest.0.17'
DUMMY delete: ./out/test-dir.0-0/mdtest_tree.0/file.mdtest.0.17
V-3: Rank   0 Line   363 create_remove_items_helper (non-dirs remove): curr_item is './out/test-dir.0-0/mdtest_tree.0/file.mdtest.0.18'
DUMMY delete: ./out/test-dir.0-0/mdtest_tree.0/file.mdtest.0.18
V-3: Rank   0 Line   363 create_remove_items_helper (non-dirs remove): curr_item is './out/test-dir.0-0/mdtest_tree.0/file.mdtest.0.19'
DUMMY delete: ./out/test-dir.0-0/mdtest_tree.0/file.mdtest.0.19
V-3: Rank   0 Line   363 create_remove_items_helper (non-dirs remove): curr_item is './out/test-dir.0-0/mdtest_tree.0/file.mdtest.0.20'
DUMMY delete: ./out/test-dir.0-0/mdtest_tree.0/file.mdtest.0.20
V-3: Rank   0 Line   363 create_remove_items_helper (non-dirs remove): curr_item is './out/test-dir.0-0/mdtest_tree.0/file.mdtest.0.21'
DUMMY delete: ./out/test-dir.0-0/mdtest_tree.0/file.mdtest.0.21
V-3: Rank   0 Line   363 create_remove_items_helper (non-dirs remove): curr_item is './out/test-dir.0-0/mdtest_tree.0/file.mdtest.0.22'
DUMMY delete: ./out/test-dir.0-0/mdtest_tree.0/file.mdtest.0.22
V-3: Rank   0 Line   363 create_remove_items_helper (non-dirs remove): curr_item is './out/test-dir.0-0/mdtest_tree.0/file.mdtest.0.23'
DUMMY delete: ./out/test-dir.0-0/mdtest_tree.0/file.mdtest.0.23
V-3: Rank   0 Line   363 create_remove_items_helper (non-dirs remove): curr_item is './out/test-dir.0-0/mdtest_tree.0/file.mdtest.0.24'
DUMMY delete: ./out/test-dir.0-0/mdtest_tree.0/file.mdtest.0.24
V-3: Rank   0 Line   363 create_remove_items_helper (non-dirs remove): curr_item is './out/test-dir.0-0/mdtest_tree.0/file.mdtest.0.25'
DUMMY delete: ./out/test-dir.0-0/mdtest_tree.0/file.mdtest.0.25
V-3: Rank   0 Line   363 create_remove_items_helper (non-dirs remove): curr_item is './out/test-dir.0-0/mdtest_tree.0/file.mdtest.0.26'
DUMMY delete: ./out/test-dir.0-0/mdtest_tree.0/file.mdtest.0.26
V-3: Rank   0 Line   363 create_remove_items_helper (non-dirs remove): curr_item is './out/test-dir.0-0/mdtest_tree.0/file.mdtest.0.27'
DUMMY delete: ./out/test-dir.0-0/mdtest_tree.0/file.mdtest.0.27
V-3: Rank   0 Line   363 create_remove_items_helper (non-dirs remove): curr_item is './out/test-dir.0-0/mdtest_tree.0/file.mdtest.0.28'
DUMMY delete: ./out/test-dir.0-0/mdtest_tree.0/file.mdtest.0.28
V-3: Rank   0 Line   363 create_remove_items_helper (non-dirs remove): curr_item is './out/test-dir.0-0/mdtest_tree.0/file.mdtest.0.29'
DUMMY delete: ./out/test-dir.0-0/mdtest_tree.0/file.mdtest.0.29
V-3: Rank   0 Line   363 create_remove_items_helper (non-dirs remove): curr_item is './out/test-dir.0-0/mdtest_tree.0/file.mdtest.0.30'
DUMMY delete: ./out/test-dir.0-0/mdtest_tree.0/file.mdtest.0.30
V-3: Rank   0 Line   363 create_remove_items_helper (non-dirs remove): curr_item is './out/test-dir.0-0/mdtest_tree.0/file.mdtest.0.31'
DUMMY delete: ./out/test-dir.0-0/mdtest_tree.0/file.mdtest.0.31
V-3: Rank   0 Line   363 create_remove_items_helper (non-dirs remove): curr_item is './out/test-dir.0-0/mdtest_tree.0/file.mdtest.0.32'
DUMMY delete: ./out/test-dir.0-0/mdtest_tree.0/file.mdtest.0.32
V-3: Rank   0 Line   363 create_remove_items_helper (non-dirs remove): curr_item is './out/test-dir.0-0/mdtest_tree.0/file.mdtest.0.33'
DUMMY delete: ./out/test-dir.0-0/mdtest_tree.0/file.mdtest.0.33
V-3: Rank   0 Line   363 create_remove_items_helper (non-dirs remove): curr_item is './out/test-dir.0-0/mdtest_tree.0/file.mdtest.0.34'
DUMMY delete: ./out/test-dir.0-0/mdtest_tree.0/file.mdtest.0.34
V-3: Rank   0 Line   363 create_remove_items_helper (non-dirs remove): curr_item is './out/test-dir.0-0/mdtest_tree.0/file.mdtest.0.35'
DUMMY delete: ./out/test-dir.0-0/mdtest_tree.0/file.mdtest.0.35
V-3: Rank   0 Line   363 create_remove_items_helper (non-dirs remove): curr_item is './out/test-dir.0-0/mdtest_tree.0/file.mdtest.0.36'
DUMMY delete: ./out/test-dir.0-0/mdtest_tree.0/file.mdtest.0.36
V-3: Rank   0 Line   363 create_remove_items_helper (non-dirs remove): curr_item is './out/test-dir.0-0/mdtest_tree.0/file.mdtest.0.37'
DUMMY delete: ./out/test-dir.0-0/mdtest_tree.0/file.mdtest.0.37
V-3: Rank   0 Line   363 create_remove_items_helper (non-dirs remove): curr_item is './out/test-dir.0-0/mdtest_tree.0/file.mdtest.0.38'
DUMMY delete: ./out/test-dir.0-0/mdtest_tree.0/file.mdtest.0.38
V-3: Rank   0 Line   363 create_remove_items_helper (non-dirs remove): curr_item is './out/test-dir.0-0/mdtest_tree.0/file.mdtest.0.39'
DUMMY delete: ./out/test-dir.0-0/mdtest_tree.0/file.mdtest.0.39
V-3: Rank   0 Line   363 create_remove_items_helper (non-dirs remove): curr_item is './out/test-dir.0-0/mdtest_tree.0/file.mdtest.0.40'
DUMMY delete: ./out/test-dir.0-0/mdtest_tree.0/file.mdtest.0.40
V-3: Rank   0 Line   363 create_remove_items_helper (non-dirs remove): curr_item is './out/test-dir.0-0/mdtest_tree.0/file.mdtest.0.41'
DUMMY delete: ./out/test-dir.0-0/mdtest_tree.0/file.mdtest.0.41
V-3: Rank   0 Line   363 create_remove_items_helper (non-dirs remove): curr_item is './out/test-dir.0-0/mdtest_tree.0/file.mdtest.0.42'
DUMMY delete: ./out/test-dir.0-0/mdtest_tree.0/file.mdtest.0.42
V-3: Rank   0 Line   363 create_remove_items_helper (non-dirs remove): curr_item is './out/test-dir.0-0/mdtest_tree.0/file.mdtest.0.43'
DUMMY delete: ./out/test-dir.0-0/mdtest_tree.0/file.mdtest.0.43
V-3: Rank   0 Line   363 create_remove_items_helper (non-dirs remove): curr_item is './out/test-dir.0-0/mdtest_tree.0/file.mdtest.0.44'
DUMMY delete: ./out/test-dir.0-0/mdtest_tree.0/file.mdtest.0.44
V-3: Rank   0 Line   363 create_remove_items_helper (non-dirs remove): curr_item is './out/test-dir.0-0/mdtest_tree.0/file.mdtest.0.45'
DUMMY delete: ./out/test-dir.0-0/mdtest_tree.0/file.mdtest.0.45
V-3: Rank   0 Line   363 create_remove_items_helper (non-dirs remove): curr_item is './out/test-dir.0-0/mdtest_tree.0/file.mdtest.0.46'
DUMMY delete: ./out/test-dir.0-0/mdtest_tree.0/file.mdtest.0.46
V-3: Rank   0 Line   363 create_remove_items_helper (non-dirs remove): curr_item is './out/test-dir.0-0/mdtest_tree.0/file.mdtest.0.47'
DUMMY delete: ./out/test-dir.0-0/mdtest_tree.0/file.mdtest.0.47
V-3: Rank   0 Line   363 create_remove_items_helper (non-dirs remove): curr_item is './out/test-dir.0-0/mdtest_tree.0/file.mdtest.0.48'
DUMMY delete: ./out/test-dir.0-0/mdtest_tree.0/file.mdtest.0.48
V-3: Rank   0 Line   363 create_remove_items_helper (non-dirs remove): curr_item is './out/test-dir.0-0/mdtest_tree.0/file.mdtest.0.49'
DUMMY delete: ./out/test-dir.0-0/mdtest_tree.0/file.mdtest.0.49
V-3: Rank   0 Line   363 create_remove_items_helper (non-dirs remove): curr_item is './out/test-dir.0-0/mdtest_tree.0/file.mdtest.0.50'
DUMMY delete: ./out/test-dir.0-0/mdtest_tree.0/file.mdtest.0.50
V-3: Rank   0 Line   363 create_remove_items_helper (non-dirs remove): curr_item is './out/test-dir.0-0/mdtest_tree.0/file.mdtest.0.51'
DUMMY delete: ./out/test-dir.0-0/mdtest_tree.0/file.mdtest.0.51
V-3: Rank   0 Line   363 create_remove_items_helper (non-dirs remove): curr_item is './out/test-dir.0-0/mdtest_tree.0/file.mdtest.0.52'
DUMMY delete: ./out/test-dir.0-0/mdtest_tree.0/file.mdtest.0.52
V-3: Rank   0 Line   363 create_remove_items_helper (non-dirs remove): curr_item is './out/test-dir.0-0/mdtest_tree.0/file.mdtest.0.53'
DUMMY delete: ./out/test-dir.0-0/mdtest_tree.0/file.mdtest.0.53
V-3: Rank   0 Line   363 create_remove_items_helper (non-dirs remove): curr_item is './out/test-dir.0-0/mdtest_tree.0/file.mdtest.0.54'
DUMMY delete: ./out/test-dir.0-0/mdtest_tree.0/file.mdtest.0.54
V-3: Rank   0 Line   363 create_remove_items_helper (non-dirs remove): curr_item is './out/test-dir.0-0/mdtest_tree.0/file.mdtest.0.55'
DUMMY delete: ./out/test-dir.0-0/mdtest_tree.0/file.mdtest.0.55
V-3: Rank   0 Line   363 create_remove_items_helper (non-dirs remove): curr_item is './out/test-dir.0-0/mdtest_tree.0/file.mdtest.0.56'
DUMMY delete: ./out/test-dir.0-0/mdtest_tree.0/file.mdtest.0.56
V-3: Rank   0 Line   363 create_remove_items_helper (non-dirs remove): curr_item is './out/test-dir.0-0/mdtest_tree.0/file.mdtest.0.57'
DUMMY delete: ./out/test-dir.0-0/mdtest_tree.0/file.mdtest.0.57
V-3: Rank   0 Line   363 create_remove_items_helper (non-dirs remove): curr_item is './out/test-dir.0-0/mdtest_tree.0/file.mdtest.0.58'
DUMMY delete: ./out/test-dir.0-0/mdtest_tree.0/file.mdtest.0.58
V-3: Rank   0 Line   363 create_remove_items_helper (non-dirs remove): curr_item is './out/test-dir.0-0/mdtest_tree.0/file.mdtest.0.59'
DUMMY delete: ./out/test-dir.0-0/mdtest_tree.0/file.mdtest.0.59
V-3: Rank   0 Line  1428 file_test: rm unique directories path is 'mdtest_tree.0'
V-1: Rank   0 Line  1435   File creation     :          0.000 sec,     161734.087 ops/sec
V-1: Rank   0 Line  1439   File stat         :          0.000 sec,          0.000 ops/sec
V-1: Rank   0 Line  1440   File read         :          0.000 sec,     377298.711 ops/sec
V-1: Rank   0 Line  1441   File removal      :          0.000 sec,     443841.693 ops/sec
V-3: Rank   0 Line  2179 main: Using o.testdir, './out/test-dir.0-0'
V-3: Rank   0 Line  2220 V-3: main (remove hierarchical directory loop-!unique_dir_per_task): Calling create_remove_directory_tree with './out/test-dir.0-0'
V-1: Rank   0 Line  1977 Entering create_remove_directory_tree on ./out/test-dir.0-0, currDepth = 0...
V-1: Rank   0 Line  1977 Entering create_remove_directory_tree on ./out/test-dir.0-0/mdtest_tree.0/, currDepth = 1...
V-2: Rank   0 Line  2001 Remove directory './out/test-dir.0-0/mdtest_tree.0/'
V-1: Rank   0 Line  2237 main   Tree removal      :          0.000 sec,     123361.882 ops/sec
V-2: Rank   0 Line  2238 main (at end of for j loop): Removing o.testdir of './out/test-dir.0-0'


SUMMARY rate (in ops/sec): (of 1 iterations)
   Operation                     Max            Min           Mean        Std Dev
   ---------                     ---            ---           ----        -------
   Directory creation         469511.642     469511.642     469511.642          0.000
   Directory stat                  0.000          0.000          0.000          0.000
   Directory rename                0.000          0.000          0.000          0.000
   Directory removal          472154.296     472154.296     472154.296          0.000
   File creation              161734.087     161734.087     161734.087          0.000
   File stat                       0.000          0.000          0.000          0.000
   File read                  377298.711     377298.711     377298.711          0.000
   File removal               443841.693     443841.693     443841.693          0.000
   Tree creation               62601.552      62601.552      62601.552          0.000
   Tree removal               123361.882     123361.882     123361.882          0.000
V-1: Entering PrintTimestamp...
-- finished at 04/19/2025 13:19:37 --

WARNING: DUMMY finalized, (aiori-DUMMY.c:193).
