WARNING: DUMMY initialized, (aiori-DUMMY.c:188).
V-1: Entering PrintTimestamp...
-- started at 04/19/2025 13:22:11 --

mdtest-4.1.0+dev was launched with 1 total task(s) on 1 node(s)
Command line used: ./mdtest '-a=DUMMY' '-CTEr' '-R' '-n' '30' '-vvvvv'
V-1: Rank   0 Line   251 Entering parse_dirpath on ./out...
V-1: Rank   0 Line  1806 Entering md_validate_tests...
WARNING: Read bytes is 0, thus, a read test will actually just open/close, (mdtest.c:1886).
V-1: Rank   0 Line  2430 api                     : DUMMY
V-1: Rank   0 Line  2431 barriers                : True
V-1: Rank   0 Line  2432 collective_creates      : False
V-1: Rank   0 Line  2433 create_only             : True
V-1: Rank   0 Line  2434 dirpath(s):
V-1: Rank   0 Line  2436 	./out
V-1: Rank   0 Line  2438 dirs_only               : True
V-1: Rank   0 Line  2439 read_bytes              : 0
V-1: Rank   0 Line  2440 read_only               : True
V-1: Rank   0 Line  2441 first                   : 1
V-1: Rank   0 Line  2442 files_only              : True
V-1: Rank   0 Line  2446 iterations              : 1
V-1: Rank   0 Line  2447 items_per_dir           : 0
V-1: Rank   0 Line  2448 last                    : 0
V-1: Rank   0 Line  2449 leaf_only               : False
V-1: Rank   0 Line  2450 items                   : 30
V-1: Rank   0 Line  2451 nstride                 : 0
V-1: Rank   0 Line  2452 pre_delay               : 0
V-1: Rank   0 Line  2453 remove_only             : False
V-1: Rank   0 Line  2454 random_seed             : 1745083331
V-1: Rank   0 Line  2455 stride                  : 1
V-1: Rank   0 Line  2456 shared_file             : False
V-1: Rank   0 Line  2457 time_unique_dir_overhead: False
V-1: Rank   0 Line  2458 stone_wall_timer_seconds: 0
V-1: Rank   0 Line  2459 stat_only               : True
V-1: Rank   0 Line  2460 unique_dir_per_task     : False
V-1: Rank   0 Line  2461 write_bytes             : 0
V-1: Rank   0 Line  2462 sync_file               : False
V-1: Rank   0 Line  2463 call_sync               : False
V-1: Rank   0 Line  2464 depth                   : 0
V-1: Rank   0 Line  2465 make_node               : 0
Nodemap: 1
V-3: Rank   0 Line  2572 main (before display_freespace): o.testdirpath is './out'
Path                : ./out
FS                  : 0.0 GiB   Used FS: 0.0%   Inodes: 0.0 Mi   Used Inodes: 0.0%
V-3: Rank   0 Line  2585 main (after display_freespace): o.testdirpath is './out'
random seed: 1745083331
1 tasks, 30 files/directories
V-1: Rank   0 Line  2667 
V-1: Rank   0 Line  2668    Operation               Duration              Rate
V-1: Rank   0 Line  2669    ---------               --------              ----
V-1: Rank   0 Line  2051 main: * iteration 1 *
V-2: Rank   0 Line  2060 main (for j loop): making o.testdir, './out/test-dir.0-0'
V-3: Rank   0 Line  2111 main (create hierarchical directory loop-!unque_dir_per_task): Calling create_remove_directory_tree with './out/test-dir.0-0'
V-1: Rank   0 Line  1977 Entering create_remove_directory_tree on ./out/test-dir.0-0, currDepth = 0...
V-2: Rank   0 Line  1983 Making directory './out/test-dir.0-0/mdtest_tree.0/'
V-1: Rank   0 Line  1977 Entering create_remove_directory_tree on ./out/test-dir.0-0/mdtest_tree.0/, currDepth = 1...
V-1: Rank   0 Line  2127 V-1: main:   Tree creation     :          0.000 sec,      55188.211 ops/sec
V-3: Rank   0 Line  2138 V-3: main: Using unique_mk_dir, 'mdtest_tree.0'
V-3: Rank   0 Line  2159 V-3: main: Copied unique_mk_dir, 'mdtest_tree.0', to topdir
V-1: Rank   0 Line   957 Entering directory_test on mdtest_tree.0
V-3: Rank   0 Line   979 directory_test: create path is './out/test-dir.0-0/mdtest_tree.0'
V-1: Rank   0 Line   514 Entering create_remove_items on ./out/test-dir.0-0/mdtest_tree.0, currDepth = 0...
V-3: Rank   0 Line   520 create_remove_items (start): temp_path is './out/test-dir.0-0/mdtest_tree.0'
V-1: Rank   0 Line   445 Entering create_remove_items_helper on ./out/test-dir.0-0/mdtest_tree.0
V-3: Rank   0 Line   341 create_remove_items_helper (dirs create): curr_item is './out/test-dir.0-0/mdtest_tree.0/dir.mdtest.0.0'
V-3: Rank   0 Line   341 create_remove_items_helper (dirs create): curr_item is './out/test-dir.0-0/mdtest_tree.0/dir.mdtest.0.1'
V-3: Rank   0 Line   341 create_remove_items_helper (dirs create): curr_item is './out/test-dir.0-0/mdtest_tree.0/dir.mdtest.0.2'
V-3: Rank   0 Line   341 create_remove_items_helper (dirs create): curr_item is './out/test-dir.0-0/mdtest_tree.0/dir.mdtest.0.3'
V-3: Rank   0 Line   341 create_remove_items_helper (dirs create): curr_item is './out/test-dir.0-0/mdtest_tree.0/dir.mdtest.0.4'
V-3: Rank   0 Line   341 create_remove_items_helper (dirs create): curr_item is './out/test-dir.0-0/mdtest_tree.0/dir.mdtest.0.5'
V-3: Rank   0 Line   341 create_remove_items_helper (dirs create): curr_item is './out/test-dir.0-0/mdtest_tree.0/dir.mdtest.0.6'
V-3: Rank   0 Line   341 create_remove_items_helper (dirs create): curr_item is './out/test-dir.0-0/mdtest_tree.0/dir.mdtest.0.7'
V-3: Rank   0 Line   341 create_remove_items_helper (dirs create): curr_item is './out/test-dir.0-0/mdtest_tree.0/dir.mdtest.0.8'
V-3: Rank   0 Line   341 create_remove_items_helper (dirs create): curr_item is './out/test-dir.0-0/mdtest_tree.0/dir.mdtest.0.9'
V-3: Rank   0 Line   341 create_remove_items_helper (dirs create): curr_item is './out/test-dir.0-0/mdtest_tree.0/dir.mdtest.0.10'
V-3: Rank   0 Line   341 create_remove_items_helper (dirs create): curr_item is './out/test-dir.0-0/mdtest_tree.0/dir.mdtest.0.11'
V-3: Rank   0 Line   341 create_remove_items_helper (dirs create): curr_item is './out/test-dir.0-0/mdtest_tree.0/dir.mdtest.0.12'
V-3: Rank   0 Line   341 create_remove_items_helper (dirs create): curr_item is './out/test-dir.0-0/mdtest_tree.0/dir.mdtest.0.13'
V-3: Rank   0 Line   341 create_remove_items_helper (dirs create): curr_item is './out/test-dir.0-0/mdtest_tree.0/dir.mdtest.0.14'
V-3: Rank   0 Line   341 create_remove_items_helper (dirs create): curr_item is './out/test-dir.0-0/mdtest_tree.0/dir.mdtest.0.15'
V-3: Rank   0 Line   341 create_remove_items_helper (dirs create): curr_item is './out/test-dir.0-0/mdtest_tree.0/dir.mdtest.0.16'
V-3: Rank   0 Line   341 create_remove_items_helper (dirs create): curr_item is './out/test-dir.0-0/mdtest_tree.0/dir.mdtest.0.17'
V-3: Rank   0 Line   341 create_remove_items_helper (dirs create): curr_item is './out/test-dir.0-0/mdtest_tree.0/dir.mdtest.0.18'
V-3: Rank   0 Line   341 create_remove_items_helper (dirs create): curr_item is './out/test-dir.0-0/mdtest_tree.0/dir.mdtest.0.19'
V-3: Rank   0 Line   341 create_remove_items_helper (dirs create): curr_item is './out/test-dir.0-0/mdtest_tree.0/dir.mdtest.0.20'
V-3: Rank   0 Line   341 create_remove_items_helper (dirs create): curr_item is './out/test-dir.0-0/mdtest_tree.0/dir.mdtest.0.21'
V-3: Rank   0 Line   341 create_remove_items_helper (dirs create): curr_item is './out/test-dir.0-0/mdtest_tree.0/dir.mdtest.0.22'
V-3: Rank   0 Line   341 create_remove_items_helper (dirs create): curr_item is './out/test-dir.0-0/mdtest_tree.0/dir.mdtest.0.23'
V-3: Rank   0 Line   341 create_remove_items_helper (dirs create): curr_item is './out/test-dir.0-0/mdtest_tree.0/dir.mdtest.0.24'
V-3: Rank   0 Line   341 create_remove_items_helper (dirs create): curr_item is './out/test-dir.0-0/mdtest_tree.0/dir.mdtest.0.25'
V-3: Rank   0 Line   341 create_remove_items_helper (dirs create): curr_item is './out/test-dir.0-0/mdtest_tree.0/dir.mdtest.0.26'
V-3: Rank   0 Line   341 create_remove_items_helper (dirs create): curr_item is './out/test-dir.0-0/mdtest_tree.0/dir.mdtest.0.27'
V-3: Rank   0 Line   341 create_remove_items_helper (dirs create): curr_item is './out/test-dir.0-0/mdtest_tree.0/dir.mdtest.0.28'
V-3: Rank   0 Line   341 create_remove_items_helper (dirs create): curr_item is './out/test-dir.0-0/mdtest_tree.0/dir.mdtest.0.29'
V-3: Rank   0 Line  1013 stat path is './out/test-dir.0-0/mdtest_tree.0'
V-1: Rank   0 Line   582 Entering mdtest_stat on ./out/test-dir.0-0/mdtest_tree.0
V-3: Rank   0 Line   651 mdtest_stat  dir: ./out/test-dir.0-0/mdtest_tree.0/dir.mdtest.0.14
V-3: Rank   0 Line   651 mdtest_stat  dir: ./out/test-dir.0-0/mdtest_tree.0/dir.mdtest.0.9
V-3: Rank   0 Line   651 mdtest_stat  dir: ./out/test-dir.0-0/mdtest_tree.0/dir.mdtest.0.3
V-3: Rank   0 Line   651 mdtest_stat  dir: ./out/test-dir.0-0/mdtest_tree.0/dir.mdtest.0.25
V-3: Rank   0 Line   651 mdtest_stat  dir: ./out/test-dir.0-0/mdtest_tree.0/dir.mdtest.0.20
V-3: Rank   0 Line   651 mdtest_stat  dir: ./out/test-dir.0-0/mdtest_tree.0/dir.mdtest.0.10
V-3: Rank   0 Line   651 mdtest_stat  dir: ./out/test-dir.0-0/mdtest_tree.0/dir.mdtest.0.2
V-3: Rank   0 Line   651 mdtest_stat  dir: ./out/test-dir.0-0/mdtest_tree.0/dir.mdtest.0.11
V-3: Rank   0 Line   651 mdtest_stat  dir: ./out/test-dir.0-0/mdtest_tree.0/dir.mdtest.0.17
V-3: Rank   0 Line   651 mdtest_stat  dir: ./out/test-dir.0-0/mdtest_tree.0/dir.mdtest.0.24
V-3: Rank   0 Line   651 mdtest_stat  dir: ./out/test-dir.0-0/mdtest_tree.0/dir.mdtest.0.16
V-3: Rank   0 Line   651 mdtest_stat  dir: ./out/test-dir.0-0/mdtest_tree.0/dir.mdtest.0.13
V-3: Rank   0 Line   651 mdtest_stat  dir: ./out/test-dir.0-0/mdtest_tree.0/dir.mdtest.0.22
V-3: Rank   0 Line   651 mdtest_stat  dir: ./out/test-dir.0-0/mdtest_tree.0/dir.mdtest.0.19
V-3: Rank   0 Line   651 mdtest_stat  dir: ./out/test-dir.0-0/mdtest_tree.0/dir.mdtest.0.4
V-3: Rank   0 Line   651 mdtest_stat  dir: ./out/test-dir.0-0/mdtest_tree.0/dir.mdtest.0.21
V-3: Rank   0 Line   651 mdtest_stat  dir: ./out/test-dir.0-0/mdtest_tree.0/dir.mdtest.0.12
V-3: Rank   0 Line   651 mdtest_stat  dir: ./out/test-dir.0-0/mdtest_tree.0/dir.mdtest.0.5
V-3: Rank   0 Line   651 mdtest_stat  dir: ./out/test-dir.0-0/mdtest_tree.0/dir.mdtest.0.26
V-3: Rank   0 Line   651 mdtest_stat  dir: ./out/test-dir.0-0/mdtest_tree.0/dir.mdtest.0.23
V-3: Rank   0 Line   651 mdtest_stat  dir: ./out/test-dir.0-0/mdtest_tree.0/dir.mdtest.0.28
V-3: Rank   0 Line   651 mdtest_stat  dir: ./out/test-dir.0-0/mdtest_tree.0/dir.mdtest.0.0
V-3: Rank   0 Line   651 mdtest_stat  dir: ./out/test-dir.0-0/mdtest_tree.0/dir.mdtest.0.7
V-3: Rank   0 Line   651 mdtest_stat  dir: ./out/test-dir.0-0/mdtest_tree.0/dir.mdtest.0.18
V-3: Rank   0 Line   651 mdtest_stat  dir: ./out/test-dir.0-0/mdtest_tree.0/dir.mdtest.0.15
V-3: Rank   0 Line   651 mdtest_stat  dir: ./out/test-dir.0-0/mdtest_tree.0/dir.mdtest.0.1
V-3: Rank   0 Line   651 mdtest_stat  dir: ./out/test-dir.0-0/mdtest_tree.0/dir.mdtest.0.27
V-3: Rank   0 Line   651 mdtest_stat  dir: ./out/test-dir.0-0/mdtest_tree.0/dir.mdtest.0.6
V-3: Rank   0 Line   651 mdtest_stat  dir: ./out/test-dir.0-0/mdtest_tree.0/dir.mdtest.0.29
V-3: Rank   0 Line   651 mdtest_stat  dir: ./out/test-dir.0-0/mdtest_tree.0/dir.mdtest.0.8
V-3: Rank   0 Line  1043 directory_test: read path is './out/test-dir.0-0/mdtest_tree.0'
V-3: Rank   0 Line  1098 directory_test: remove directories path is './out/test-dir.0-0/mdtest_tree.0'
V-1: Rank   0 Line   514 Entering create_remove_items on ./out/test-dir.0-0/mdtest_tree.0, currDepth = 0...
V-3: Rank   0 Line   520 create_remove_items (start): temp_path is './out/test-dir.0-0/mdtest_tree.0'
V-1: Rank   0 Line   445 Entering create_remove_items_helper on ./out/test-dir.0-0/mdtest_tree.0
V-3: Rank   0 Line   341 create_remove_items_helper (dirs remove): curr_item is './out/test-dir.0-0/mdtest_tree.0/dir.mdtest.0.0'
V-3: Rank   0 Line   341 create_remove_items_helper (dirs remove): curr_item is './out/test-dir.0-0/mdtest_tree.0/dir.mdtest.0.1'
V-3: Rank   0 Line   341 create_remove_items_helper (dirs remove): curr_item is './out/test-dir.0-0/mdtest_tree.0/dir.mdtest.0.2'
V-3: Rank   0 Line   341 create_remove_items_helper (dirs remove): curr_item is './out/test-dir.0-0/mdtest_tree.0/dir.mdtest.0.3'
V-3: Rank   0 Line   341 create_remove_items_helper (dirs remove): curr_item is './out/test-dir.0-0/mdtest_tree.0/dir.mdtest.0.4'
V-3: Rank   0 Line   341 create_remove_items_helper (dirs remove): curr_item is './out/test-dir.0-0/mdtest_tree.0/dir.mdtest.0.5'
V-3: Rank   0 Line   341 create_remove_items_helper (dirs remove): curr_item is './out/test-dir.0-0/mdtest_tree.0/dir.mdtest.0.6'
V-3: Rank   0 Line   341 create_remove_items_helper (dirs remove): curr_item is './out/test-dir.0-0/mdtest_tree.0/dir.mdtest.0.7'
V-3: Rank   0 Line   341 create_remove_items_helper (dirs remove): curr_item is './out/test-dir.0-0/mdtest_tree.0/dir.mdtest.0.8'
V-3: Rank   0 Line   341 create_remove_items_helper (dirs remove): curr_item is './out/test-dir.0-0/mdtest_tree.0/dir.mdtest.0.9'
V-3: Rank   0 Line   341 create_remove_items_helper (dirs remove): curr_item is './out/test-dir.0-0/mdtest_tree.0/dir.mdtest.0.10'
V-3: Rank   0 Line   341 create_remove_items_helper (dirs remove): curr_item is './out/test-dir.0-0/mdtest_tree.0/dir.mdtest.0.11'
V-3: Rank   0 Line   341 create_remove_items_helper (dirs remove): curr_item is './out/test-dir.0-0/mdtest_tree.0/dir.mdtest.0.12'
V-3: Rank   0 Line   341 create_remove_items_helper (dirs remove): curr_item is './out/test-dir.0-0/mdtest_tree.0/dir.mdtest.0.13'
V-3: Rank   0 Line   341 create_remove_items_helper (dirs remove): curr_item is './out/test-dir.0-0/mdtest_tree.0/dir.mdtest.0.14'
V-3: Rank   0 Line   341 create_remove_items_helper (dirs remove): curr_item is './out/test-dir.0-0/mdtest_tree.0/dir.mdtest.0.15'
V-3: Rank   0 Line   341 create_remove_items_helper (dirs remove): curr_item is './out/test-dir.0-0/mdtest_tree.0/dir.mdtest.0.16'
V-3: Rank   0 Line   341 create_remove_items_helper (dirs remove): curr_item is './out/test-dir.0-0/mdtest_tree.0/dir.mdtest.0.17'
V-3: Rank   0 Line   341 create_remove_items_helper (dirs remove): curr_item is './out/test-dir.0-0/mdtest_tree.0/dir.mdtest.0.18'
V-3: Rank   0 Line   341 create_remove_items_helper (dirs remove): curr_item is './out/test-dir.0-0/mdtest_tree.0/dir.mdtest.0.19'
V-3: Rank   0 Line   341 create_remove_items_helper (dirs remove): curr_item is './out/test-dir.0-0/mdtest_tree.0/dir.mdtest.0.20'
V-3: Rank   0 Line   341 create_remove_items_helper (dirs remove): curr_item is './out/test-dir.0-0/mdtest_tree.0/dir.mdtest.0.21'
V-3: Rank   0 Line   341 create_remove_items_helper (dirs remove): curr_item is './out/test-dir.0-0/mdtest_tree.0/dir.mdtest.0.22'
V-3: Rank   0 Line   341 create_remove_items_helper (dirs remove): curr_item is './out/test-dir.0-0/mdtest_tree.0/dir.mdtest.0.23'
V-3: Rank   0 Line   341 create_remove_items_helper (dirs remove): curr_item is './out/test-dir.0-0/mdtest_tree.0/dir.mdtest.0.24'
V-3: Rank   0 Line   341 create_remove_items_helper (dirs remove): curr_item is './out/test-dir.0-0/mdtest_tree.0/dir.mdtest.0.25'
V-3: Rank   0 Line   341 create_remove_items_helper (dirs remove): curr_item is './out/test-dir.0-0/mdtest_tree.0/dir.mdtest.0.26'
V-3: Rank   0 Line   341 create_remove_items_helper (dirs remove): curr_item is './out/test-dir.0-0/mdtest_tree.0/dir.mdtest.0.27'
V-3: Rank   0 Line   341 create_remove_items_helper (dirs remove): curr_item is './out/test-dir.0-0/mdtest_tree.0/dir.mdtest.0.28'
V-3: Rank   0 Line   341 create_remove_items_helper (dirs remove): curr_item is './out/test-dir.0-0/mdtest_tree.0/dir.mdtest.0.29'
V-3: Rank   0 Line  1122 directory_test: remove unique directories path is './out/test-dir.0-0/mdtest_tree.0'

V-1: Rank   0 Line  1125    Directory creation:          0.000 sec,     411206.275 ops/sec
V-1: Rank   0 Line  1126    Directory stat    :          0.000 sec,     435394.879 ops/sec
V-1: Rank   0 Line  1127    Directory rename :          0.000 sec,          0.000 ops/sec
V-1: Rank   0 Line  1128    Directory removal :          0.000 sec,     474826.868 ops/sec
V-3: Rank   0 Line  2171 will file_test on mdtest_tree.0
V-3: Rank   0 Line  1249 Entering file_test on mdtest_tree.0
V-3: Rank   0 Line  1204 file_test: create path is './out/test-dir.0-0/mdtest_tree.0'
V-1: Rank   0 Line   514 Entering create_remove_items on ./out/test-dir.0-0/mdtest_tree.0, currDepth = 0...
V-3: Rank   0 Line   520 create_remove_items (start): temp_path is './out/test-dir.0-0/mdtest_tree.0'
V-1: Rank   0 Line   445 Entering create_remove_items_helper on ./out/test-dir.0-0/mdtest_tree.0
V-3: Rank   0 Line   380 create_remove_items_helper (non-dirs create): curr_item is './out/test-dir.0-0/mdtest_tree.0/file.mdtest.0.0'
V-3: Rank   0 Line   405 create_remove_items_helper (non-collective, shared): open...
DUMMY create: ./out/test-dir.0-0/mdtest_tree.0/file.mdtest.0.0 = 0x1
V-3: Rank   0 Line   437 create_remove_items_helper: close...
DUMMY close 0x1
V-3: Rank   0 Line   380 create_remove_items_helper (non-dirs create): curr_item is './out/test-dir.0-0/mdtest_tree.0/file.mdtest.0.1'
V-3: Rank   0 Line   405 create_remove_items_helper (non-collective, shared): open...
DUMMY create: ./out/test-dir.0-0/mdtest_tree.0/file.mdtest.0.1 = 0x2
V-3: Rank   0 Line   437 create_remove_items_helper: close...
DUMMY close 0x2
V-3: Rank   0 Line   380 create_remove_items_helper (non-dirs create): curr_item is './out/test-dir.0-0/mdtest_tree.0/file.mdtest.0.2'
V-3: Rank   0 Line   405 create_remove_items_helper (non-collective, shared): open...
DUMMY create: ./out/test-dir.0-0/mdtest_tree.0/file.mdtest.0.2 = 0x3
V-3: Rank   0 Line   437 create_remove_items_helper: close...
DUMMY close 0x3
V-3: Rank   0 Line   380 create_remove_items_helper (non-dirs create): curr_item is './out/test-dir.0-0/mdtest_tree.0/file.mdtest.0.3'
V-3: Rank   0 Line   405 create_remove_items_helper (non-collective, shared): open...
DUMMY create: ./out/test-dir.0-0/mdtest_tree.0/file.mdtest.0.3 = 0x4
V-3: Rank   0 Line   437 create_remove_items_helper: close...
DUMMY close 0x4
V-3: Rank   0 Line   380 create_remove_items_helper (non-dirs create): curr_item is './out/test-dir.0-0/mdtest_tree.0/file.mdtest.0.4'
V-3: Rank   0 Line   405 create_remove_items_helper (non-collective, shared): open...
DUMMY create: ./out/test-dir.0-0/mdtest_tree.0/file.mdtest.0.4 = 0x5
V-3: Rank   0 Line   437 create_remove_items_helper: close...
DUMMY close 0x5
V-3: Rank   0 Line   380 create_remove_items_helper (non-dirs create): curr_item is './out/test-dir.0-0/mdtest_tree.0/file.mdtest.0.5'
V-3: Rank   0 Line   405 create_remove_items_helper (non-collective, shared): open...
DUMMY create: ./out/test-dir.0-0/mdtest_tree.0/file.mdtest.0.5 = 0x6
V-3: Rank   0 Line   437 create_remove_items_helper: close...
DUMMY close 0x6
V-3: Rank   0 Line   380 create_remove_items_helper (non-dirs create): curr_item is './out/test-dir.0-0/mdtest_tree.0/file.mdtest.0.6'
V-3: Rank   0 Line   405 create_remove_items_helper (non-collective, shared): open...
DUMMY create: ./out/test-dir.0-0/mdtest_tree.0/file.mdtest.0.6 = 0x7
V-3: Rank   0 Line   437 create_remove_items_helper: close...
DUMMY close 0x7
V-3: Rank   0 Line   380 create_remove_items_helper (non-dirs create): curr_item is './out/test-dir.0-0/mdtest_tree.0/file.mdtest.0.7'
V-3: Rank   0 Line   405 create_remove_items_helper (non-collective, shared): open...
DUMMY create: ./out/test-dir.0-0/mdtest_tree.0/file.mdtest.0.7 = 0x8
V-3: Rank   0 Line   437 create_remove_items_helper: close...
DUMMY close 0x8
V-3: Rank   0 Line   380 create_remove_items_helper (non-dirs create): curr_item is './out/test-dir.0-0/mdtest_tree.0/file.mdtest.0.8'
V-3: Rank   0 Line   405 create_remove_items_helper (non-collective, shared): open...
DUMMY create: ./out/test-dir.0-0/mdtest_tree.0/file.mdtest.0.8 = 0x9
V-3: Rank   0 Line   437 create_remove_items_helper: close...
DUMMY close 0x9
V-3: Rank   0 Line   380 create_remove_items_helper (non-dirs create): curr_item is './out/test-dir.0-0/mdtest_tree.0/file.mdtest.0.9'
V-3: Rank   0 Line   405 create_remove_items_helper (non-collective, shared): open...
DUMMY create: ./out/test-dir.0-0/mdtest_tree.0/file.mdtest.0.9 = 0xa
V-3: Rank   0 Line   437 create_remove_items_helper: close...
DUMMY close 0xa
V-3: Rank   0 Line   380 create_remove_items_helper (non-dirs create): curr_item is './out/test-dir.0-0/mdtest_tree.0/file.mdtest.0.10'
V-3: Rank   0 Line   405 create_remove_items_helper (non-collective, shared): open...
DUMMY create: ./out/test-dir.0-0/mdtest_tree.0/file.mdtest.0.10 = 0xb
V-3: Rank   0 Line   437 create_remove_items_helper: close...
DUMMY close 0xb
V-3: Rank   0 Line   380 create_remove_items_helper (non-dirs create): curr_item is './out/test-dir.0-0/mdtest_tree.0/file.mdtest.0.11'
V-3: Rank   0 Line   405 create_remove_items_helper (non-collective, shared): open...
DUMMY create: ./out/test-dir.0-0/mdtest_tree.0/file.mdtest.0.11 = 0xc
V-3: Rank   0 Line   437 create_remove_items_helper: close...
DUMMY close 0xc
V-3: Rank   0 Line   380 create_remove_items_helper (non-dirs create): curr_item is './out/test-dir.0-0/mdtest_tree.0/file.mdtest.0.12'
V-3: Rank   0 Line   405 create_remove_items_helper (non-collective, shared): open...
DUMMY create: ./out/test-dir.0-0/mdtest_tree.0/file.mdtest.0.12 = 0xd
V-3: Rank   0 Line   437 create_remove_items_helper: close...
DUMMY close 0xd
V-3: Rank   0 Line   380 create_remove_items_helper (non-dirs create): curr_item is './out/test-dir.0-0/mdtest_tree.0/file.mdtest.0.13'
V-3: Rank   0 Line   405 create_remove_items_helper (non-collective, shared): open...
DUMMY create: ./out/test-dir.0-0/mdtest_tree.0/file.mdtest.0.13 = 0xe
V-3: Rank   0 Line   437 create_remove_items_helper: close...
DUMMY close 0xe
V-3: Rank   0 Line   380 create_remove_items_helper (non-dirs create): curr_item is './out/test-dir.0-0/mdtest_tree.0/file.mdtest.0.14'
V-3: Rank   0 Line   405 create_remove_items_helper (non-collective, shared): open...
DUMMY create: ./out/test-dir.0-0/mdtest_tree.0/file.mdtest.0.14 = 0xf
V-3: Rank   0 Line   437 create_remove_items_helper: close...
DUMMY close 0xf
V-3: Rank   0 Line   380 create_remove_items_helper (non-dirs create): curr_item is './out/test-dir.0-0/mdtest_tree.0/file.mdtest.0.15'
V-3: Rank   0 Line   405 create_remove_items_helper (non-collective, shared): open...
DUMMY create: ./out/test-dir.0-0/mdtest_tree.0/file.mdtest.0.15 = 0x10
V-3: Rank   0 Line   437 create_remove_items_helper: close...
DUMMY close 0x10
V-3: Rank   0 Line   380 create_remove_items_helper (non-dirs create): curr_item is './out/test-dir.0-0/mdtest_tree.0/file.mdtest.0.16'
V-3: Rank   0 Line   405 create_remove_items_helper (non-collective, shared): open...
DUMMY create: ./out/test-dir.0-0/mdtest_tree.0/file.mdtest.0.16 = 0x11
V-3: Rank   0 Line   437 create_remove_items_helper: close...
DUMMY close 0x11
V-3: Rank   0 Line   380 create_remove_items_helper (non-dirs create): curr_item is './out/test-dir.0-0/mdtest_tree.0/file.mdtest.0.17'
V-3: Rank   0 Line   405 create_remove_items_helper (non-collective, shared): open...
DUMMY create: ./out/test-dir.0-0/mdtest_tree.0/file.mdtest.0.17 = 0x12
V-3: Rank   0 Line   437 create_remove_items_helper: close...
DUMMY close 0x12
V-3: Rank   0 Line   380 create_remove_items_helper (non-dirs create): curr_item is './out/test-dir.0-0/mdtest_tree.0/file.mdtest.0.18'
V-3: Rank   0 Line   405 create_remove_items_helper (non-collective, shared): open...
DUMMY create: ./out/test-dir.0-0/mdtest_tree.0/file.mdtest.0.18 = 0x13
V-3: Rank   0 Line   437 create_remove_items_helper: close...
DUMMY close 0x13
V-3: Rank   0 Line   380 create_remove_items_helper (non-dirs create): curr_item is './out/test-dir.0-0/mdtest_tree.0/file.mdtest.0.19'
V-3: Rank   0 Line   405 create_remove_items_helper (non-collective, shared): open...
DUMMY create: ./out/test-dir.0-0/mdtest_tree.0/file.mdtest.0.19 = 0x14
V-3: Rank   0 Line   437 create_remove_items_helper: close...
DUMMY close 0x14
V-3: Rank   0 Line   380 create_remove_items_helper (non-dirs create): curr_item is './out/test-dir.0-0/mdtest_tree.0/file.mdtest.0.20'
V-3: Rank   0 Line   405 create_remove_items_helper (non-collective, shared): open...
DUMMY create: ./out/test-dir.0-0/mdtest_tree.0/file.mdtest.0.20 = 0x15
V-3: Rank   0 Line   437 create_remove_items_helper: close...
DUMMY close 0x15
V-3: Rank   0 Line   380 create_remove_items_helper (non-dirs create): curr_item is './out/test-dir.0-0/mdtest_tree.0/file.mdtest.0.21'
V-3: Rank   0 Line   405 create_remove_items_helper (non-collective, shared): open...
DUMMY create: ./out/test-dir.0-0/mdtest_tree.0/file.mdtest.0.21 = 0x16
V-3: Rank   0 Line   437 create_remove_items_helper: close...
DUMMY close 0x16
V-3: Rank   0 Line   380 create_remove_items_helper (non-dirs create): curr_item is './out/test-dir.0-0/mdtest_tree.0/file.mdtest.0.22'
V-3: Rank   0 Line   405 create_remove_items_helper (non-collective, shared): open...
DUMMY create: ./out/test-dir.0-0/mdtest_tree.0/file.mdtest.0.22 = 0x17
V-3: Rank   0 Line   437 create_remove_items_helper: close...
DUMMY close 0x17
V-3: Rank   0 Line   380 create_remove_items_helper (non-dirs create): curr_item is './out/test-dir.0-0/mdtest_tree.0/file.mdtest.0.23'
V-3: Rank   0 Line   405 create_remove_items_helper (non-collective, shared): open...
DUMMY create: ./out/test-dir.0-0/mdtest_tree.0/file.mdtest.0.23 = 0x18
V-3: Rank   0 Line   437 create_remove_items_helper: close...
DUMMY close 0x18
V-3: Rank   0 Line   380 create_remove_items_helper (non-dirs create): curr_item is './out/test-dir.0-0/mdtest_tree.0/file.mdtest.0.24'
V-3: Rank   0 Line   405 create_remove_items_helper (non-collective, shared): open...
DUMMY create: ./out/test-dir.0-0/mdtest_tree.0/file.mdtest.0.24 = 0x19
V-3: Rank   0 Line   437 create_remove_items_helper: close...
DUMMY close 0x19
V-3: Rank   0 Line   380 create_remove_items_helper (non-dirs create): curr_item is './out/test-dir.0-0/mdtest_tree.0/file.mdtest.0.25'
V-3: Rank   0 Line   405 create_remove_items_helper (non-collective, shared): open...
DUMMY create: ./out/test-dir.0-0/mdtest_tree.0/file.mdtest.0.25 = 0x1a
V-3: Rank   0 Line   437 create_remove_items_helper: close...
DUMMY close 0x1a
V-3: Rank   0 Line   380 create_remove_items_helper (non-dirs create): curr_item is './out/test-dir.0-0/mdtest_tree.0/file.mdtest.0.26'
V-3: Rank   0 Line   405 create_remove_items_helper (non-collective, shared): open...
DUMMY create: ./out/test-dir.0-0/mdtest_tree.0/file.mdtest.0.26 = 0x1b
V-3: Rank   0 Line   437 create_remove_items_helper: close...
DUMMY close 0x1b
V-3: Rank   0 Line   380 create_remove_items_helper (non-dirs create): curr_item is './out/test-dir.0-0/mdtest_tree.0/file.mdtest.0.27'
V-3: Rank   0 Line   405 create_remove_items_helper (non-collective, shared): open...
DUMMY create: ./out/test-dir.0-0/mdtest_tree.0/file.mdtest.0.27 = 0x1c
V-3: Rank   0 Line   437 create_remove_items_helper: close...
DUMMY close 0x1c
V-3: Rank   0 Line   380 create_remove_items_helper (non-dirs create): curr_item is './out/test-dir.0-0/mdtest_tree.0/file.mdtest.0.28'
V-3: Rank   0 Line   405 create_remove_items_helper (non-collective, shared): open...
DUMMY create: ./out/test-dir.0-0/mdtest_tree.0/file.mdtest.0.28 = 0x1d
V-3: Rank   0 Line   437 create_remove_items_helper: close...
DUMMY close 0x1d
V-3: Rank   0 Line   380 create_remove_items_helper (non-dirs create): curr_item is './out/test-dir.0-0/mdtest_tree.0/file.mdtest.0.29'
V-3: Rank   0 Line   405 create_remove_items_helper (non-collective, shared): open...
DUMMY create: ./out/test-dir.0-0/mdtest_tree.0/file.mdtest.0.29 = 0x1e
V-3: Rank   0 Line   437 create_remove_items_helper: close...
DUMMY close 0x1e
V-3: Rank   0 Line  1334 file_test: stat path is './out/test-dir.0-0/mdtest_tree.0'
V-1: Rank   0 Line   582 Entering mdtest_stat on ./out/test-dir.0-0/mdtest_tree.0
V-3: Rank   0 Line   651 mdtest_stat file: ./out/test-dir.0-0/mdtest_tree.0/file.mdtest.0.14
V-3: Rank   0 Line   651 mdtest_stat file: ./out/test-dir.0-0/mdtest_tree.0/file.mdtest.0.9
V-3: Rank   0 Line   651 mdtest_stat file: ./out/test-dir.0-0/mdtest_tree.0/file.mdtest.0.3
V-3: Rank   0 Line   651 mdtest_stat file: ./out/test-dir.0-0/mdtest_tree.0/file.mdtest.0.25
V-3: Rank   0 Line   651 mdtest_stat file: ./out/test-dir.0-0/mdtest_tree.0/file.mdtest.0.20
V-3: Rank   0 Line   651 mdtest_stat file: ./out/test-dir.0-0/mdtest_tree.0/file.mdtest.0.10
V-3: Rank   0 Line   651 mdtest_stat file: ./out/test-dir.0-0/mdtest_tree.0/file.mdtest.0.2
V-3: Rank   0 Line   651 mdtest_stat file: ./out/test-dir.0-0/mdtest_tree.0/file.mdtest.0.11
V-3: Rank   0 Line   651 mdtest_stat file: ./out/test-dir.0-0/mdtest_tree.0/file.mdtest.0.17
V-3: Rank   0 Line   651 mdtest_stat file: ./out/test-dir.0-0/mdtest_tree.0/file.mdtest.0.24
V-3: Rank   0 Line   651 mdtest_stat file: ./out/test-dir.0-0/mdtest_tree.0/file.mdtest.0.16
V-3: Rank   0 Line   651 mdtest_stat file: ./out/test-dir.0-0/mdtest_tree.0/file.mdtest.0.13
V-3: Rank   0 Line   651 mdtest_stat file: ./out/test-dir.0-0/mdtest_tree.0/file.mdtest.0.22
V-3: Rank   0 Line   651 mdtest_stat file: ./out/test-dir.0-0/mdtest_tree.0/file.mdtest.0.19
V-3: Rank   0 Line   651 mdtest_stat file: ./out/test-dir.0-0/mdtest_tree.0/file.mdtest.0.4
V-3: Rank   0 Line   651 mdtest_stat file: ./out/test-dir.0-0/mdtest_tree.0/file.mdtest.0.21
V-3: Rank   0 Line   651 mdtest_stat file: ./out/test-dir.0-0/mdtest_tree.0/file.mdtest.0.12
V-3: Rank   0 Line   651 mdtest_stat file: ./out/test-dir.0-0/mdtest_tree.0/file.mdtest.0.5
V-3: Rank   0 Line   651 mdtest_stat file: ./out/test-dir.0-0/mdtest_tree.0/file.mdtest.0.26
V-3: Rank   0 Line   651 mdtest_stat file: ./out/test-dir.0-0/mdtest_tree.0/file.mdtest.0.23
V-3: Rank   0 Line   651 mdtest_stat file: ./out/test-dir.0-0/mdtest_tree.0/file.mdtest.0.28
V-3: Rank   0 Line   651 mdtest_stat file: ./out/test-dir.0-0/mdtest_tree.0/file.mdtest.0.0
V-3: Rank   0 Line   651 mdtest_stat file: ./out/test-dir.0-0/mdtest_tree.0/file.mdtest.0.7
V-3: Rank   0 Line   651 mdtest_stat file: ./out/test-dir.0-0/mdtest_tree.0/file.mdtest.0.18
V-3: Rank   0 Line   651 mdtest_stat file: ./out/test-dir.0-0/mdtest_tree.0/file.mdtest.0.15
V-3: Rank   0 Line   651 mdtest_stat file: ./out/test-dir.0-0/mdtest_tree.0/file.mdtest.0.1
V-3: Rank   0 Line   651 mdtest_stat file: ./out/test-dir.0-0/mdtest_tree.0/file.mdtest.0.27
V-3: Rank   0 Line   651 mdtest_stat file: ./out/test-dir.0-0/mdtest_tree.0/file.mdtest.0.6
V-3: Rank   0 Line   651 mdtest_stat file: ./out/test-dir.0-0/mdtest_tree.0/file.mdtest.0.29
V-3: Rank   0 Line   651 mdtest_stat file: ./out/test-dir.0-0/mdtest_tree.0/file.mdtest.0.8
V-3: Rank   0 Line  1367 file_test: read path is './out/test-dir.0-0/mdtest_tree.0'
V-1: Rank   0 Line   666 Entering mdtest_read on ./out/test-dir.0-0/mdtest_tree.0
V-3: Rank   0 Line   738 mdtest_read file: ./out/test-dir.0-0/mdtest_tree.0/file.mdtest.0.14
DUMMY open: ./out/test-dir.0-0/mdtest_tree.0/file.mdtest.0.14 = 0x1f
DUMMY close 0x1f
V-3: Rank   0 Line   738 mdtest_read file: ./out/test-dir.0-0/mdtest_tree.0/file.mdtest.0.9
DUMMY open: ./out/test-dir.0-0/mdtest_tree.0/file.mdtest.0.9 = 0x20
DUMMY close 0x20
V-3: Rank   0 Line   738 mdtest_read file: ./out/test-dir.0-0/mdtest_tree.0/file.mdtest.0.3
DUMMY open: ./out/test-dir.0-0/mdtest_tree.0/file.mdtest.0.3 = 0x21
DUMMY close 0x21
V-3: Rank   0 Line   738 mdtest_read file: ./out/test-dir.0-0/mdtest_tree.0/file.mdtest.0.25
DUMMY open: ./out/test-dir.0-0/mdtest_tree.0/file.mdtest.0.25 = 0x22
DUMMY close 0x22
V-3: Rank   0 Line   738 mdtest_read file: ./out/test-dir.0-0/mdtest_tree.0/file.mdtest.0.20
DUMMY open: ./out/test-dir.0-0/mdtest_tree.0/file.mdtest.0.20 = 0x23
DUMMY close 0x23
V-3: Rank   0 Line   738 mdtest_read file: ./out/test-dir.0-0/mdtest_tree.0/file.mdtest.0.10
DUMMY open: ./out/test-dir.0-0/mdtest_tree.0/file.mdtest.0.10 = 0x24
DUMMY close 0x24
V-3: Rank   0 Line   738 mdtest_read file: ./out/test-dir.0-0/mdtest_tree.0/file.mdtest.0.2
DUMMY open: ./out/test-dir.0-0/mdtest_tree.0/file.mdtest.0.2 = 0x25
DUMMY close 0x25
V-3: Rank   0 Line   738 mdtest_read file: ./out/test-dir.0-0/mdtest_tree.0/file.mdtest.0.11
DUMMY open: ./out/test-dir.0-0/mdtest_tree.0/file.mdtest.0.11 = 0x26
DUMMY close 0x26
V-3: Rank   0 Line   738 mdtest_read file: ./out/test-dir.0-0/mdtest_tree.0/file.mdtest.0.17
DUMMY open: ./out/test-dir.0-0/mdtest_tree.0/file.mdtest.0.17 = 0x27
DUMMY close 0x27
V-3: Rank   0 Line   738 mdtest_read file: ./out/test-dir.0-0/mdtest_tree.0/file.mdtest.0.24
DUMMY open: ./out/test-dir.0-0/mdtest_tree.0/file.mdtest.0.24 = 0x28
DUMMY close 0x28
V-3: Rank   0 Line   738 mdtest_read file: ./out/test-dir.0-0/mdtest_tree.0/file.mdtest.0.16
DUMMY open: ./out/test-dir.0-0/mdtest_tree.0/file.mdtest.0.16 = 0x29
DUMMY close 0x29
V-3: Rank   0 Line   738 mdtest_read file: ./out/test-dir.0-0/mdtest_tree.0/file.mdtest.0.13
DUMMY open: ./out/test-dir.0-0/mdtest_tree.0/file.mdtest.0.13 = 0x2a
DUMMY close 0x2a
V-3: Rank   0 Line   738 mdtest_read file: ./out/test-dir.0-0/mdtest_tree.0/file.mdtest.0.22
DUMMY open: ./out/test-dir.0-0/mdtest_tree.0/file.mdtest.0.22 = 0x2b
DUMMY close 0x2b
V-3: Rank   0 Line   738 mdtest_read file: ./out/test-dir.0-0/mdtest_tree.0/file.mdtest.0.19
DUMMY open: ./out/test-dir.0-0/mdtest_tree.0/file.mdtest.0.19 = 0x2c
DUMMY close 0x2c
V-3: Rank   0 Line   738 mdtest_read file: ./out/test-dir.0-0/mdtest_tree.0/file.mdtest.0.4
DUMMY open: ./out/test-dir.0-0/mdtest_tree.0/file.mdtest.0.4 = 0x2d
DUMMY close 0x2d
V-3: Rank   0 Line   738 mdtest_read file: ./out/test-dir.0-0/mdtest_tree.0/file.mdtest.0.21
DUMMY open: ./out/test-dir.0-0/mdtest_tree.0/file.mdtest.0.21 = 0x2e
DUMMY close 0x2e
V-3: Rank   0 Line   738 mdtest_read file: ./out/test-dir.0-0/mdtest_tree.0/file.mdtest.0.12
DUMMY open: ./out/test-dir.0-0/mdtest_tree.0/file.mdtest.0.12 = 0x2f
DUMMY close 0x2f
V-3: Rank   0 Line   738 mdtest_read file: ./out/test-dir.0-0/mdtest_tree.0/file.mdtest.0.5
DUMMY open: ./out/test-dir.0-0/mdtest_tree.0/file.mdtest.0.5 = 0x30
DUMMY close 0x30
V-3: Rank   0 Line   738 mdtest_read file: ./out/test-dir.0-0/mdtest_tree.0/file.mdtest.0.26
DUMMY open: ./out/test-dir.0-0/mdtest_tree.0/file.mdtest.0.26 = 0x31
DUMMY close 0x31
V-3: Rank   0 Line   738 mdtest_read file: ./out/test-dir.0-0/mdtest_tree.0/file.mdtest.0.23
DUMMY open: ./out/test-dir.0-0/mdtest_tree.0/file.mdtest.0.23 = 0x32
DUMMY close 0x32
V-3: Rank   0 Line   738 mdtest_read file: ./out/test-dir.0-0/mdtest_tree.0/file.mdtest.0.28
DUMMY open: ./out/test-dir.0-0/mdtest_tree.0/file.mdtest.0.28 = 0x33
DUMMY close 0x33
V-3: Rank   0 Line   738 mdtest_read file: ./out/test-dir.0-0/mdtest_tree.0/file.mdtest.0.0
DUMMY open: ./out/test-dir.0-0/mdtest_tree.0/file.mdtest.0.0 = 0x34
DUMMY close 0x34
V-3: Rank   0 Line   738 mdtest_read file: ./out/test-dir.0-0/mdtest_tree.0/file.mdtest.0.7
DUMMY open: ./out/test-dir.0-0/mdtest_tree.0/file.mdtest.0.7 = 0x35
DUMMY close 0x35
V-3: Rank   0 Line   738 mdtest_read file: ./out/test-dir.0-0/mdtest_tree.0/file.mdtest.0.18
DUMMY open: ./out/test-dir.0-0/mdtest_tree.0/file.mdtest.0.18 = 0x36
DUMMY close 0x36
V-3: Rank   0 Line   738 mdtest_read file: ./out/test-dir.0-0/mdtest_tree.0/file.mdtest.0.15
DUMMY open: ./out/test-dir.0-0/mdtest_tree.0/file.mdtest.0.15 = 0x37
DUMMY close 0x37
V-3: Rank   0 Line   738 mdtest_read file: ./out/test-dir.0-0/mdtest_tree.0/file.mdtest.0.1
DUMMY open: ./out/test-dir.0-0/mdtest_tree.0/file.mdtest.0.1 = 0x38
DUMMY close 0x38
V-3: Rank   0 Line   738 mdtest_read file: ./out/test-dir.0-0/mdtest_tree.0/file.mdtest.0.27
DUMMY open: ./out/test-dir.0-0/mdtest_tree.0/file.mdtest.0.27 = 0x39
DUMMY close 0x39
V-3: Rank   0 Line   738 mdtest_read file: ./out/test-dir.0-0/mdtest_tree.0/file.mdtest.0.6
DUMMY open: ./out/test-dir.0-0/mdtest_tree.0/file.mdtest.0.6 = 0x3a
DUMMY close 0x3a
V-3: Rank   0 Line   738 mdtest_read file: ./out/test-dir.0-0/mdtest_tree.0/file.mdtest.0.29
DUMMY open: ./out/test-dir.0-0/mdtest_tree.0/file.mdtest.0.29 = 0x3b
DUMMY close 0x3b
V-3: Rank   0 Line   738 mdtest_read file: ./out/test-dir.0-0/mdtest_tree.0/file.mdtest.0.8
DUMMY open: ./out/test-dir.0-0/mdtest_tree.0/file.mdtest.0.8 = 0x3c
DUMMY close 0x3c
V-3: Rank   0 Line  1404 file_test: rm directories path is './out/test-dir.0-0/mdtest_tree.0'
V-3: Rank   0 Line  1410 gonna remove ./out/test-dir.0-0/mdtest_tree.0
V-1: Rank   0 Line   514 Entering create_remove_items on ./out/test-dir.0-0/mdtest_tree.0, currDepth = 0...
V-3: Rank   0 Line   520 create_remove_items (start): temp_path is './out/test-dir.0-0/mdtest_tree.0'
V-1: Rank   0 Line   445 Entering create_remove_items_helper on ./out/test-dir.0-0/mdtest_tree.0
V-3: Rank   0 Line   363 create_remove_items_helper (non-dirs remove): curr_item is './out/test-dir.0-0/mdtest_tree.0/file.mdtest.0.0'
DUMMY delete: ./out/test-dir.0-0/mdtest_tree.0/file.mdtest.0.0
V-3: Rank   0 Line   363 create_remove_items_helper (non-dirs remove): curr_item is './out/test-dir.0-0/mdtest_tree.0/file.mdtest.0.1'
DUMMY delete: ./out/test-dir.0-0/mdtest_tree.0/file.mdtest.0.1
V-3: Rank   0 Line   363 create_remove_items_helper (non-dirs remove): curr_item is './out/test-dir.0-0/mdtest_tree.0/file.mdtest.0.2'
DUMMY delete: ./out/test-dir.0-0/mdtest_tree.0/file.mdtest.0.2
V-3: Rank   0 Line   363 create_remove_items_helper (non-dirs remove): curr_item is './out/test-dir.0-0/mdtest_tree.0/file.mdtest.0.3'
DUMMY delete: ./out/test-dir.0-0/mdtest_tree.0/file.mdtest.0.3
V-3: Rank   0 Line   363 create_remove_items_helper (non-dirs remove): curr_item is './out/test-dir.0-0/mdtest_tree.0/file.mdtest.0.4'
DUMMY delete: ./out/test-dir.0-0/mdtest_tree.0/file.mdtest.0.4
V-3: Rank   0 Line   363 create_remove_items_helper (non-dirs remove): curr_item is './out/test-dir.0-0/mdtest_tree.0/file.mdtest.0.5'
DUMMY delete: ./out/test-dir.0-0/mdtest_tree.0/file.mdtest.0.5
V-3: Rank   0 Line   363 create_remove_items_helper (non-dirs remove): curr_item is './out/test-dir.0-0/mdtest_tree.0/file.mdtest.0.6'
DUMMY delete: ./out/test-dir.0-0/mdtest_tree.0/file.mdtest.0.6
V-3: Rank   0 Line   363 create_remove_items_helper (non-dirs remove): curr_item is './out/test-dir.0-0/mdtest_tree.0/file.mdtest.0.7'
DUMMY delete: ./out/test-dir.0-0/mdtest_tree.0/file.mdtest.0.7
V-3: Rank   0 Line   363 create_remove_items_helper (non-dirs remove): curr_item is './out/test-dir.0-0/mdtest_tree.0/file.mdtest.0.8'
DUMMY delete: ./out/test-dir.0-0/mdtest_tree.0/file.mdtest.0.8
V-3: Rank   0 Line   363 create_remove_items_helper (non-dirs remove): curr_item is './out/test-dir.0-0/mdtest_tree.0/file.mdtest.0.9'
DUMMY delete: ./out/test-dir.0-0/mdtest_tree.0/file.mdtest.0.9
V-3: Rank   0 Line   363 create_remove_items_helper (non-dirs remove): curr_item is './out/test-dir.0-0/mdtest_tree.0/file.mdtest.0.10'
DUMMY delete: ./out/test-dir.0-0/mdtest_tree.0/file.mdtest.0.10
V-3: Rank   0 Line   363 create_remove_items_helper (non-dirs remove): curr_item is './out/test-dir.0-0/mdtest_tree.0/file.mdtest.0.11'
DUMMY delete: ./out/test-dir.0-0/mdtest_tree.0/file.mdtest.0.11
V-3: Rank   0 Line   363 create_remove_items_helper (non-dirs remove): curr_item is './out/test-dir.0-0/mdtest_tree.0/file.mdtest.0.12'
DUMMY delete: ./out/test-dir.0-0/mdtest_tree.0/file.mdtest.0.12
V-3: Rank   0 Line   363 create_remove_items_helper (non-dirs remove): curr_item is './out/test-dir.0-0/mdtest_tree.0/file.mdtest.0.13'
DUMMY delete: ./out/test-dir.0-0/mdtest_tree.0/file.mdtest.0.13
V-3: Rank   0 Line   363 create_remove_items_helper (non-dirs remove): curr_item is './out/test-dir.0-0/mdtest_tree.0/file.mdtest.0.14'
DUMMY delete: ./out/test-dir.0-0/mdtest_tree.0/file.mdtest.0.14
V-3: Rank   0 Line   363 create_remove_items_helper (non-dirs remove): curr_item is './out/test-dir.0-0/mdtest_tree.0/file.mdtest.0.15'
DUMMY delete: ./out/test-dir.0-0/mdtest_tree.0/file.mdtest.0.15
V-3: Rank   0 Line   363 create_remove_items_helper (non-dirs remove): curr_item is './out/test-dir.0-0/mdtest_tree.0/file.mdtest.0.16'
DUMMY delete: ./out/test-dir.0-0/mdtest_tree.0/file.mdtest.0.16
V-3: Rank   0 Line   363 create_remove_items_helper (non-dirs remove): curr_item is './out/test-dir.0-0/mdtest_tree.0/file.mdtest.0.17'
DUMMY delete: ./out/test-dir.0-0/mdtest_tree.0/file.mdtest.0.17
V-3: Rank   0 Line   363 create_remove_items_helper (non-dirs remove): curr_item is './out/test-dir.0-0/mdtest_tree.0/file.mdtest.0.18'
DUMMY delete: ./out/test-dir.0-0/mdtest_tree.0/file.mdtest.0.18
V-3: Rank   0 Line   363 create_remove_items_helper (non-dirs remove): curr_item is './out/test-dir.0-0/mdtest_tree.0/file.mdtest.0.19'
DUMMY delete: ./out/test-dir.0-0/mdtest_tree.0/file.mdtest.0.19
V-3: Rank   0 Line   363 create_remove_items_helper (non-dirs remove): curr_item is './out/test-dir.0-0/mdtest_tree.0/file.mdtest.0.20'
DUMMY delete: ./out/test-dir.0-0/mdtest_tree.0/file.mdtest.0.20
V-3: Rank   0 Line   363 create_remove_items_helper (non-dirs remove): curr_item is './out/test-dir.0-0/mdtest_tree.0/file.mdtest.0.21'
DUMMY delete: ./out/test-dir.0-0/mdtest_tree.0/file.mdtest.0.21
V-3: Rank   0 Line   363 create_remove_items_helper (non-dirs remove): curr_item is './out/test-dir.0-0/mdtest_tree.0/file.mdtest.0.22'
DUMMY delete: ./out/test-dir.0-0/mdtest_tree.0/file.mdtest.0.22
V-3: Rank   0 Line   363 create_remove_items_helper (non-dirs remove): curr_item is './out/test-dir.0-0/mdtest_tree.0/file.mdtest.0.23'
DUMMY delete: ./out/test-dir.0-0/mdtest_tree.0/file.mdtest.0.23
V-3: Rank   0 Line   363 create_remove_items_helper (non-dirs remove): curr_item is './out/test-dir.0-0/mdtest_tree.0/file.mdtest.0.24'
DUMMY delete: ./out/test-dir.0-0/mdtest_tree.0/file.mdtest.0.24
V-3: Rank   0 Line   363 create_remove_items_helper (non-dirs remove): curr_item is './out/test-dir.0-0/mdtest_tree.0/file.mdtest.0.25'
DUMMY delete: ./out/test-dir.0-0/mdtest_tree.0/file.mdtest.0.25
V-3: Rank   0 Line   363 create_remove_items_helper (non-dirs remove): curr_item is './out/test-dir.0-0/mdtest_tree.0/file.mdtest.0.26'
DUMMY delete: ./out/test-dir.0-0/mdtest_tree.0/file.mdtest.0.26
V-3: Rank   0 Line   363 create_remove_items_helper (non-dirs remove): curr_item is './out/test-dir.0-0/mdtest_tree.0/file.mdtest.0.27'
DUMMY delete: ./out/test-dir.0-0/mdtest_tree.0/file.mdtest.0.27
V-3: Rank   0 Line   363 create_remove_items_helper (non-dirs remove): curr_item is './out/test-dir.0-0/mdtest_tree.0/file.mdtest.0.28'
DUMMY delete: ./out/test-dir.0-0/mdtest_tree.0/file.mdtest.0.28
V-3: Rank   0 Line   363 create_remove_items_helper (non-dirs remove): curr_item is './out/test-dir.0-0/mdtest_tree.0/file.mdtest.0.29'
DUMMY delete: ./out/test-dir.0-0/mdtest_tree.0/file.mdtest.0.29
V-3: Rank   0 Line  1428 file_test: rm unique directories path is 'mdtest_tree.0'
V-1: Rank   0 Line  1435   File creation     :          0.000 sec,     157090.037 ops/sec
V-1: Rank   0 Line  1439   File stat         :          0.000 sec,     462607.059 ops/sec
V-1: Rank   0 Line  1440   File read         :          0.000 sec,     427990.204 ops/sec
V-1: Rank   0 Line  1441   File removal      :          0.000 sec,     469511.642 ops/sec
V-3: Rank   0 Line  2179 main: Using o.testdir, './out/test-dir.0-0'
V-3: Rank   0 Line  2220 V-3: main (remove hierarchical directory loop-!unique_dir_per_task): Calling create_remove_directory_tree with './out/test-dir.0-0'
V-1: Rank   0 Line  1977 Entering create_remove_directory_tree on ./out/test-dir.0-0, currDepth = 0...
V-1: Rank   0 Line  1977 Entering create_remove_directory_tree on ./out/test-dir.0-0/mdtest_tree.0/, currDepth = 1...
V-2: Rank   0 Line  2001 Remove directory './out/test-dir.0-0/mdtest_tree.0/'
V-1: Rank   0 Line  2237 main   Tree removal      :          0.000 sec,     167772.160 ops/sec
V-2: Rank   0 Line  2238 main (at end of for j loop): Removing o.testdir of './out/test-dir.0-0'


SUMMARY rate (in ops/sec): (of 1 iterations)
   Operation                     Max            Min           Mean        Std Dev
   ---------                     ---            ---           ----        -------
   Directory creation         411206.275     411206.275     411206.275          0.000
   Directory stat             435394.879     435394.879     435394.879          0.000
   Directory rename                0.000          0.000          0.000          0.000
   Directory removal          474826.868     474826.868     474826.868          0.000
   File creation              157090.037     157090.037     157090.037          0.000
   File stat                  462607.059     462607.059     462607.059          0.000
   File read                  427990.204     427990.204     427990.204          0.000
   File removal               469511.642     469511.642     469511.642          0.000
   Tree creation               55188.211      55188.211      55188.211          0.000
   Tree removal               167772.160     167772.160     167772.160          0.000
V-1: Entering PrintTimestamp...
-- finished at 04/19/2025 13:22:12 --

WARNING: DUMMY finalized, (aiori-DUMMY.c:193).
