DUMMY mkdir: /out
DUMMY mkdir: /out/test-dir.0-0
DUMMY mkdir: /out/test-dir.0-0/mdtest_tree.0
DUMMY mkdir: /out/test-dir.0-0/mdtest_tree.0/dir.mdtest.0.0
DUMMY mkdir: /out/test-dir.0-0/mdtest_tree.0/dir.mdtest.0.1
DUMMY mkdir: /out/test-dir.0-0/mdtest_tree.0/dir.mdtest.0.2
DUMMY mkdir: /out/test-dir.0-0/mdtest_tree.0/dir.mdtest.0.3
DUMMY mkdir: /out/test-dir.0-0/mdtest_tree.0/dir.mdtest.0.4
DUMMY mkdir: /out/test-dir.0-0/mdtest_tree.0/dir.mdtest.0.5
DUMMY mkdir: /out/test-dir.0-0/mdtest_tree.0/dir.mdtest.0.6
DUMMY mkdir: /out/test-dir.0-0/mdtest_tree.0/dir.mdtest.0.7
DUMMY mkdir: /out/test-dir.0-0/mdtest_tree.0/dir.mdtest.0.8
DUMMY mkdir: /out/test-dir.0-0/mdtest_tree.0/dir.mdtest.0.9
DUMMY mkdir: /out/test-dir.0-0/mdtest_tree.0/dir.mdtest.0.10
DUMMY mkdir: /out/test-dir.0-0/mdtest_tree.0/dir.mdtest.0.11
DUMMY mkdir: /out/test-dir.0-0/mdtest_tree.0/dir.mdtest.0.12
DUMMY mkdir: /out/test-dir.0-0/mdtest_tree.0/dir.mdtest.0.13
DUMMY mkdir: /out/test-dir.0-0/mdtest_tree.0/dir.mdtest.0.14
DUMMY mkdir: /out/test-dir.0-0/mdtest_tree.0/dir.mdtest.0.15
DUMMY mkdir: /out/test-dir.0-0/mdtest_tree.0/dir.mdtest.0.16
DUMMY mkdir: /out/test-dir.0-0/mdtest_tree.0/dir.mdtest.0.17
DUMMY mkdir: /out/test-dir.0-0/mdtest_tree.0/dir.mdtest.0.18
DUMMY mkdir: /out/test-dir.0-0/mdtest_tree.0/dir.mdtest.0.19
DUMMY mkdir: /out/test-dir.0-0/mdtest_tree.0/dir.mdtest.0.20
DUMMY mkdir: /out/test-dir.0-0/mdtest_tree.0/dir.mdtest.0.21
DUMMY mkdir: /out/test-dir.0-0/mdtest_tree.0/dir.mdtest.0.22
DUMMY mkdir: /out/test-dir.0-0/mdtest_tree.0/dir.mdtest.0.23
DUMMY mkdir: /out/test-dir.0-0/mdtest_tree.0/dir.mdtest.0.24
DUMMY mkdir: /out/test-dir.0-0/mdtest_tree.0/dir.mdtest.0.25
DUMMY mkdir: /out/test-dir.0-0/mdtest_tree.0/dir.mdtest.0.26
DUMMY mkdir: /out/test-dir.0-0/mdtest_tree.0/dir.mdtest.0.27
DUMMY mkdir: /out/test-dir.0-0/mdtest_tree.0/dir.mdtest.0.28
DUMMY mkdir: /out/test-dir.0-0/mdtest_tree.0/dir.mdtest.0.29
DUMMY dir_stat: /out/test-dir.0-0/mdtest_tree.0/dir.mdtest.0.4
DUMMY dir_stat: /out/test-dir.0-0/mdtest_tree.0/dir.mdtest.0.10
DUMMY dir_stat: /out/test-dir.0-0/mdtest_tree.0/dir.mdtest.0.16
DUMMY dir_stat: /out/test-dir.0-0/mdtest_tree.0/dir.mdtest.0.22
DUMMY dir_stat: /out/test-dir.0-0/mdtest_tree.0/dir.mdtest.0.12
DUMMY dir_stat: /out/test-dir.0-0/mdtest_tree.0/dir.mdtest.0.29
DUMMY dir_stat: /out/test-dir.0-0/mdtest_tree.0/dir.mdtest.0.7
DUMMY dir_stat: /out/test-dir.0-0/mdtest_tree.0/dir.mdtest.0.27
DUMMY dir_stat: /out/test-dir.0-0/mdtest_tree.0/dir.mdtest.0.14
DUMMY dir_stat: /out/test-dir.0-0/mdtest_tree.0/dir.mdtest.0.13
DUMMY dir_stat: /out/test-dir.0-0/mdtest_tree.0/dir.mdtest.0.8
DUMMY dir_stat: /out/test-dir.0-0/mdtest_tree.0/dir.mdtest.0.20
DUMMY dir_stat: /out/test-dir.0-0/mdtest_tree.0/dir.mdtest.0.18
DUMMY dir_stat: /out/test-dir.0-0/mdtest_tree.0/dir.mdtest.0.15
DUMMY dir_stat: /out/test-dir.0-0/mdtest_tree.0/dir.mdtest.0.5
DUMMY dir_stat: /out/test-dir.0-0/mdtest_tree.0/dir.mdtest.0.17
DUMMY dir_stat: /out/test-dir.0-0/mdtest_tree.0/dir.mdtest.0.9
DUMMY dir_stat: /out/test-dir.0-0/mdtest_tree.0/dir.mdtest.0.21
DUMMY dir_stat: /out/test-dir.0-0/mdtest_tree.0/dir.mdtest.0.11
DUMMY dir_stat: /out/test-dir.0-0/mdtest_tree.0/dir.mdtest.0.1
DUMMY dir_stat: /out/test-dir.0-0/mdtest_tree.0/dir.mdtest.0.28
DUMMY dir_stat: /out/test-dir.0-0/mdtest_tree.0/dir.mdtest.0.24
DUMMY dir_stat: /out/test-dir.0-0/mdtest_tree.0/dir.mdtest.0.2
DUMMY dir_stat: /out/test-dir.0-0/mdtest_tree.0/dir.mdtest.0.19
DUMMY dir_stat: /out/test-dir.0-0/mdtest_tree.0/dir.mdtest.0.0
DUMMY dir_stat: /out/test-dir.0-0/mdtest_tree.0/dir.mdtest.0.26
DUMMY dir_stat: /out/test-dir.0-0/mdtest_tree.0/dir.mdtest.0.23
DUMMY dir_stat: /out/test-dir.0-0/mdtest_tree.0/dir.mdtest.0.3
DUMMY dir_stat: /out/test-dir.0-0/mdtest_tree.0/dir.mdtest.0.25
DUMMY dir_stat: /out/test-dir.0-0/mdtest_tree.0/dir.mdtest.0.6
DUMMY create: /out/test-dir.0-0/mdtest_tree.0/file.mdtest.0.0 = 0x1
DUMMY close 0x1
DUMMY create: /out/test-dir.0-0/mdtest_tree.0/file.mdtest.0.1 = 0x2
DUMMY close 0x2
DUMMY create: /out/test-dir.0-0/mdtest_tree.0/file.mdtest.0.2 = 0x3
DUMMY close 0x3
DUMMY create: /out/test-dir.0-0/mdtest_tree.0/file.mdtest.0.3 = 0x4
DUMMY close 0x4
DUMMY create: /out/test-dir.0-0/mdtest_tree.0/file.mdtest.0.4 = 0x5
DUMMY close 0x5
DUMMY create: /out/test-dir.0-0/mdtest_tree.0/file.mdtest.0.5 = 0x6
DUMMY close 0x6
DUMMY create: /out/test-dir.0-0/mdtest_tree.0/file.mdtest.0.6 = 0x7
DUMMY close 0x7
DUMMY create: /out/test-dir.0-0/mdtest_tree.0/file.mdtest.0.7 = 0x8
DUMMY close 0x8
DUMMY create: /out/test-dir.0-0/mdtest_tree.0/file.mdtest.0.8 = 0x9
DUMMY close 0x9
DUMMY create: /out/test-dir.0-0/mdtest_tree.0/file.mdtest.0.9 = 0xa
DUMMY close 0xa
DUMMY create: /out/test-dir.0-0/mdtest_tree.0/file.mdtest.0.10 = 0xb
DUMMY close 0xb
DUMMY create: /out/test-dir.0-0/mdtest_tree.0/file.mdtest.0.11 = 0xc
DUMMY close 0xc
DUMMY create: /out/test-dir.0-0/mdtest_tree.0/file.mdtest.0.12 = 0xd
DUMMY close 0xd
DUMMY create: /out/test-dir.0-0/mdtest_tree.0/file.mdtest.0.13 = 0xe
DUMMY close 0xe
DUMMY create: /out/test-dir.0-0/mdtest_tree.0/file.mdtest.0.14 = 0xf
DUMMY close 0xf
DUMMY create: /out/test-dir.0-0/mdtest_tree.0/file.mdtest.0.15 = 0x10
DUMMY close 0x10
DUMMY create: /out/test-dir.0-0/mdtest_tree.0/file.mdtest.0.16 = 0x11
DUMMY close 0x11
DUMMY create: /out/test-dir.0-0/mdtest_tree.0/file.mdtest.0.17 = 0x12
DUMMY close 0x12
DUMMY create: /out/test-dir.0-0/mdtest_tree.0/file.mdtest.0.18 = 0x13
DUMMY close 0x13
DUMMY create: /out/test-dir.0-0/mdtest_tree.0/file.mdtest.0.19 = 0x14
DUMMY close 0x14
DUMMY create: /out/test-dir.0-0/mdtest_tree.0/file.mdtest.0.20 = 0x15
DUMMY close 0x15
DUMMY create: /out/test-dir.0-0/mdtest_tree.0/file.mdtest.0.21 = 0x16
DUMMY close 0x16
DUMMY create: /out/test-dir.0-0/mdtest_tree.0/file.mdtest.0.22 = 0x17
DUMMY close 0x17
DUMMY create: /out/test-dir.0-0/mdtest_tree.0/file.mdtest.0.23 = 0x18
DUMMY close 0x18
DUMMY create: /out/test-dir.0-0/mdtest_tree.0/file.mdtest.0.24 = 0x19
DUMMY close 0x19
DUMMY create: /out/test-dir.0-0/mdtest_tree.0/file.mdtest.0.25 = 0x1a
DUMMY close 0x1a
DUMMY create: /out/test-dir.0-0/mdtest_tree.0/file.mdtest.0.26 = 0x1b
DUMMY close 0x1b
DUMMY create: /out/test-dir.0-0/mdtest_tree.0/file.mdtest.0.27 = 0x1c
DUMMY close 0x1c
DUMMY create: /out/test-dir.0-0/mdtest_tree.0/file.mdtest.0.28 = 0x1d
DUMMY close 0x1d
DUMMY create: /out/test-dir.0-0/mdtest_tree.0/file.mdtest.0.29 = 0x1e
DUMMY close 0x1e
DUMMY file_stat: /out/test-dir.0-0/mdtest_tree.0/file.mdtest.0.4
DUMMY file_stat: /out/test-dir.0-0/mdtest_tree.0/file.mdtest.0.10
DUMMY file_stat: /out/test-dir.0-0/mdtest_tree.0/file.mdtest.0.16
DUMMY file_stat: /out/test-dir.0-0/mdtest_tree.0/file.mdtest.0.22
DUMMY file_stat: /out/test-dir.0-0/mdtest_tree.0/file.mdtest.0.12
DUMMY file_stat: /out/test-dir.0-0/mdtest_tree.0/file.mdtest.0.29
DUMMY file_stat: /out/test-dir.0-0/mdtest_tree.0/file.mdtest.0.7
DUMMY file_stat: /out/test-dir.0-0/mdtest_tree.0/file.mdtest.0.27
DUMMY file_stat: /out/test-dir.0-0/mdtest_tree.0/file.mdtest.0.14
DUMMY file_stat: /out/test-dir.0-0/mdtest_tree.0/file.mdtest.0.13
DUMMY file_stat: /out/test-dir.0-0/mdtest_tree.0/file.mdtest.0.8
DUMMY file_stat: /out/test-dir.0-0/mdtest_tree.0/file.mdtest.0.20
DUMMY file_stat: /out/test-dir.0-0/mdtest_tree.0/file.mdtest.0.18
DUMMY file_stat: /out/test-dir.0-0/mdtest_tree.0/file.mdtest.0.15
DUMMY file_stat: /out/test-dir.0-0/mdtest_tree.0/file.mdtest.0.5
DUMMY file_stat: /out/test-dir.0-0/mdtest_tree.0/file.mdtest.0.17
DUMMY file_stat: /out/test-dir.0-0/mdtest_tree.0/file.mdtest.0.9
DUMMY file_stat: /out/test-dir.0-0/mdtest_tree.0/file.mdtest.0.21
DUMMY file_stat: /out/test-dir.0-0/mdtest_tree.0/file.mdtest.0.11
DUMMY file_stat: /out/test-dir.0-0/mdtest_tree.0/file.mdtest.0.1
DUMMY file_stat: /out/test-dir.0-0/mdtest_tree.0/file.mdtest.0.28
DUMMY file_stat: /out/test-dir.0-0/mdtest_tree.0/file.mdtest.0.24
DUMMY file_stat: /out/test-dir.0-0/mdtest_tree.0/file.mdtest.0.2
DUMMY file_stat: /out/test-dir.0-0/mdtest_tree.0/file.mdtest.0.19
DUMMY file_stat: /out/test-dir.0-0/mdtest_tree.0/file.mdtest.0.0
DUMMY file_stat: /out/test-dir.0-0/mdtest_tree.0/file.mdtest.0.26
DUMMY file_stat: /out/test-dir.0-0/mdtest_tree.0/file.mdtest.0.23
DUMMY file_stat: /out/test-dir.0-0/mdtest_tree.0/file.mdtest.0.3
DUMMY file_stat: /out/test-dir.0-0/mdtest_tree.0/file.mdtest.0.25
DUMMY file_stat: /out/test-dir.0-0/mdtest_tree.0/file.mdtest.0.6
DUMMY open: /out/test-dir.0-0/mdtest_tree.0/file.mdtest.0.4 = 0x1f
DUMMY close 0x1f
DUMMY open: /out/test-dir.0-0/mdtest_tree.0/file.mdtest.0.10 = 0x20
DUMMY close 0x20
DUMMY open: /out/test-dir.0-0/mdtest_tree.0/file.mdtest.0.16 = 0x21
DUMMY close 0x21
DUMMY open: /out/test-dir.0-0/mdtest_tree.0/file.mdtest.0.22 = 0x22
DUMMY close 0x22
DUMMY open: /out/test-dir.0-0/mdtest_tree.0/file.mdtest.0.12 = 0x23
DUMMY close 0x23
DUMMY open: /out/test-dir.0-0/mdtest_tree.0/file.mdtest.0.29 = 0x24
DUMMY close 0x24
DUMMY open: /out/test-dir.0-0/mdtest_tree.0/file.mdtest.0.7 = 0x25
DUMMY close 0x25
DUMMY open: /out/test-dir.0-0/mdtest_tree.0/file.mdtest.0.27 = 0x26
DUMMY close 0x26
DUMMY open: /out/test-dir.0-0/mdtest_tree.0/file.mdtest.0.14 = 0x27
DUMMY close 0x27
DUMMY open: /out/test-dir.0-0/mdtest_tree.0/file.mdtest.0.13 = 0x28
DUMMY close 0x28
DUMMY open: /out/test-dir.0-0/mdtest_tree.0/file.mdtest.0.8 = 0x29
DUMMY close 0x29
DUMMY open: /out/test-dir.0-0/mdtest_tree.0/file.mdtest.0.20 = 0x2a
DUMMY close 0x2a
DUMMY open: /out/test-dir.0-0/mdtest_tree.0/file.mdtest.0.18 = 0x2b
DUMMY close 0x2b
DUMMY open: /out/test-dir.0-0/mdtest_tree.0/file.mdtest.0.15 = 0x2c
DUMMY close 0x2c
DUMMY open: /out/test-dir.0-0/mdtest_tree.0/file.mdtest.0.5 = 0x2d
DUMMY close 0x2d
DUMMY open: /out/test-dir.0-0/mdtest_tree.0/file.mdtest.0.17 = 0x2e
DUMMY close 0x2e
DUMMY open: /out/test-dir.0-0/mdtest_tree.0/file.mdtest.0.9 = 0x2f
DUMMY close 0x2f
DUMMY open: /out/test-dir.0-0/mdtest_tree.0/file.mdtest.0.21 = 0x30
DUMMY close 0x30
DUMMY open: /out/test-dir.0-0/mdtest_tree.0/file.mdtest.0.11 = 0x31
DUMMY close 0x31
DUMMY open: /out/test-dir.0-0/mdtest_tree.0/file.mdtest.0.1 = 0x32
DUMMY close 0x32
DUMMY open: /out/test-dir.0-0/mdtest_tree.0/file.mdtest.0.28 = 0x33
DUMMY close 0x33
DUMMY open: /out/test-dir.0-0/mdtest_tree.0/file.mdtest.0.24 = 0x34
DUMMY close 0x34
DUMMY open: /out/test-dir.0-0/mdtest_tree.0/file.mdtest.0.2 = 0x35
DUMMY close 0x35
DUMMY open: /out/test-dir.0-0/mdtest_tree.0/file.mdtest.0.19 = 0x36
DUMMY close 0x36
DUMMY open: /out/test-dir.0-0/mdtest_tree.0/file.mdtest.0.0 = 0x37
DUMMY close 0x37
DUMMY open: /out/test-dir.0-0/mdtest_tree.0/file.mdtest.0.26 = 0x38
DUMMY close 0x38
DUMMY open: /out/test-dir.0-0/mdtest_tree.0/file.mdtest.0.23 = 0x39
DUMMY close 0x39
DUMMY open: /out/test-dir.0-0/mdtest_tree.0/file.mdtest.0.3 = 0x3a
DUMMY close 0x3a
DUMMY open: /out/test-dir.0-0/mdtest_tree.0/file.mdtest.0.25 = 0x3b
DUMMY close 0x3b
DUMMY open: /out/test-dir.0-0/mdtest_tree.0/file.mdtest.0.6 = 0x3c
DUMMY close 0x3c
DUMMY delete: /out/test-dir.0-0/mdtest_tree.0/file.mdtest.0.0
DUMMY delete: /out/test-dir.0-0/mdtest_tree.0/file.mdtest.0.1
DUMMY delete: /out/test-dir.0-0/mdtest_tree.0/file.mdtest.0.2
DUMMY delete: /out/test-dir.0-0/mdtest_tree.0/file.mdtest.0.3
DUMMY delete: /out/test-dir.0-0/mdtest_tree.0/file.mdtest.0.4
DUMMY delete: /out/test-dir.0-0/mdtest_tree.0/file.mdtest.0.5
DUMMY delete: /out/test-dir.0-0/mdtest_tree.0/file.mdtest.0.6
DUMMY delete: /out/test-dir.0-0/mdtest_tree.0/file.mdtest.0.7
DUMMY delete: /out/test-dir.0-0/mdtest_tree.0/file.mdtest.0.8
DUMMY delete: /out/test-dir.0-0/mdtest_tree.0/file.mdtest.0.9
DUMMY delete: /out/test-dir.0-0/mdtest_tree.0/file.mdtest.0.10
DUMMY delete: /out/test-dir.0-0/mdtest_tree.0/file.mdtest.0.11
DUMMY delete: /out/test-dir.0-0/mdtest_tree.0/file.mdtest.0.12
DUMMY delete: /out/test-dir.0-0/mdtest_tree.0/file.mdtest.0.13
DUMMY delete: /out/test-dir.0-0/mdtest_tree.0/file.mdtest.0.14
DUMMY delete: /out/test-dir.0-0/mdtest_tree.0/file.mdtest.0.15
DUMMY delete: /out/test-dir.0-0/mdtest_tree.0/file.mdtest.0.16
DUMMY delete: /out/test-dir.0-0/mdtest_tree.0/file.mdtest.0.17
DUMMY delete: /out/test-dir.0-0/mdtest_tree.0/file.mdtest.0.18
DUMMY delete: /out/test-dir.0-0/mdtest_tree.0/file.mdtest.0.19
DUMMY delete: /out/test-dir.0-0/mdtest_tree.0/file.mdtest.0.20
DUMMY delete: /out/test-dir.0-0/mdtest_tree.0/file.mdtest.0.21
DUMMY delete: /out/test-dir.0-0/mdtest_tree.0/file.mdtest.0.22
DUMMY delete: /out/test-dir.0-0/mdtest_tree.0/file.mdtest.0.23
DUMMY delete: /out/test-dir.0-0/mdtest_tree.0/file.mdtest.0.24
DUMMY delete: /out/test-dir.0-0/mdtest_tree.0/file.mdtest.0.25
DUMMY delete: /out/test-dir.0-0/mdtest_tree.0/file.mdtest.0.26
DUMMY delete: /out/test-dir.0-0/mdtest_tree.0/file.mdtest.0.27
DUMMY delete: /out/test-dir.0-0/mdtest_tree.0/file.mdtest.0.28
DUMMY delete: /out/test-dir.0-0/mdtest_tree.0/file.mdtest.0.29