//// ./mdtest -a=DUMMY -CTEr -R -n 200 -vvvvv -I 200
DUMMY mkdir: ./out
DUMMY mkdir: ./out/test-dir.0-0
WARNING: DUMMY initialized, (aiori-DUMMY.c:203).
Command line used: ./mdtest '-a=DUMMY' '-CTEr' '-R' '-n' '200' '-vvvvv' '-I' '200'
V-1: Rank   0 Line  2430 api                     : DUMMY
DUMMY access: ./out
DUMMY access: ./out/test-dir.0-0
DUMMY mkdir: ./out/test-dir.0-0/mdtest_tree.0/
DUMMY mkdir: ./out/test-dir.0-0/mdtest_tree.0/dir.mdtest.0.0
DUMMY mkdir: ./out/test-dir.0-0/mdtest_tree.0/dir.mdtest.0.1
DUMMY mkdir: ./out/test-dir.0-0/mdtest_tree.0/dir.mdtest.0.2
DUMMY mkdir: ./out/test-dir.0-0/mdtest_tree.0/dir.mdtest.0.3
DUMMY mkdir: ./out/test-dir.0-0/mdtest_tree.0/dir.mdtest.0.4
DUMMY mkdir: ./out/test-dir.0-0/mdtest_tree.0/dir.mdtest.0.5
DUMMY mkdir: ./out/test-dir.0-0/mdtest_tree.0/dir.mdtest.0.6
DUMMY mkdir: ./out/test-dir.0-0/mdtest_tree.0/dir.mdtest.0.7
DUMMY mkdir: ./out/test-dir.0-0/mdtest_tree.0/dir.mdtest.0.8
DUMMY mkdir: ./out/test-dir.0-0/mdtest_tree.0/dir.mdtest.0.9
DUMMY mkdir: ./out/test-dir.0-0/mdtest_tree.0/dir.mdtest.0.10
DUMMY mkdir: ./out/test-dir.0-0/mdtest_tree.0/dir.mdtest.0.11
DUMMY mkdir: ./out/test-dir.0-0/mdtest_tree.0/dir.mdtest.0.12
DUMMY mkdir: ./out/test-dir.0-0/mdtest_tree.0/dir.mdtest.0.13
DUMMY mkdir: ./out/test-dir.0-0/mdtest_tree.0/dir.mdtest.0.14
DUMMY mkdir: ./out/test-dir.0-0/mdtest_tree.0/dir.mdtest.0.15
DUMMY mkdir: ./out/test-dir.0-0/mdtest_tree.0/dir.mdtest.0.16
DUMMY mkdir: ./out/test-dir.0-0/mdtest_tree.0/dir.mdtest.0.17
DUMMY mkdir: ./out/test-dir.0-0/mdtest_tree.0/dir.mdtest.0.18
DUMMY mkdir: ./out/test-dir.0-0/mdtest_tree.0/dir.mdtest.0.19
DUMMY mkdir: ./out/test-dir.0-0/mdtest_tree.0/dir.mdtest.0.20
DUMMY mkdir: ./out/test-dir.0-0/mdtest_tree.0/dir.mdtest.0.21
DUMMY mkdir: ./out/test-dir.0-0/mdtest_tree.0/dir.mdtest.0.22
DUMMY mkdir: ./out/test-dir.0-0/mdtest_tree.0/dir.mdtest.0.23
DUMMY mkdir: ./out/test-dir.0-0/mdtest_tree.0/dir.mdtest.0.24
DUMMY mkdir: ./out/test-dir.0-0/mdtest_tree.0/dir.mdtest.0.25
DUMMY mkdir: ./out/test-dir.0-0/mdtest_tree.0/dir.mdtest.0.26
DUMMY mkdir: ./out/test-dir.0-0/mdtest_tree.0/dir.mdtest.0.27
DUMMY mkdir: ./out/test-dir.0-0/mdtest_tree.0/dir.mdtest.0.28
DUMMY mkdir: ./out/test-dir.0-0/mdtest_tree.0/dir.mdtest.0.29
DUMMY mkdir: ./out/test-dir.0-0/mdtest_tree.0/dir.mdtest.0.30
DUMMY mkdir: ./out/test-dir.0-0/mdtest_tree.0/dir.mdtest.0.31
DUMMY mkdir: ./out/test-dir.0-0/mdtest_tree.0/dir.mdtest.0.32
DUMMY mkdir: ./out/test-dir.0-0/mdtest_tree.0/dir.mdtest.0.33
DUMMY mkdir: ./out/test-dir.0-0/mdtest_tree.0/dir.mdtest.0.34
DUMMY mkdir: ./out/test-dir.0-0/mdtest_tree.0/dir.mdtest.0.35
DUMMY mkdir: ./out/test-dir.0-0/mdtest_tree.0/dir.mdtest.0.36
DUMMY mkdir: ./out/test-dir.0-0/mdtest_tree.0/dir.mdtest.0.37
DUMMY mkdir: ./out/test-dir.0-0/mdtest_tree.0/dir.mdtest.0.38
DUMMY mkdir: ./out/test-dir.0-0/mdtest_tree.0/dir.mdtest.0.39
DUMMY mkdir: ./out/test-dir.0-0/mdtest_tree.0/dir.mdtest.0.40
DUMMY mkdir: ./out/test-dir.0-0/mdtest_tree.0/dir.mdtest.0.41
DUMMY mkdir: ./out/test-dir.0-0/mdtest_tree.0/dir.mdtest.0.42
DUMMY mkdir: ./out/test-dir.0-0/mdtest_tree.0/dir.mdtest.0.43
DUMMY mkdir: ./out/test-dir.0-0/mdtest_tree.0/dir.mdtest.0.44
DUMMY mkdir: ./out/test-dir.0-0/mdtest_tree.0/dir.mdtest.0.45
DUMMY mkdir: ./out/test-dir.0-0/mdtest_tree.0/dir.mdtest.0.46
DUMMY mkdir: ./out/test-dir.0-0/mdtest_tree.0/dir.mdtest.0.47
DUMMY mkdir: ./out/test-dir.0-0/mdtest_tree.0/dir.mdtest.0.48
DUMMY mkdir: ./out/test-dir.0-0/mdtest_tree.0/dir.mdtest.0.49
DUMMY mkdir: ./out/test-dir.0-0/mdtest_tree.0/dir.mdtest.0.50
DUMMY mkdir: ./out/test-dir.0-0/mdtest_tree.0/dir.mdtest.0.51
DUMMY mkdir: ./out/test-dir.0-0/mdtest_tree.0/dir.mdtest.0.52
DUMMY mkdir: ./out/test-dir.0-0/mdtest_tree.0/dir.mdtest.0.53
DUMMY mkdir: ./out/test-dir.0-0/mdtest_tree.0/dir.mdtest.0.54
DUMMY mkdir: ./out/test-dir.0-0/mdtest_tree.0/dir.mdtest.0.55
DUMMY mkdir: ./out/test-dir.0-0/mdtest_tree.0/dir.mdtest.0.56
DUMMY mkdir: ./out/test-dir.0-0/mdtest_tree.0/dir.mdtest.0.57
DUMMY mkdir: ./out/test-dir.0-0/mdtest_tree.0/dir.mdtest.0.58
DUMMY mkdir: ./out/test-dir.0-0/mdtest_tree.0/dir.mdtest.0.59
DUMMY mkdir: ./out/test-dir.0-0/mdtest_tree.0/dir.mdtest.0.60
DUMMY mkdir: ./out/test-dir.0-0/mdtest_tree.0/dir.mdtest.0.61
DUMMY mkdir: ./out/test-dir.0-0/mdtest_tree.0/dir.mdtest.0.62
DUMMY mkdir: ./out/test-dir.0-0/mdtest_tree.0/dir.mdtest.0.63
DUMMY mkdir: ./out/test-dir.0-0/mdtest_tree.0/dir.mdtest.0.64
DUMMY mkdir: ./out/test-dir.0-0/mdtest_tree.0/dir.mdtest.0.65
DUMMY mkdir: ./out/test-dir.0-0/mdtest_tree.0/dir.mdtest.0.66
DUMMY mkdir: ./out/test-dir.0-0/mdtest_tree.0/dir.mdtest.0.67
DUMMY mkdir: ./out/test-dir.0-0/mdtest_tree.0/dir.mdtest.0.68
DUMMY mkdir: ./out/test-dir.0-0/mdtest_tree.0/dir.mdtest.0.69
DUMMY mkdir: ./out/test-dir.0-0/mdtest_tree.0/dir.mdtest.0.70
DUMMY mkdir: ./out/test-dir.0-0/mdtest_tree.0/dir.mdtest.0.71
DUMMY mkdir: ./out/test-dir.0-0/mdtest_tree.0/dir.mdtest.0.72
DUMMY mkdir: ./out/test-dir.0-0/mdtest_tree.0/dir.mdtest.0.73
DUMMY mkdir: ./out/test-dir.0-0/mdtest_tree.0/dir.mdtest.0.74
DUMMY mkdir: ./out/test-dir.0-0/mdtest_tree.0/dir.mdtest.0.75
DUMMY mkdir: ./out/test-dir.0-0/mdtest_tree.0/dir.mdtest.0.76
DUMMY mkdir: ./out/test-dir.0-0/mdtest_tree.0/dir.mdtest.0.77
DUMMY mkdir: ./out/test-dir.0-0/mdtest_tree.0/dir.mdtest.0.78
DUMMY mkdir: ./out/test-dir.0-0/mdtest_tree.0/dir.mdtest.0.79
DUMMY mkdir: ./out/test-dir.0-0/mdtest_tree.0/dir.mdtest.0.80
DUMMY mkdir: ./out/test-dir.0-0/mdtest_tree.0/dir.mdtest.0.81
DUMMY mkdir: ./out/test-dir.0-0/mdtest_tree.0/dir.mdtest.0.82
DUMMY mkdir: ./out/test-dir.0-0/mdtest_tree.0/dir.mdtest.0.83
DUMMY mkdir: ./out/test-dir.0-0/mdtest_tree.0/dir.mdtest.0.84
DUMMY mkdir: ./out/test-dir.0-0/mdtest_tree.0/dir.mdtest.0.85
DUMMY mkdir: ./out/test-dir.0-0/mdtest_tree.0/dir.mdtest.0.86
DUMMY mkdir: ./out/test-dir.0-0/mdtest_tree.0/dir.mdtest.0.87
DUMMY mkdir: ./out/test-dir.0-0/mdtest_tree.0/dir.mdtest.0.88
DUMMY mkdir: ./out/test-dir.0-0/mdtest_tree.0/dir.mdtest.0.89
DUMMY mkdir: ./out/test-dir.0-0/mdtest_tree.0/dir.mdtest.0.90
DUMMY mkdir: ./out/test-dir.0-0/mdtest_tree.0/dir.mdtest.0.91
DUMMY mkdir: ./out/test-dir.0-0/mdtest_tree.0/dir.mdtest.0.92
DUMMY mkdir: ./out/test-dir.0-0/mdtest_tree.0/dir.mdtest.0.93
DUMMY mkdir: ./out/test-dir.0-0/mdtest_tree.0/dir.mdtest.0.94
DUMMY mkdir: ./out/test-dir.0-0/mdtest_tree.0/dir.mdtest.0.95
DUMMY mkdir: ./out/test-dir.0-0/mdtest_tree.0/dir.mdtest.0.96
DUMMY mkdir: ./out/test-dir.0-0/mdtest_tree.0/dir.mdtest.0.97
DUMMY mkdir: ./out/test-dir.0-0/mdtest_tree.0/dir.mdtest.0.98
DUMMY mkdir: ./out/test-dir.0-0/mdtest_tree.0/dir.mdtest.0.99
DUMMY mkdir: ./out/test-dir.0-0/mdtest_tree.0/dir.mdtest.0.100
DUMMY mkdir: ./out/test-dir.0-0/mdtest_tree.0/dir.mdtest.0.101
DUMMY mkdir: ./out/test-dir.0-0/mdtest_tree.0/dir.mdtest.0.102
DUMMY mkdir: ./out/test-dir.0-0/mdtest_tree.0/dir.mdtest.0.103
DUMMY mkdir: ./out/test-dir.0-0/mdtest_tree.0/dir.mdtest.0.104
DUMMY mkdir: ./out/test-dir.0-0/mdtest_tree.0/dir.mdtest.0.105
DUMMY mkdir: ./out/test-dir.0-0/mdtest_tree.0/dir.mdtest.0.106
DUMMY mkdir: ./out/test-dir.0-0/mdtest_tree.0/dir.mdtest.0.107
DUMMY mkdir: ./out/test-dir.0-0/mdtest_tree.0/dir.mdtest.0.108
DUMMY mkdir: ./out/test-dir.0-0/mdtest_tree.0/dir.mdtest.0.109
DUMMY mkdir: ./out/test-dir.0-0/mdtest_tree.0/dir.mdtest.0.110
DUMMY mkdir: ./out/test-dir.0-0/mdtest_tree.0/dir.mdtest.0.111
DUMMY mkdir: ./out/test-dir.0-0/mdtest_tree.0/dir.mdtest.0.112
DUMMY mkdir: ./out/test-dir.0-0/mdtest_tree.0/dir.mdtest.0.113
DUMMY mkdir: ./out/test-dir.0-0/mdtest_tree.0/dir.mdtest.0.114
DUMMY mkdir: ./out/test-dir.0-0/mdtest_tree.0/dir.mdtest.0.115
DUMMY mkdir: ./out/test-dir.0-0/mdtest_tree.0/dir.mdtest.0.116
DUMMY mkdir: ./out/test-dir.0-0/mdtest_tree.0/dir.mdtest.0.117
DUMMY mkdir: ./out/test-dir.0-0/mdtest_tree.0/dir.mdtest.0.118
DUMMY mkdir: ./out/test-dir.0-0/mdtest_tree.0/dir.mdtest.0.119
DUMMY mkdir: ./out/test-dir.0-0/mdtest_tree.0/dir.mdtest.0.120
DUMMY mkdir: ./out/test-dir.0-0/mdtest_tree.0/dir.mdtest.0.121
DUMMY mkdir: ./out/test-dir.0-0/mdtest_tree.0/dir.mdtest.0.122
DUMMY mkdir: ./out/test-dir.0-0/mdtest_tree.0/dir.mdtest.0.123
DUMMY mkdir: ./out/test-dir.0-0/mdtest_tree.0/dir.mdtest.0.124
DUMMY mkdir: ./out/test-dir.0-0/mdtest_tree.0/dir.mdtest.0.125
DUMMY mkdir: ./out/test-dir.0-0/mdtest_tree.0/dir.mdtest.0.126
DUMMY mkdir: ./out/test-dir.0-0/mdtest_tree.0/dir.mdtest.0.127
DUMMY mkdir: ./out/test-dir.0-0/mdtest_tree.0/dir.mdtest.0.128
DUMMY mkdir: ./out/test-dir.0-0/mdtest_tree.0/dir.mdtest.0.129
DUMMY mkdir: ./out/test-dir.0-0/mdtest_tree.0/dir.mdtest.0.130
DUMMY mkdir: ./out/test-dir.0-0/mdtest_tree.0/dir.mdtest.0.131
DUMMY mkdir: ./out/test-dir.0-0/mdtest_tree.0/dir.mdtest.0.132
DUMMY mkdir: ./out/test-dir.0-0/mdtest_tree.0/dir.mdtest.0.133
DUMMY mkdir: ./out/test-dir.0-0/mdtest_tree.0/dir.mdtest.0.134
DUMMY mkdir: ./out/test-dir.0-0/mdtest_tree.0/dir.mdtest.0.135
DUMMY mkdir: ./out/test-dir.0-0/mdtest_tree.0/dir.mdtest.0.136
DUMMY mkdir: ./out/test-dir.0-0/mdtest_tree.0/dir.mdtest.0.137
DUMMY mkdir: ./out/test-dir.0-0/mdtest_tree.0/dir.mdtest.0.138
DUMMY mkdir: ./out/test-dir.0-0/mdtest_tree.0/dir.mdtest.0.139
DUMMY mkdir: ./out/test-dir.0-0/mdtest_tree.0/dir.mdtest.0.140
DUMMY mkdir: ./out/test-dir.0-0/mdtest_tree.0/dir.mdtest.0.141
DUMMY mkdir: ./out/test-dir.0-0/mdtest_tree.0/dir.mdtest.0.142
DUMMY mkdir: ./out/test-dir.0-0/mdtest_tree.0/dir.mdtest.0.143
DUMMY mkdir: ./out/test-dir.0-0/mdtest_tree.0/dir.mdtest.0.144
DUMMY mkdir: ./out/test-dir.0-0/mdtest_tree.0/dir.mdtest.0.145
DUMMY mkdir: ./out/test-dir.0-0/mdtest_tree.0/dir.mdtest.0.146
DUMMY mkdir: ./out/test-dir.0-0/mdtest_tree.0/dir.mdtest.0.147
DUMMY mkdir: ./out/test-dir.0-0/mdtest_tree.0/dir.mdtest.0.148
DUMMY mkdir: ./out/test-dir.0-0/mdtest_tree.0/dir.mdtest.0.149
DUMMY mkdir: ./out/test-dir.0-0/mdtest_tree.0/dir.mdtest.0.150
DUMMY mkdir: ./out/test-dir.0-0/mdtest_tree.0/dir.mdtest.0.151
DUMMY mkdir: ./out/test-dir.0-0/mdtest_tree.0/dir.mdtest.0.152
DUMMY mkdir: ./out/test-dir.0-0/mdtest_tree.0/dir.mdtest.0.153
DUMMY mkdir: ./out/test-dir.0-0/mdtest_tree.0/dir.mdtest.0.154
DUMMY mkdir: ./out/test-dir.0-0/mdtest_tree.0/dir.mdtest.0.155
DUMMY mkdir: ./out/test-dir.0-0/mdtest_tree.0/dir.mdtest.0.156
DUMMY mkdir: ./out/test-dir.0-0/mdtest_tree.0/dir.mdtest.0.157
DUMMY mkdir: ./out/test-dir.0-0/mdtest_tree.0/dir.mdtest.0.158
DUMMY mkdir: ./out/test-dir.0-0/mdtest_tree.0/dir.mdtest.0.159
DUMMY mkdir: ./out/test-dir.0-0/mdtest_tree.0/dir.mdtest.0.160
DUMMY mkdir: ./out/test-dir.0-0/mdtest_tree.0/dir.mdtest.0.161
DUMMY mkdir: ./out/test-dir.0-0/mdtest_tree.0/dir.mdtest.0.162
DUMMY mkdir: ./out/test-dir.0-0/mdtest_tree.0/dir.mdtest.0.163
DUMMY mkdir: ./out/test-dir.0-0/mdtest_tree.0/dir.mdtest.0.164
DUMMY mkdir: ./out/test-dir.0-0/mdtest_tree.0/dir.mdtest.0.165
DUMMY mkdir: ./out/test-dir.0-0/mdtest_tree.0/dir.mdtest.0.166
DUMMY mkdir: ./out/test-dir.0-0/mdtest_tree.0/dir.mdtest.0.167
DUMMY mkdir: ./out/test-dir.0-0/mdtest_tree.0/dir.mdtest.0.168
DUMMY mkdir: ./out/test-dir.0-0/mdtest_tree.0/dir.mdtest.0.169
DUMMY mkdir: ./out/test-dir.0-0/mdtest_tree.0/dir.mdtest.0.170
DUMMY mkdir: ./out/test-dir.0-0/mdtest_tree.0/dir.mdtest.0.171
DUMMY mkdir: ./out/test-dir.0-0/mdtest_tree.0/dir.mdtest.0.172
DUMMY mkdir: ./out/test-dir.0-0/mdtest_tree.0/dir.mdtest.0.173
DUMMY mkdir: ./out/test-dir.0-0/mdtest_tree.0/dir.mdtest.0.174
DUMMY mkdir: ./out/test-dir.0-0/mdtest_tree.0/dir.mdtest.0.175
DUMMY mkdir: ./out/test-dir.0-0/mdtest_tree.0/dir.mdtest.0.176
DUMMY mkdir: ./out/test-dir.0-0/mdtest_tree.0/dir.mdtest.0.177
DUMMY mkdir: ./out/test-dir.0-0/mdtest_tree.0/dir.mdtest.0.178
DUMMY mkdir: ./out/test-dir.0-0/mdtest_tree.0/dir.mdtest.0.179
DUMMY mkdir: ./out/test-dir.0-0/mdtest_tree.0/dir.mdtest.0.180
DUMMY mkdir: ./out/test-dir.0-0/mdtest_tree.0/dir.mdtest.0.181
DUMMY mkdir: ./out/test-dir.0-0/mdtest_tree.0/dir.mdtest.0.182
DUMMY mkdir: ./out/test-dir.0-0/mdtest_tree.0/dir.mdtest.0.183
DUMMY mkdir: ./out/test-dir.0-0/mdtest_tree.0/dir.mdtest.0.184
DUMMY mkdir: ./out/test-dir.0-0/mdtest_tree.0/dir.mdtest.0.185
DUMMY mkdir: ./out/test-dir.0-0/mdtest_tree.0/dir.mdtest.0.186
DUMMY mkdir: ./out/test-dir.0-0/mdtest_tree.0/dir.mdtest.0.187
DUMMY mkdir: ./out/test-dir.0-0/mdtest_tree.0/dir.mdtest.0.188
DUMMY mkdir: ./out/test-dir.0-0/mdtest_tree.0/dir.mdtest.0.189
DUMMY mkdir: ./out/test-dir.0-0/mdtest_tree.0/dir.mdtest.0.190
DUMMY mkdir: ./out/test-dir.0-0/mdtest_tree.0/dir.mdtest.0.191
DUMMY mkdir: ./out/test-dir.0-0/mdtest_tree.0/dir.mdtest.0.192
DUMMY mkdir: ./out/test-dir.0-0/mdtest_tree.0/dir.mdtest.0.193
DUMMY mkdir: ./out/test-dir.0-0/mdtest_tree.0/dir.mdtest.0.194
DUMMY mkdir: ./out/test-dir.0-0/mdtest_tree.0/dir.mdtest.0.195
DUMMY mkdir: ./out/test-dir.0-0/mdtest_tree.0/dir.mdtest.0.196
DUMMY mkdir: ./out/test-dir.0-0/mdtest_tree.0/dir.mdtest.0.197
DUMMY mkdir: ./out/test-dir.0-0/mdtest_tree.0/dir.mdtest.0.198
DUMMY mkdir: ./out/test-dir.0-0/mdtest_tree.0/dir.mdtest.0.199
DUMMY stat: ./out/test-dir.0-0/mdtest_tree.0/dir.mdtest.0.87
DUMMY stat: ./out/test-dir.0-0/mdtest_tree.0/dir.mdtest.0.40
DUMMY stat: ./out/test-dir.0-0/mdtest_tree.0/dir.mdtest.0.100
DUMMY stat: ./out/test-dir.0-0/mdtest_tree.0/dir.mdtest.0.99
DUMMY stat: ./out/test-dir.0-0/mdtest_tree.0/dir.mdtest.0.20
DUMMY stat: ./out/test-dir.0-0/mdtest_tree.0/dir.mdtest.0.61
DUMMY stat: ./out/test-dir.0-0/mdtest_tree.0/dir.mdtest.0.5
DUMMY stat: ./out/test-dir.0-0/mdtest_tree.0/dir.mdtest.0.32
DUMMY stat: ./out/test-dir.0-0/mdtest_tree.0/dir.mdtest.0.106
DUMMY stat: ./out/test-dir.0-0/mdtest_tree.0/dir.mdtest.0.110
DUMMY stat: ./out/test-dir.0-0/mdtest_tree.0/dir.mdtest.0.82
DUMMY stat: ./out/test-dir.0-0/mdtest_tree.0/dir.mdtest.0.37
DUMMY stat: ./out/test-dir.0-0/mdtest_tree.0/dir.mdtest.0.162
DUMMY stat: ./out/test-dir.0-0/mdtest_tree.0/dir.mdtest.0.18
DUMMY stat: ./out/test-dir.0-0/mdtest_tree.0/dir.mdtest.0.123
DUMMY stat: ./out/test-dir.0-0/mdtest_tree.0/dir.mdtest.0.44
DUMMY stat: ./out/test-dir.0-0/mdtest_tree.0/dir.mdtest.0.168
DUMMY stat: ./out/test-dir.0-0/mdtest_tree.0/dir.mdtest.0.191
DUMMY stat: ./out/test-dir.0-0/mdtest_tree.0/dir.mdtest.0.94
DUMMY stat: ./out/test-dir.0-0/mdtest_tree.0/dir.mdtest.0.101
DUMMY stat: ./out/test-dir.0-0/mdtest_tree.0/dir.mdtest.0.56
DUMMY stat: ./out/test-dir.0-0/mdtest_tree.0/dir.mdtest.0.41
DUMMY stat: ./out/test-dir.0-0/mdtest_tree.0/dir.mdtest.0.34
DUMMY stat: ./out/test-dir.0-0/mdtest_tree.0/dir.mdtest.0.119
DUMMY stat: ./out/test-dir.0-0/mdtest_tree.0/dir.mdtest.0.8
DUMMY stat: ./out/test-dir.0-0/mdtest_tree.0/dir.mdtest.0.17
DUMMY stat: ./out/test-dir.0-0/mdtest_tree.0/dir.mdtest.0.194
DUMMY stat: ./out/test-dir.0-0/mdtest_tree.0/dir.mdtest.0.181
DUMMY stat: ./out/test-dir.0-0/mdtest_tree.0/dir.mdtest.0.6
DUMMY stat: ./out/test-dir.0-0/mdtest_tree.0/dir.mdtest.0.113
DUMMY stat: ./out/test-dir.0-0/mdtest_tree.0/dir.mdtest.0.58
DUMMY stat: ./out/test-dir.0-0/mdtest_tree.0/dir.mdtest.0.188
DUMMY stat: ./out/test-dir.0-0/mdtest_tree.0/dir.mdtest.0.51
DUMMY stat: ./out/test-dir.0-0/mdtest_tree.0/dir.mdtest.0.164
DUMMY stat: ./out/test-dir.0-0/mdtest_tree.0/dir.mdtest.0.91
DUMMY stat: ./out/test-dir.0-0/mdtest_tree.0/dir.mdtest.0.2
DUMMY stat: ./out/test-dir.0-0/mdtest_tree.0/dir.mdtest.0.47
DUMMY stat: ./out/test-dir.0-0/mdtest_tree.0/dir.mdtest.0.104
DUMMY stat: ./out/test-dir.0-0/mdtest_tree.0/dir.mdtest.0.33
DUMMY stat: ./out/test-dir.0-0/mdtest_tree.0/dir.mdtest.0.64
DUMMY stat: ./out/test-dir.0-0/mdtest_tree.0/dir.mdtest.0.136
DUMMY stat: ./out/test-dir.0-0/mdtest_tree.0/dir.mdtest.0.148
DUMMY stat: ./out/test-dir.0-0/mdtest_tree.0/dir.mdtest.0.105
DUMMY stat: ./out/test-dir.0-0/mdtest_tree.0/dir.mdtest.0.28
DUMMY stat: ./out/test-dir.0-0/mdtest_tree.0/dir.mdtest.0.172
DUMMY stat: ./out/test-dir.0-0/mdtest_tree.0/dir.mdtest.0.108
DUMMY stat: ./out/test-dir.0-0/mdtest_tree.0/dir.mdtest.0.131
DUMMY stat: ./out/test-dir.0-0/mdtest_tree.0/dir.mdtest.0.117
DUMMY stat: ./out/test-dir.0-0/mdtest_tree.0/dir.mdtest.0.83
DUMMY stat: ./out/test-dir.0-0/mdtest_tree.0/dir.mdtest.0.19
DUMMY stat: ./out/test-dir.0-0/mdtest_tree.0/dir.mdtest.0.135
DUMMY stat: ./out/test-dir.0-0/mdtest_tree.0/dir.mdtest.0.127
DUMMY stat: ./out/test-dir.0-0/mdtest_tree.0/dir.mdtest.0.39
DUMMY stat: ./out/test-dir.0-0/mdtest_tree.0/dir.mdtest.0.160
DUMMY stat: ./out/test-dir.0-0/mdtest_tree.0/dir.mdtest.0.7
DUMMY stat: ./out/test-dir.0-0/mdtest_tree.0/dir.mdtest.0.49
DUMMY stat: ./out/test-dir.0-0/mdtest_tree.0/dir.mdtest.0.167
DUMMY stat: ./out/test-dir.0-0/mdtest_tree.0/dir.mdtest.0.134
DUMMY stat: ./out/test-dir.0-0/mdtest_tree.0/dir.mdtest.0.9
DUMMY stat: ./out/test-dir.0-0/mdtest_tree.0/dir.mdtest.0.70
DUMMY stat: ./out/test-dir.0-0/mdtest_tree.0/dir.mdtest.0.176
DUMMY stat: ./out/test-dir.0-0/mdtest_tree.0/dir.mdtest.0.122
DUMMY stat: ./out/test-dir.0-0/mdtest_tree.0/dir.mdtest.0.79
DUMMY stat: ./out/test-dir.0-0/mdtest_tree.0/dir.mdtest.0.62
DUMMY stat: ./out/test-dir.0-0/mdtest_tree.0/dir.mdtest.0.1
DUMMY stat: ./out/test-dir.0-0/mdtest_tree.0/dir.mdtest.0.73
DUMMY stat: ./out/test-dir.0-0/mdtest_tree.0/dir.mdtest.0.149
DUMMY stat: ./out/test-dir.0-0/mdtest_tree.0/dir.mdtest.0.142
DUMMY stat: ./out/test-dir.0-0/mdtest_tree.0/dir.mdtest.0.187
DUMMY stat: ./out/test-dir.0-0/mdtest_tree.0/dir.mdtest.0.93
DUMMY stat: ./out/test-dir.0-0/mdtest_tree.0/dir.mdtest.0.141
DUMMY stat: ./out/test-dir.0-0/mdtest_tree.0/dir.mdtest.0.112
DUMMY stat: ./out/test-dir.0-0/mdtest_tree.0/dir.mdtest.0.78
DUMMY stat: ./out/test-dir.0-0/mdtest_tree.0/dir.mdtest.0.161
DUMMY stat: ./out/test-dir.0-0/mdtest_tree.0/dir.mdtest.0.152
DUMMY stat: ./out/test-dir.0-0/mdtest_tree.0/dir.mdtest.0.182
DUMMY stat: ./out/test-dir.0-0/mdtest_tree.0/dir.mdtest.0.173
DUMMY stat: ./out/test-dir.0-0/mdtest_tree.0/dir.mdtest.0.4
DUMMY stat: ./out/test-dir.0-0/mdtest_tree.0/dir.mdtest.0.140
DUMMY stat: ./out/test-dir.0-0/mdtest_tree.0/dir.mdtest.0.29
DUMMY stat: ./out/test-dir.0-0/mdtest_tree.0/dir.mdtest.0.120
DUMMY stat: ./out/test-dir.0-0/mdtest_tree.0/dir.mdtest.0.52
DUMMY stat: ./out/test-dir.0-0/mdtest_tree.0/dir.mdtest.0.46
DUMMY stat: ./out/test-dir.0-0/mdtest_tree.0/dir.mdtest.0.71
DUMMY stat: ./out/test-dir.0-0/mdtest_tree.0/dir.mdtest.0.154
DUMMY stat: ./out/test-dir.0-0/mdtest_tree.0/dir.mdtest.0.128
DUMMY stat: ./out/test-dir.0-0/mdtest_tree.0/dir.mdtest.0.63
DUMMY stat: ./out/test-dir.0-0/mdtest_tree.0/dir.mdtest.0.177
DUMMY stat: ./out/test-dir.0-0/mdtest_tree.0/dir.mdtest.0.11
DUMMY stat: ./out/test-dir.0-0/mdtest_tree.0/dir.mdtest.0.170
DUMMY stat: ./out/test-dir.0-0/mdtest_tree.0/dir.mdtest.0.26
DUMMY stat: ./out/test-dir.0-0/mdtest_tree.0/dir.mdtest.0.179
DUMMY stat: ./out/test-dir.0-0/mdtest_tree.0/dir.mdtest.0.21
DUMMY stat: ./out/test-dir.0-0/mdtest_tree.0/dir.mdtest.0.175
DUMMY stat: ./out/test-dir.0-0/mdtest_tree.0/dir.mdtest.0.75
DUMMY stat: ./out/test-dir.0-0/mdtest_tree.0/dir.mdtest.0.0
DUMMY stat: ./out/test-dir.0-0/mdtest_tree.0/dir.mdtest.0.65
DUMMY stat: ./out/test-dir.0-0/mdtest_tree.0/dir.mdtest.0.139
DUMMY stat: ./out/test-dir.0-0/mdtest_tree.0/dir.mdtest.0.35
DUMMY stat: ./out/test-dir.0-0/mdtest_tree.0/dir.mdtest.0.144
DUMMY stat: ./out/test-dir.0-0/mdtest_tree.0/dir.mdtest.0.192
DUMMY stat: ./out/test-dir.0-0/mdtest_tree.0/dir.mdtest.0.23
DUMMY stat: ./out/test-dir.0-0/mdtest_tree.0/dir.mdtest.0.86
DUMMY stat: ./out/test-dir.0-0/mdtest_tree.0/dir.mdtest.0.98
DUMMY stat: ./out/test-dir.0-0/mdtest_tree.0/dir.mdtest.0.155
DUMMY stat: ./out/test-dir.0-0/mdtest_tree.0/dir.mdtest.0.129
DUMMY stat: ./out/test-dir.0-0/mdtest_tree.0/dir.mdtest.0.158
DUMMY stat: ./out/test-dir.0-0/mdtest_tree.0/dir.mdtest.0.186
DUMMY stat: ./out/test-dir.0-0/mdtest_tree.0/dir.mdtest.0.198
DUMMY stat: ./out/test-dir.0-0/mdtest_tree.0/dir.mdtest.0.189
DUMMY stat: ./out/test-dir.0-0/mdtest_tree.0/dir.mdtest.0.111
DUMMY stat: ./out/test-dir.0-0/mdtest_tree.0/dir.mdtest.0.88
DUMMY stat: ./out/test-dir.0-0/mdtest_tree.0/dir.mdtest.0.77
DUMMY stat: ./out/test-dir.0-0/mdtest_tree.0/dir.mdtest.0.147
DUMMY stat: ./out/test-dir.0-0/mdtest_tree.0/dir.mdtest.0.13
DUMMY stat: ./out/test-dir.0-0/mdtest_tree.0/dir.mdtest.0.31
DUMMY stat: ./out/test-dir.0-0/mdtest_tree.0/dir.mdtest.0.166
DUMMY stat: ./out/test-dir.0-0/mdtest_tree.0/dir.mdtest.0.97
DUMMY stat: ./out/test-dir.0-0/mdtest_tree.0/dir.mdtest.0.45
DUMMY stat: ./out/test-dir.0-0/mdtest_tree.0/dir.mdtest.0.85
DUMMY stat: ./out/test-dir.0-0/mdtest_tree.0/dir.mdtest.0.126
DUMMY stat: ./out/test-dir.0-0/mdtest_tree.0/dir.mdtest.0.36
DUMMY stat: ./out/test-dir.0-0/mdtest_tree.0/dir.mdtest.0.74
DUMMY stat: ./out/test-dir.0-0/mdtest_tree.0/dir.mdtest.0.27
DUMMY stat: ./out/test-dir.0-0/mdtest_tree.0/dir.mdtest.0.190
DUMMY stat: ./out/test-dir.0-0/mdtest_tree.0/dir.mdtest.0.116
DUMMY stat: ./out/test-dir.0-0/mdtest_tree.0/dir.mdtest.0.81
DUMMY stat: ./out/test-dir.0-0/mdtest_tree.0/dir.mdtest.0.121
DUMMY stat: ./out/test-dir.0-0/mdtest_tree.0/dir.mdtest.0.50
DUMMY stat: ./out/test-dir.0-0/mdtest_tree.0/dir.mdtest.0.180
DUMMY stat: ./out/test-dir.0-0/mdtest_tree.0/dir.mdtest.0.178
DUMMY stat: ./out/test-dir.0-0/mdtest_tree.0/dir.mdtest.0.151
DUMMY stat: ./out/test-dir.0-0/mdtest_tree.0/dir.mdtest.0.137
DUMMY stat: ./out/test-dir.0-0/mdtest_tree.0/dir.mdtest.0.92
DUMMY stat: ./out/test-dir.0-0/mdtest_tree.0/dir.mdtest.0.115
DUMMY stat: ./out/test-dir.0-0/mdtest_tree.0/dir.mdtest.0.171
DUMMY stat: ./out/test-dir.0-0/mdtest_tree.0/dir.mdtest.0.102
DUMMY stat: ./out/test-dir.0-0/mdtest_tree.0/dir.mdtest.0.133
DUMMY stat: ./out/test-dir.0-0/mdtest_tree.0/dir.mdtest.0.96
DUMMY stat: ./out/test-dir.0-0/mdtest_tree.0/dir.mdtest.0.156
DUMMY stat: ./out/test-dir.0-0/mdtest_tree.0/dir.mdtest.0.60
DUMMY stat: ./out/test-dir.0-0/mdtest_tree.0/dir.mdtest.0.118
DUMMY stat: ./out/test-dir.0-0/mdtest_tree.0/dir.mdtest.0.95
DUMMY stat: ./out/test-dir.0-0/mdtest_tree.0/dir.mdtest.0.59
DUMMY stat: ./out/test-dir.0-0/mdtest_tree.0/dir.mdtest.0.72
DUMMY stat: ./out/test-dir.0-0/mdtest_tree.0/dir.mdtest.0.42
DUMMY stat: ./out/test-dir.0-0/mdtest_tree.0/dir.mdtest.0.130
DUMMY stat: ./out/test-dir.0-0/mdtest_tree.0/dir.mdtest.0.163
DUMMY stat: ./out/test-dir.0-0/mdtest_tree.0/dir.mdtest.0.22
DUMMY stat: ./out/test-dir.0-0/mdtest_tree.0/dir.mdtest.0.185
DUMMY stat: ./out/test-dir.0-0/mdtest_tree.0/dir.mdtest.0.15
DUMMY stat: ./out/test-dir.0-0/mdtest_tree.0/dir.mdtest.0.196
DUMMY stat: ./out/test-dir.0-0/mdtest_tree.0/dir.mdtest.0.193
DUMMY stat: ./out/test-dir.0-0/mdtest_tree.0/dir.mdtest.0.199
DUMMY stat: ./out/test-dir.0-0/mdtest_tree.0/dir.mdtest.0.89
DUMMY stat: ./out/test-dir.0-0/mdtest_tree.0/dir.mdtest.0.55
DUMMY stat: ./out/test-dir.0-0/mdtest_tree.0/dir.mdtest.0.84
DUMMY stat: ./out/test-dir.0-0/mdtest_tree.0/dir.mdtest.0.80
DUMMY stat: ./out/test-dir.0-0/mdtest_tree.0/dir.mdtest.0.10
DUMMY stat: ./out/test-dir.0-0/mdtest_tree.0/dir.mdtest.0.138
DUMMY stat: ./out/test-dir.0-0/mdtest_tree.0/dir.mdtest.0.69
DUMMY stat: ./out/test-dir.0-0/mdtest_tree.0/dir.mdtest.0.30
DUMMY stat: ./out/test-dir.0-0/mdtest_tree.0/dir.mdtest.0.107
DUMMY stat: ./out/test-dir.0-0/mdtest_tree.0/dir.mdtest.0.109
DUMMY stat: ./out/test-dir.0-0/mdtest_tree.0/dir.mdtest.0.195
DUMMY stat: ./out/test-dir.0-0/mdtest_tree.0/dir.mdtest.0.169
DUMMY stat: ./out/test-dir.0-0/mdtest_tree.0/dir.mdtest.0.53
DUMMY stat: ./out/test-dir.0-0/mdtest_tree.0/dir.mdtest.0.184
DUMMY stat: ./out/test-dir.0-0/mdtest_tree.0/dir.mdtest.0.174
DUMMY stat: ./out/test-dir.0-0/mdtest_tree.0/dir.mdtest.0.146
DUMMY stat: ./out/test-dir.0-0/mdtest_tree.0/dir.mdtest.0.157
DUMMY stat: ./out/test-dir.0-0/mdtest_tree.0/dir.mdtest.0.3
DUMMY stat: ./out/test-dir.0-0/mdtest_tree.0/dir.mdtest.0.57
DUMMY stat: ./out/test-dir.0-0/mdtest_tree.0/dir.mdtest.0.66
DUMMY stat: ./out/test-dir.0-0/mdtest_tree.0/dir.mdtest.0.197
DUMMY stat: ./out/test-dir.0-0/mdtest_tree.0/dir.mdtest.0.132
DUMMY stat: ./out/test-dir.0-0/mdtest_tree.0/dir.mdtest.0.24
DUMMY stat: ./out/test-dir.0-0/mdtest_tree.0/dir.mdtest.0.143
DUMMY stat: ./out/test-dir.0-0/mdtest_tree.0/dir.mdtest.0.183
DUMMY stat: ./out/test-dir.0-0/mdtest_tree.0/dir.mdtest.0.124
DUMMY stat: ./out/test-dir.0-0/mdtest_tree.0/dir.mdtest.0.16
DUMMY stat: ./out/test-dir.0-0/mdtest_tree.0/dir.mdtest.0.76
DUMMY stat: ./out/test-dir.0-0/mdtest_tree.0/dir.mdtest.0.159
DUMMY stat: ./out/test-dir.0-0/mdtest_tree.0/dir.mdtest.0.114
DUMMY stat: ./out/test-dir.0-0/mdtest_tree.0/dir.mdtest.0.25
DUMMY stat: ./out/test-dir.0-0/mdtest_tree.0/dir.mdtest.0.12
DUMMY stat: ./out/test-dir.0-0/mdtest_tree.0/dir.mdtest.0.54
DUMMY stat: ./out/test-dir.0-0/mdtest_tree.0/dir.mdtest.0.125
DUMMY stat: ./out/test-dir.0-0/mdtest_tree.0/dir.mdtest.0.14
DUMMY stat: ./out/test-dir.0-0/mdtest_tree.0/dir.mdtest.0.165
DUMMY stat: ./out/test-dir.0-0/mdtest_tree.0/dir.mdtest.0.38
DUMMY stat: ./out/test-dir.0-0/mdtest_tree.0/dir.mdtest.0.145
DUMMY stat: ./out/test-dir.0-0/mdtest_tree.0/dir.mdtest.0.48
DUMMY stat: ./out/test-dir.0-0/mdtest_tree.0/dir.mdtest.0.150
DUMMY stat: ./out/test-dir.0-0/mdtest_tree.0/dir.mdtest.0.67
DUMMY stat: ./out/test-dir.0-0/mdtest_tree.0/dir.mdtest.0.153
DUMMY stat: ./out/test-dir.0-0/mdtest_tree.0/dir.mdtest.0.68
DUMMY stat: ./out/test-dir.0-0/mdtest_tree.0/dir.mdtest.0.90
DUMMY stat: ./out/test-dir.0-0/mdtest_tree.0/dir.mdtest.0.43
DUMMY stat: ./out/test-dir.0-0/mdtest_tree.0/dir.mdtest.0.103
DUMMY rmdir: ./out/test-dir.0-0/mdtest_tree.0/dir.mdtest.0.0
DUMMY rmdir: ./out/test-dir.0-0/mdtest_tree.0/dir.mdtest.0.1
DUMMY rmdir: ./out/test-dir.0-0/mdtest_tree.0/dir.mdtest.0.2
DUMMY rmdir: ./out/test-dir.0-0/mdtest_tree.0/dir.mdtest.0.3
DUMMY rmdir: ./out/test-dir.0-0/mdtest_tree.0/dir.mdtest.0.4
DUMMY rmdir: ./out/test-dir.0-0/mdtest_tree.0/dir.mdtest.0.5
DUMMY rmdir: ./out/test-dir.0-0/mdtest_tree.0/dir.mdtest.0.6
DUMMY rmdir: ./out/test-dir.0-0/mdtest_tree.0/dir.mdtest.0.7
DUMMY rmdir: ./out/test-dir.0-0/mdtest_tree.0/dir.mdtest.0.8
DUMMY rmdir: ./out/test-dir.0-0/mdtest_tree.0/dir.mdtest.0.9
DUMMY rmdir: ./out/test-dir.0-0/mdtest_tree.0/dir.mdtest.0.10
DUMMY rmdir: ./out/test-dir.0-0/mdtest_tree.0/dir.mdtest.0.11
DUMMY rmdir: ./out/test-dir.0-0/mdtest_tree.0/dir.mdtest.0.12
DUMMY rmdir: ./out/test-dir.0-0/mdtest_tree.0/dir.mdtest.0.13
DUMMY rmdir: ./out/test-dir.0-0/mdtest_tree.0/dir.mdtest.0.14
DUMMY rmdir: ./out/test-dir.0-0/mdtest_tree.0/dir.mdtest.0.15
DUMMY rmdir: ./out/test-dir.0-0/mdtest_tree.0/dir.mdtest.0.16
DUMMY rmdir: ./out/test-dir.0-0/mdtest_tree.0/dir.mdtest.0.17
DUMMY rmdir: ./out/test-dir.0-0/mdtest_tree.0/dir.mdtest.0.18
DUMMY rmdir: ./out/test-dir.0-0/mdtest_tree.0/dir.mdtest.0.19
DUMMY rmdir: ./out/test-dir.0-0/mdtest_tree.0/dir.mdtest.0.20
DUMMY rmdir: ./out/test-dir.0-0/mdtest_tree.0/dir.mdtest.0.21
DUMMY rmdir: ./out/test-dir.0-0/mdtest_tree.0/dir.mdtest.0.22
DUMMY rmdir: ./out/test-dir.0-0/mdtest_tree.0/dir.mdtest.0.23
DUMMY rmdir: ./out/test-dir.0-0/mdtest_tree.0/dir.mdtest.0.24
DUMMY rmdir: ./out/test-dir.0-0/mdtest_tree.0/dir.mdtest.0.25
DUMMY rmdir: ./out/test-dir.0-0/mdtest_tree.0/dir.mdtest.0.26
DUMMY rmdir: ./out/test-dir.0-0/mdtest_tree.0/dir.mdtest.0.27
DUMMY rmdir: ./out/test-dir.0-0/mdtest_tree.0/dir.mdtest.0.28
DUMMY rmdir: ./out/test-dir.0-0/mdtest_tree.0/dir.mdtest.0.29
DUMMY rmdir: ./out/test-dir.0-0/mdtest_tree.0/dir.mdtest.0.30
DUMMY rmdir: ./out/test-dir.0-0/mdtest_tree.0/dir.mdtest.0.31
DUMMY rmdir: ./out/test-dir.0-0/mdtest_tree.0/dir.mdtest.0.32
DUMMY rmdir: ./out/test-dir.0-0/mdtest_tree.0/dir.mdtest.0.33
DUMMY rmdir: ./out/test-dir.0-0/mdtest_tree.0/dir.mdtest.0.34
DUMMY rmdir: ./out/test-dir.0-0/mdtest_tree.0/dir.mdtest.0.35
DUMMY rmdir: ./out/test-dir.0-0/mdtest_tree.0/dir.mdtest.0.36
DUMMY rmdir: ./out/test-dir.0-0/mdtest_tree.0/dir.mdtest.0.37
DUMMY rmdir: ./out/test-dir.0-0/mdtest_tree.0/dir.mdtest.0.38
DUMMY rmdir: ./out/test-dir.0-0/mdtest_tree.0/dir.mdtest.0.39
DUMMY rmdir: ./out/test-dir.0-0/mdtest_tree.0/dir.mdtest.0.40
DUMMY rmdir: ./out/test-dir.0-0/mdtest_tree.0/dir.mdtest.0.41
DUMMY rmdir: ./out/test-dir.0-0/mdtest_tree.0/dir.mdtest.0.42
DUMMY rmdir: ./out/test-dir.0-0/mdtest_tree.0/dir.mdtest.0.43
DUMMY rmdir: ./out/test-dir.0-0/mdtest_tree.0/dir.mdtest.0.44
DUMMY rmdir: ./out/test-dir.0-0/mdtest_tree.0/dir.mdtest.0.45
DUMMY rmdir: ./out/test-dir.0-0/mdtest_tree.0/dir.mdtest.0.46
DUMMY rmdir: ./out/test-dir.0-0/mdtest_tree.0/dir.mdtest.0.47
DUMMY rmdir: ./out/test-dir.0-0/mdtest_tree.0/dir.mdtest.0.48
DUMMY rmdir: ./out/test-dir.0-0/mdtest_tree.0/dir.mdtest.0.49
DUMMY rmdir: ./out/test-dir.0-0/mdtest_tree.0/dir.mdtest.0.50
DUMMY rmdir: ./out/test-dir.0-0/mdtest_tree.0/dir.mdtest.0.51
DUMMY rmdir: ./out/test-dir.0-0/mdtest_tree.0/dir.mdtest.0.52
DUMMY rmdir: ./out/test-dir.0-0/mdtest_tree.0/dir.mdtest.0.53
DUMMY rmdir: ./out/test-dir.0-0/mdtest_tree.0/dir.mdtest.0.54
DUMMY rmdir: ./out/test-dir.0-0/mdtest_tree.0/dir.mdtest.0.55
DUMMY rmdir: ./out/test-dir.0-0/mdtest_tree.0/dir.mdtest.0.56
DUMMY rmdir: ./out/test-dir.0-0/mdtest_tree.0/dir.mdtest.0.57
DUMMY rmdir: ./out/test-dir.0-0/mdtest_tree.0/dir.mdtest.0.58
DUMMY rmdir: ./out/test-dir.0-0/mdtest_tree.0/dir.mdtest.0.59
DUMMY rmdir: ./out/test-dir.0-0/mdtest_tree.0/dir.mdtest.0.60
DUMMY rmdir: ./out/test-dir.0-0/mdtest_tree.0/dir.mdtest.0.61
DUMMY rmdir: ./out/test-dir.0-0/mdtest_tree.0/dir.mdtest.0.62
DUMMY rmdir: ./out/test-dir.0-0/mdtest_tree.0/dir.mdtest.0.63
DUMMY rmdir: ./out/test-dir.0-0/mdtest_tree.0/dir.mdtest.0.64
DUMMY rmdir: ./out/test-dir.0-0/mdtest_tree.0/dir.mdtest.0.65
DUMMY rmdir: ./out/test-dir.0-0/mdtest_tree.0/dir.mdtest.0.66
DUMMY rmdir: ./out/test-dir.0-0/mdtest_tree.0/dir.mdtest.0.67
DUMMY rmdir: ./out/test-dir.0-0/mdtest_tree.0/dir.mdtest.0.68
DUMMY rmdir: ./out/test-dir.0-0/mdtest_tree.0/dir.mdtest.0.69
DUMMY rmdir: ./out/test-dir.0-0/mdtest_tree.0/dir.mdtest.0.70
DUMMY rmdir: ./out/test-dir.0-0/mdtest_tree.0/dir.mdtest.0.71
DUMMY rmdir: ./out/test-dir.0-0/mdtest_tree.0/dir.mdtest.0.72
DUMMY rmdir: ./out/test-dir.0-0/mdtest_tree.0/dir.mdtest.0.73
DUMMY rmdir: ./out/test-dir.0-0/mdtest_tree.0/dir.mdtest.0.74
DUMMY rmdir: ./out/test-dir.0-0/mdtest_tree.0/dir.mdtest.0.75
DUMMY rmdir: ./out/test-dir.0-0/mdtest_tree.0/dir.mdtest.0.76
DUMMY rmdir: ./out/test-dir.0-0/mdtest_tree.0/dir.mdtest.0.77
DUMMY rmdir: ./out/test-dir.0-0/mdtest_tree.0/dir.mdtest.0.78
DUMMY rmdir: ./out/test-dir.0-0/mdtest_tree.0/dir.mdtest.0.79
DUMMY rmdir: ./out/test-dir.0-0/mdtest_tree.0/dir.mdtest.0.80
DUMMY rmdir: ./out/test-dir.0-0/mdtest_tree.0/dir.mdtest.0.81
DUMMY rmdir: ./out/test-dir.0-0/mdtest_tree.0/dir.mdtest.0.82
DUMMY rmdir: ./out/test-dir.0-0/mdtest_tree.0/dir.mdtest.0.83
DUMMY rmdir: ./out/test-dir.0-0/mdtest_tree.0/dir.mdtest.0.84
DUMMY rmdir: ./out/test-dir.0-0/mdtest_tree.0/dir.mdtest.0.85
DUMMY rmdir: ./out/test-dir.0-0/mdtest_tree.0/dir.mdtest.0.86
DUMMY rmdir: ./out/test-dir.0-0/mdtest_tree.0/dir.mdtest.0.87
DUMMY rmdir: ./out/test-dir.0-0/mdtest_tree.0/dir.mdtest.0.88
DUMMY rmdir: ./out/test-dir.0-0/mdtest_tree.0/dir.mdtest.0.89
DUMMY rmdir: ./out/test-dir.0-0/mdtest_tree.0/dir.mdtest.0.90
DUMMY rmdir: ./out/test-dir.0-0/mdtest_tree.0/dir.mdtest.0.91
DUMMY rmdir: ./out/test-dir.0-0/mdtest_tree.0/dir.mdtest.0.92
DUMMY rmdir: ./out/test-dir.0-0/mdtest_tree.0/dir.mdtest.0.93
DUMMY rmdir: ./out/test-dir.0-0/mdtest_tree.0/dir.mdtest.0.94
DUMMY rmdir: ./out/test-dir.0-0/mdtest_tree.0/dir.mdtest.0.95
DUMMY rmdir: ./out/test-dir.0-0/mdtest_tree.0/dir.mdtest.0.96
DUMMY rmdir: ./out/test-dir.0-0/mdtest_tree.0/dir.mdtest.0.97
DUMMY rmdir: ./out/test-dir.0-0/mdtest_tree.0/dir.mdtest.0.98
DUMMY rmdir: ./out/test-dir.0-0/mdtest_tree.0/dir.mdtest.0.99
DUMMY rmdir: ./out/test-dir.0-0/mdtest_tree.0/dir.mdtest.0.100
DUMMY rmdir: ./out/test-dir.0-0/mdtest_tree.0/dir.mdtest.0.101
DUMMY rmdir: ./out/test-dir.0-0/mdtest_tree.0/dir.mdtest.0.102
DUMMY rmdir: ./out/test-dir.0-0/mdtest_tree.0/dir.mdtest.0.103
DUMMY rmdir: ./out/test-dir.0-0/mdtest_tree.0/dir.mdtest.0.104
DUMMY rmdir: ./out/test-dir.0-0/mdtest_tree.0/dir.mdtest.0.105
DUMMY rmdir: ./out/test-dir.0-0/mdtest_tree.0/dir.mdtest.0.106
DUMMY rmdir: ./out/test-dir.0-0/mdtest_tree.0/dir.mdtest.0.107
DUMMY rmdir: ./out/test-dir.0-0/mdtest_tree.0/dir.mdtest.0.108
DUMMY rmdir: ./out/test-dir.0-0/mdtest_tree.0/dir.mdtest.0.109
DUMMY rmdir: ./out/test-dir.0-0/mdtest_tree.0/dir.mdtest.0.110
DUMMY rmdir: ./out/test-dir.0-0/mdtest_tree.0/dir.mdtest.0.111
DUMMY rmdir: ./out/test-dir.0-0/mdtest_tree.0/dir.mdtest.0.112
DUMMY rmdir: ./out/test-dir.0-0/mdtest_tree.0/dir.mdtest.0.113
DUMMY rmdir: ./out/test-dir.0-0/mdtest_tree.0/dir.mdtest.0.114
DUMMY rmdir: ./out/test-dir.0-0/mdtest_tree.0/dir.mdtest.0.115
DUMMY rmdir: ./out/test-dir.0-0/mdtest_tree.0/dir.mdtest.0.116
DUMMY rmdir: ./out/test-dir.0-0/mdtest_tree.0/dir.mdtest.0.117
DUMMY rmdir: ./out/test-dir.0-0/mdtest_tree.0/dir.mdtest.0.118
DUMMY rmdir: ./out/test-dir.0-0/mdtest_tree.0/dir.mdtest.0.119
DUMMY rmdir: ./out/test-dir.0-0/mdtest_tree.0/dir.mdtest.0.120
DUMMY rmdir: ./out/test-dir.0-0/mdtest_tree.0/dir.mdtest.0.121
DUMMY rmdir: ./out/test-dir.0-0/mdtest_tree.0/dir.mdtest.0.122
DUMMY rmdir: ./out/test-dir.0-0/mdtest_tree.0/dir.mdtest.0.123
DUMMY rmdir: ./out/test-dir.0-0/mdtest_tree.0/dir.mdtest.0.124
DUMMY rmdir: ./out/test-dir.0-0/mdtest_tree.0/dir.mdtest.0.125
DUMMY rmdir: ./out/test-dir.0-0/mdtest_tree.0/dir.mdtest.0.126
DUMMY rmdir: ./out/test-dir.0-0/mdtest_tree.0/dir.mdtest.0.127
DUMMY rmdir: ./out/test-dir.0-0/mdtest_tree.0/dir.mdtest.0.128
DUMMY rmdir: ./out/test-dir.0-0/mdtest_tree.0/dir.mdtest.0.129
DUMMY rmdir: ./out/test-dir.0-0/mdtest_tree.0/dir.mdtest.0.130
DUMMY rmdir: ./out/test-dir.0-0/mdtest_tree.0/dir.mdtest.0.131
DUMMY rmdir: ./out/test-dir.0-0/mdtest_tree.0/dir.mdtest.0.132
DUMMY rmdir: ./out/test-dir.0-0/mdtest_tree.0/dir.mdtest.0.133
DUMMY rmdir: ./out/test-dir.0-0/mdtest_tree.0/dir.mdtest.0.134
DUMMY rmdir: ./out/test-dir.0-0/mdtest_tree.0/dir.mdtest.0.135
DUMMY rmdir: ./out/test-dir.0-0/mdtest_tree.0/dir.mdtest.0.136
DUMMY rmdir: ./out/test-dir.0-0/mdtest_tree.0/dir.mdtest.0.137
DUMMY rmdir: ./out/test-dir.0-0/mdtest_tree.0/dir.mdtest.0.138
DUMMY rmdir: ./out/test-dir.0-0/mdtest_tree.0/dir.mdtest.0.139
DUMMY rmdir: ./out/test-dir.0-0/mdtest_tree.0/dir.mdtest.0.140
DUMMY rmdir: ./out/test-dir.0-0/mdtest_tree.0/dir.mdtest.0.141
DUMMY rmdir: ./out/test-dir.0-0/mdtest_tree.0/dir.mdtest.0.142
DUMMY rmdir: ./out/test-dir.0-0/mdtest_tree.0/dir.mdtest.0.143
DUMMY rmdir: ./out/test-dir.0-0/mdtest_tree.0/dir.mdtest.0.144
DUMMY rmdir: ./out/test-dir.0-0/mdtest_tree.0/dir.mdtest.0.145
DUMMY rmdir: ./out/test-dir.0-0/mdtest_tree.0/dir.mdtest.0.146
DUMMY rmdir: ./out/test-dir.0-0/mdtest_tree.0/dir.mdtest.0.147
DUMMY rmdir: ./out/test-dir.0-0/mdtest_tree.0/dir.mdtest.0.148
DUMMY rmdir: ./out/test-dir.0-0/mdtest_tree.0/dir.mdtest.0.149
DUMMY rmdir: ./out/test-dir.0-0/mdtest_tree.0/dir.mdtest.0.150
DUMMY rmdir: ./out/test-dir.0-0/mdtest_tree.0/dir.mdtest.0.151
DUMMY rmdir: ./out/test-dir.0-0/mdtest_tree.0/dir.mdtest.0.152
DUMMY rmdir: ./out/test-dir.0-0/mdtest_tree.0/dir.mdtest.0.153
DUMMY rmdir: ./out/test-dir.0-0/mdtest_tree.0/dir.mdtest.0.154
DUMMY rmdir: ./out/test-dir.0-0/mdtest_tree.0/dir.mdtest.0.155
DUMMY rmdir: ./out/test-dir.0-0/mdtest_tree.0/dir.mdtest.0.156
DUMMY rmdir: ./out/test-dir.0-0/mdtest_tree.0/dir.mdtest.0.157
DUMMY rmdir: ./out/test-dir.0-0/mdtest_tree.0/dir.mdtest.0.158
DUMMY rmdir: ./out/test-dir.0-0/mdtest_tree.0/dir.mdtest.0.159
DUMMY rmdir: ./out/test-dir.0-0/mdtest_tree.0/dir.mdtest.0.160
DUMMY rmdir: ./out/test-dir.0-0/mdtest_tree.0/dir.mdtest.0.161
DUMMY rmdir: ./out/test-dir.0-0/mdtest_tree.0/dir.mdtest.0.162
DUMMY rmdir: ./out/test-dir.0-0/mdtest_tree.0/dir.mdtest.0.163
DUMMY rmdir: ./out/test-dir.0-0/mdtest_tree.0/dir.mdtest.0.164
DUMMY rmdir: ./out/test-dir.0-0/mdtest_tree.0/dir.mdtest.0.165
DUMMY rmdir: ./out/test-dir.0-0/mdtest_tree.0/dir.mdtest.0.166
DUMMY rmdir: ./out/test-dir.0-0/mdtest_tree.0/dir.mdtest.0.167
DUMMY rmdir: ./out/test-dir.0-0/mdtest_tree.0/dir.mdtest.0.168
DUMMY rmdir: ./out/test-dir.0-0/mdtest_tree.0/dir.mdtest.0.169
DUMMY rmdir: ./out/test-dir.0-0/mdtest_tree.0/dir.mdtest.0.170
DUMMY rmdir: ./out/test-dir.0-0/mdtest_tree.0/dir.mdtest.0.171
DUMMY rmdir: ./out/test-dir.0-0/mdtest_tree.0/dir.mdtest.0.172
DUMMY rmdir: ./out/test-dir.0-0/mdtest_tree.0/dir.mdtest.0.173
DUMMY rmdir: ./out/test-dir.0-0/mdtest_tree.0/dir.mdtest.0.174
DUMMY rmdir: ./out/test-dir.0-0/mdtest_tree.0/dir.mdtest.0.175
DUMMY rmdir: ./out/test-dir.0-0/mdtest_tree.0/dir.mdtest.0.176
DUMMY rmdir: ./out/test-dir.0-0/mdtest_tree.0/dir.mdtest.0.177
DUMMY rmdir: ./out/test-dir.0-0/mdtest_tree.0/dir.mdtest.0.178
DUMMY rmdir: ./out/test-dir.0-0/mdtest_tree.0/dir.mdtest.0.179
DUMMY rmdir: ./out/test-dir.0-0/mdtest_tree.0/dir.mdtest.0.180
DUMMY rmdir: ./out/test-dir.0-0/mdtest_tree.0/dir.mdtest.0.181
DUMMY rmdir: ./out/test-dir.0-0/mdtest_tree.0/dir.mdtest.0.182
DUMMY rmdir: ./out/test-dir.0-0/mdtest_tree.0/dir.mdtest.0.183
DUMMY rmdir: ./out/test-dir.0-0/mdtest_tree.0/dir.mdtest.0.184
DUMMY rmdir: ./out/test-dir.0-0/mdtest_tree.0/dir.mdtest.0.185
DUMMY rmdir: ./out/test-dir.0-0/mdtest_tree.0/dir.mdtest.0.186
DUMMY rmdir: ./out/test-dir.0-0/mdtest_tree.0/dir.mdtest.0.187
DUMMY rmdir: ./out/test-dir.0-0/mdtest_tree.0/dir.mdtest.0.188
DUMMY rmdir: ./out/test-dir.0-0/mdtest_tree.0/dir.mdtest.0.189
DUMMY rmdir: ./out/test-dir.0-0/mdtest_tree.0/dir.mdtest.0.190
DUMMY rmdir: ./out/test-dir.0-0/mdtest_tree.0/dir.mdtest.0.191
DUMMY rmdir: ./out/test-dir.0-0/mdtest_tree.0/dir.mdtest.0.192
DUMMY rmdir: ./out/test-dir.0-0/mdtest_tree.0/dir.mdtest.0.193
DUMMY rmdir: ./out/test-dir.0-0/mdtest_tree.0/dir.mdtest.0.194
DUMMY rmdir: ./out/test-dir.0-0/mdtest_tree.0/dir.mdtest.0.195
DUMMY rmdir: ./out/test-dir.0-0/mdtest_tree.0/dir.mdtest.0.196
DUMMY rmdir: ./out/test-dir.0-0/mdtest_tree.0/dir.mdtest.0.197
DUMMY rmdir: ./out/test-dir.0-0/mdtest_tree.0/dir.mdtest.0.198
DUMMY rmdir: ./out/test-dir.0-0/mdtest_tree.0/dir.mdtest.0.199
DUMMY create: ./out/test-dir.0-0/mdtest_tree.0/file.mdtest.0.0 = 0x1
DUMMY close 0x1
DUMMY create: ./out/test-dir.0-0/mdtest_tree.0/file.mdtest.0.1 = 0x2
DUMMY close 0x2
DUMMY create: ./out/test-dir.0-0/mdtest_tree.0/file.mdtest.0.2 = 0x3
DUMMY close 0x3
DUMMY create: ./out/test-dir.0-0/mdtest_tree.0/file.mdtest.0.3 = 0x4
DUMMY close 0x4
DUMMY create: ./out/test-dir.0-0/mdtest_tree.0/file.mdtest.0.4 = 0x5
DUMMY close 0x5
DUMMY create: ./out/test-dir.0-0/mdtest_tree.0/file.mdtest.0.5 = 0x6
DUMMY close 0x6
DUMMY create: ./out/test-dir.0-0/mdtest_tree.0/file.mdtest.0.6 = 0x7
DUMMY close 0x7
DUMMY create: ./out/test-dir.0-0/mdtest_tree.0/file.mdtest.0.7 = 0x8
DUMMY close 0x8
DUMMY create: ./out/test-dir.0-0/mdtest_tree.0/file.mdtest.0.8 = 0x9
DUMMY close 0x9
DUMMY create: ./out/test-dir.0-0/mdtest_tree.0/file.mdtest.0.9 = 0xa
DUMMY close 0xa
DUMMY create: ./out/test-dir.0-0/mdtest_tree.0/file.mdtest.0.10 = 0xb
DUMMY close 0xb
DUMMY create: ./out/test-dir.0-0/mdtest_tree.0/file.mdtest.0.11 = 0xc
DUMMY close 0xc
DUMMY create: ./out/test-dir.0-0/mdtest_tree.0/file.mdtest.0.12 = 0xd
DUMMY close 0xd
DUMMY create: ./out/test-dir.0-0/mdtest_tree.0/file.mdtest.0.13 = 0xe
DUMMY close 0xe
DUMMY create: ./out/test-dir.0-0/mdtest_tree.0/file.mdtest.0.14 = 0xf
DUMMY close 0xf
DUMMY create: ./out/test-dir.0-0/mdtest_tree.0/file.mdtest.0.15 = 0x10
DUMMY close 0x10
DUMMY create: ./out/test-dir.0-0/mdtest_tree.0/file.mdtest.0.16 = 0x11
DUMMY close 0x11
DUMMY create: ./out/test-dir.0-0/mdtest_tree.0/file.mdtest.0.17 = 0x12
DUMMY close 0x12
DUMMY create: ./out/test-dir.0-0/mdtest_tree.0/file.mdtest.0.18 = 0x13
DUMMY close 0x13
DUMMY create: ./out/test-dir.0-0/mdtest_tree.0/file.mdtest.0.19 = 0x14
DUMMY close 0x14
DUMMY create: ./out/test-dir.0-0/mdtest_tree.0/file.mdtest.0.20 = 0x15
DUMMY close 0x15
DUMMY create: ./out/test-dir.0-0/mdtest_tree.0/file.mdtest.0.21 = 0x16
DUMMY close 0x16
DUMMY create: ./out/test-dir.0-0/mdtest_tree.0/file.mdtest.0.22 = 0x17
DUMMY close 0x17
DUMMY create: ./out/test-dir.0-0/mdtest_tree.0/file.mdtest.0.23 = 0x18
DUMMY close 0x18
DUMMY create: ./out/test-dir.0-0/mdtest_tree.0/file.mdtest.0.24 = 0x19
DUMMY close 0x19
DUMMY create: ./out/test-dir.0-0/mdtest_tree.0/file.mdtest.0.25 = 0x1a
DUMMY close 0x1a
DUMMY create: ./out/test-dir.0-0/mdtest_tree.0/file.mdtest.0.26 = 0x1b
DUMMY close 0x1b
DUMMY create: ./out/test-dir.0-0/mdtest_tree.0/file.mdtest.0.27 = 0x1c
DUMMY close 0x1c
DUMMY create: ./out/test-dir.0-0/mdtest_tree.0/file.mdtest.0.28 = 0x1d
DUMMY close 0x1d
DUMMY create: ./out/test-dir.0-0/mdtest_tree.0/file.mdtest.0.29 = 0x1e
DUMMY close 0x1e
DUMMY create: ./out/test-dir.0-0/mdtest_tree.0/file.mdtest.0.30 = 0x1f
DUMMY close 0x1f
DUMMY create: ./out/test-dir.0-0/mdtest_tree.0/file.mdtest.0.31 = 0x20
DUMMY close 0x20
DUMMY create: ./out/test-dir.0-0/mdtest_tree.0/file.mdtest.0.32 = 0x21
DUMMY close 0x21
DUMMY create: ./out/test-dir.0-0/mdtest_tree.0/file.mdtest.0.33 = 0x22
DUMMY close 0x22
DUMMY create: ./out/test-dir.0-0/mdtest_tree.0/file.mdtest.0.34 = 0x23
DUMMY close 0x23
DUMMY create: ./out/test-dir.0-0/mdtest_tree.0/file.mdtest.0.35 = 0x24
DUMMY close 0x24
DUMMY create: ./out/test-dir.0-0/mdtest_tree.0/file.mdtest.0.36 = 0x25
DUMMY close 0x25
DUMMY create: ./out/test-dir.0-0/mdtest_tree.0/file.mdtest.0.37 = 0x26
DUMMY close 0x26
DUMMY create: ./out/test-dir.0-0/mdtest_tree.0/file.mdtest.0.38 = 0x27
DUMMY close 0x27
DUMMY create: ./out/test-dir.0-0/mdtest_tree.0/file.mdtest.0.39 = 0x28
DUMMY close 0x28
DUMMY create: ./out/test-dir.0-0/mdtest_tree.0/file.mdtest.0.40 = 0x29
DUMMY close 0x29
DUMMY create: ./out/test-dir.0-0/mdtest_tree.0/file.mdtest.0.41 = 0x2a
DUMMY close 0x2a
DUMMY create: ./out/test-dir.0-0/mdtest_tree.0/file.mdtest.0.42 = 0x2b
DUMMY close 0x2b
DUMMY create: ./out/test-dir.0-0/mdtest_tree.0/file.mdtest.0.43 = 0x2c
DUMMY close 0x2c
DUMMY create: ./out/test-dir.0-0/mdtest_tree.0/file.mdtest.0.44 = 0x2d
DUMMY close 0x2d
DUMMY create: ./out/test-dir.0-0/mdtest_tree.0/file.mdtest.0.45 = 0x2e
DUMMY close 0x2e
DUMMY create: ./out/test-dir.0-0/mdtest_tree.0/file.mdtest.0.46 = 0x2f
DUMMY close 0x2f
DUMMY create: ./out/test-dir.0-0/mdtest_tree.0/file.mdtest.0.47 = 0x30
DUMMY close 0x30
DUMMY create: ./out/test-dir.0-0/mdtest_tree.0/file.mdtest.0.48 = 0x31
DUMMY close 0x31
DUMMY create: ./out/test-dir.0-0/mdtest_tree.0/file.mdtest.0.49 = 0x32
DUMMY close 0x32
DUMMY create: ./out/test-dir.0-0/mdtest_tree.0/file.mdtest.0.50 = 0x33
DUMMY close 0x33
DUMMY create: ./out/test-dir.0-0/mdtest_tree.0/file.mdtest.0.51 = 0x34
DUMMY close 0x34
DUMMY create: ./out/test-dir.0-0/mdtest_tree.0/file.mdtest.0.52 = 0x35
DUMMY close 0x35
DUMMY create: ./out/test-dir.0-0/mdtest_tree.0/file.mdtest.0.53 = 0x36
DUMMY close 0x36
DUMMY create: ./out/test-dir.0-0/mdtest_tree.0/file.mdtest.0.54 = 0x37
DUMMY close 0x37
DUMMY create: ./out/test-dir.0-0/mdtest_tree.0/file.mdtest.0.55 = 0x38
DUMMY close 0x38
DUMMY create: ./out/test-dir.0-0/mdtest_tree.0/file.mdtest.0.56 = 0x39
DUMMY close 0x39
DUMMY create: ./out/test-dir.0-0/mdtest_tree.0/file.mdtest.0.57 = 0x3a
DUMMY close 0x3a
DUMMY create: ./out/test-dir.0-0/mdtest_tree.0/file.mdtest.0.58 = 0x3b
DUMMY close 0x3b
DUMMY create: ./out/test-dir.0-0/mdtest_tree.0/file.mdtest.0.59 = 0x3c
DUMMY close 0x3c
DUMMY create: ./out/test-dir.0-0/mdtest_tree.0/file.mdtest.0.60 = 0x3d
DUMMY close 0x3d
DUMMY create: ./out/test-dir.0-0/mdtest_tree.0/file.mdtest.0.61 = 0x3e
DUMMY close 0x3e
DUMMY create: ./out/test-dir.0-0/mdtest_tree.0/file.mdtest.0.62 = 0x3f
DUMMY close 0x3f
DUMMY create: ./out/test-dir.0-0/mdtest_tree.0/file.mdtest.0.63 = 0x40
DUMMY close 0x40
DUMMY create: ./out/test-dir.0-0/mdtest_tree.0/file.mdtest.0.64 = 0x41
DUMMY close 0x41
DUMMY create: ./out/test-dir.0-0/mdtest_tree.0/file.mdtest.0.65 = 0x42
DUMMY close 0x42
DUMMY create: ./out/test-dir.0-0/mdtest_tree.0/file.mdtest.0.66 = 0x43
DUMMY close 0x43
DUMMY create: ./out/test-dir.0-0/mdtest_tree.0/file.mdtest.0.67 = 0x44
DUMMY close 0x44
DUMMY create: ./out/test-dir.0-0/mdtest_tree.0/file.mdtest.0.68 = 0x45
DUMMY close 0x45
DUMMY create: ./out/test-dir.0-0/mdtest_tree.0/file.mdtest.0.69 = 0x46
DUMMY close 0x46
DUMMY create: ./out/test-dir.0-0/mdtest_tree.0/file.mdtest.0.70 = 0x47
DUMMY close 0x47
DUMMY create: ./out/test-dir.0-0/mdtest_tree.0/file.mdtest.0.71 = 0x48
DUMMY close 0x48
DUMMY create: ./out/test-dir.0-0/mdtest_tree.0/file.mdtest.0.72 = 0x49
DUMMY close 0x49
DUMMY create: ./out/test-dir.0-0/mdtest_tree.0/file.mdtest.0.73 = 0x4a
DUMMY close 0x4a
DUMMY create: ./out/test-dir.0-0/mdtest_tree.0/file.mdtest.0.74 = 0x4b
DUMMY close 0x4b
DUMMY create: ./out/test-dir.0-0/mdtest_tree.0/file.mdtest.0.75 = 0x4c
DUMMY close 0x4c
DUMMY create: ./out/test-dir.0-0/mdtest_tree.0/file.mdtest.0.76 = 0x4d
DUMMY close 0x4d
DUMMY create: ./out/test-dir.0-0/mdtest_tree.0/file.mdtest.0.77 = 0x4e
DUMMY close 0x4e
DUMMY create: ./out/test-dir.0-0/mdtest_tree.0/file.mdtest.0.78 = 0x4f
DUMMY close 0x4f
DUMMY create: ./out/test-dir.0-0/mdtest_tree.0/file.mdtest.0.79 = 0x50
DUMMY close 0x50
DUMMY create: ./out/test-dir.0-0/mdtest_tree.0/file.mdtest.0.80 = 0x51
DUMMY close 0x51
DUMMY create: ./out/test-dir.0-0/mdtest_tree.0/file.mdtest.0.81 = 0x52
DUMMY close 0x52
DUMMY create: ./out/test-dir.0-0/mdtest_tree.0/file.mdtest.0.82 = 0x53
DUMMY close 0x53
DUMMY create: ./out/test-dir.0-0/mdtest_tree.0/file.mdtest.0.83 = 0x54
DUMMY close 0x54
DUMMY create: ./out/test-dir.0-0/mdtest_tree.0/file.mdtest.0.84 = 0x55
DUMMY close 0x55
DUMMY create: ./out/test-dir.0-0/mdtest_tree.0/file.mdtest.0.85 = 0x56
DUMMY close 0x56
DUMMY create: ./out/test-dir.0-0/mdtest_tree.0/file.mdtest.0.86 = 0x57
DUMMY close 0x57
DUMMY create: ./out/test-dir.0-0/mdtest_tree.0/file.mdtest.0.87 = 0x58
DUMMY close 0x58
DUMMY create: ./out/test-dir.0-0/mdtest_tree.0/file.mdtest.0.88 = 0x59
DUMMY close 0x59
DUMMY create: ./out/test-dir.0-0/mdtest_tree.0/file.mdtest.0.89 = 0x5a
DUMMY close 0x5a
DUMMY create: ./out/test-dir.0-0/mdtest_tree.0/file.mdtest.0.90 = 0x5b
DUMMY close 0x5b
DUMMY create: ./out/test-dir.0-0/mdtest_tree.0/file.mdtest.0.91 = 0x5c
DUMMY close 0x5c
DUMMY create: ./out/test-dir.0-0/mdtest_tree.0/file.mdtest.0.92 = 0x5d
DUMMY close 0x5d
DUMMY create: ./out/test-dir.0-0/mdtest_tree.0/file.mdtest.0.93 = 0x5e
DUMMY close 0x5e
DUMMY create: ./out/test-dir.0-0/mdtest_tree.0/file.mdtest.0.94 = 0x5f
DUMMY close 0x5f
DUMMY create: ./out/test-dir.0-0/mdtest_tree.0/file.mdtest.0.95 = 0x60
DUMMY close 0x60
DUMMY create: ./out/test-dir.0-0/mdtest_tree.0/file.mdtest.0.96 = 0x61
DUMMY close 0x61
DUMMY create: ./out/test-dir.0-0/mdtest_tree.0/file.mdtest.0.97 = 0x62
DUMMY close 0x62
DUMMY create: ./out/test-dir.0-0/mdtest_tree.0/file.mdtest.0.98 = 0x63
DUMMY close 0x63
DUMMY create: ./out/test-dir.0-0/mdtest_tree.0/file.mdtest.0.99 = 0x64
DUMMY close 0x64
DUMMY create: ./out/test-dir.0-0/mdtest_tree.0/file.mdtest.0.100 = 0x65
DUMMY close 0x65
DUMMY create: ./out/test-dir.0-0/mdtest_tree.0/file.mdtest.0.101 = 0x66
DUMMY close 0x66
DUMMY create: ./out/test-dir.0-0/mdtest_tree.0/file.mdtest.0.102 = 0x67
DUMMY close 0x67
DUMMY create: ./out/test-dir.0-0/mdtest_tree.0/file.mdtest.0.103 = 0x68
DUMMY close 0x68
DUMMY create: ./out/test-dir.0-0/mdtest_tree.0/file.mdtest.0.104 = 0x69
DUMMY close 0x69
DUMMY create: ./out/test-dir.0-0/mdtest_tree.0/file.mdtest.0.105 = 0x6a
DUMMY close 0x6a
DUMMY create: ./out/test-dir.0-0/mdtest_tree.0/file.mdtest.0.106 = 0x6b
DUMMY close 0x6b
DUMMY create: ./out/test-dir.0-0/mdtest_tree.0/file.mdtest.0.107 = 0x6c
DUMMY close 0x6c
DUMMY create: ./out/test-dir.0-0/mdtest_tree.0/file.mdtest.0.108 = 0x6d
DUMMY close 0x6d
DUMMY create: ./out/test-dir.0-0/mdtest_tree.0/file.mdtest.0.109 = 0x6e
DUMMY close 0x6e
DUMMY create: ./out/test-dir.0-0/mdtest_tree.0/file.mdtest.0.110 = 0x6f
DUMMY close 0x6f
DUMMY create: ./out/test-dir.0-0/mdtest_tree.0/file.mdtest.0.111 = 0x70
DUMMY close 0x70
DUMMY create: ./out/test-dir.0-0/mdtest_tree.0/file.mdtest.0.112 = 0x71
DUMMY close 0x71
DUMMY create: ./out/test-dir.0-0/mdtest_tree.0/file.mdtest.0.113 = 0x72
DUMMY close 0x72
DUMMY create: ./out/test-dir.0-0/mdtest_tree.0/file.mdtest.0.114 = 0x73
DUMMY close 0x73
DUMMY create: ./out/test-dir.0-0/mdtest_tree.0/file.mdtest.0.115 = 0x74
DUMMY close 0x74
DUMMY create: ./out/test-dir.0-0/mdtest_tree.0/file.mdtest.0.116 = 0x75
DUMMY close 0x75
DUMMY create: ./out/test-dir.0-0/mdtest_tree.0/file.mdtest.0.117 = 0x76
DUMMY close 0x76
DUMMY create: ./out/test-dir.0-0/mdtest_tree.0/file.mdtest.0.118 = 0x77
DUMMY close 0x77
DUMMY create: ./out/test-dir.0-0/mdtest_tree.0/file.mdtest.0.119 = 0x78
DUMMY close 0x78
DUMMY create: ./out/test-dir.0-0/mdtest_tree.0/file.mdtest.0.120 = 0x79
DUMMY close 0x79
DUMMY create: ./out/test-dir.0-0/mdtest_tree.0/file.mdtest.0.121 = 0x7a
DUMMY close 0x7a
DUMMY create: ./out/test-dir.0-0/mdtest_tree.0/file.mdtest.0.122 = 0x7b
DUMMY close 0x7b
DUMMY create: ./out/test-dir.0-0/mdtest_tree.0/file.mdtest.0.123 = 0x7c
DUMMY close 0x7c
DUMMY create: ./out/test-dir.0-0/mdtest_tree.0/file.mdtest.0.124 = 0x7d
DUMMY close 0x7d
DUMMY create: ./out/test-dir.0-0/mdtest_tree.0/file.mdtest.0.125 = 0x7e
DUMMY close 0x7e
DUMMY create: ./out/test-dir.0-0/mdtest_tree.0/file.mdtest.0.126 = 0x7f
DUMMY close 0x7f
DUMMY create: ./out/test-dir.0-0/mdtest_tree.0/file.mdtest.0.127 = 0x80
DUMMY close 0x80
DUMMY create: ./out/test-dir.0-0/mdtest_tree.0/file.mdtest.0.128 = 0x81
DUMMY close 0x81
DUMMY create: ./out/test-dir.0-0/mdtest_tree.0/file.mdtest.0.129 = 0x82
DUMMY close 0x82
DUMMY create: ./out/test-dir.0-0/mdtest_tree.0/file.mdtest.0.130 = 0x83
DUMMY close 0x83
DUMMY create: ./out/test-dir.0-0/mdtest_tree.0/file.mdtest.0.131 = 0x84
DUMMY close 0x84
DUMMY create: ./out/test-dir.0-0/mdtest_tree.0/file.mdtest.0.132 = 0x85
DUMMY close 0x85
DUMMY create: ./out/test-dir.0-0/mdtest_tree.0/file.mdtest.0.133 = 0x86
DUMMY close 0x86
DUMMY create: ./out/test-dir.0-0/mdtest_tree.0/file.mdtest.0.134 = 0x87
DUMMY close 0x87
DUMMY create: ./out/test-dir.0-0/mdtest_tree.0/file.mdtest.0.135 = 0x88
DUMMY close 0x88
DUMMY create: ./out/test-dir.0-0/mdtest_tree.0/file.mdtest.0.136 = 0x89
DUMMY close 0x89
DUMMY create: ./out/test-dir.0-0/mdtest_tree.0/file.mdtest.0.137 = 0x8a
DUMMY close 0x8a
DUMMY create: ./out/test-dir.0-0/mdtest_tree.0/file.mdtest.0.138 = 0x8b
DUMMY close 0x8b
DUMMY create: ./out/test-dir.0-0/mdtest_tree.0/file.mdtest.0.139 = 0x8c
DUMMY close 0x8c
DUMMY create: ./out/test-dir.0-0/mdtest_tree.0/file.mdtest.0.140 = 0x8d
DUMMY close 0x8d
DUMMY create: ./out/test-dir.0-0/mdtest_tree.0/file.mdtest.0.141 = 0x8e
DUMMY close 0x8e
DUMMY create: ./out/test-dir.0-0/mdtest_tree.0/file.mdtest.0.142 = 0x8f
DUMMY close 0x8f
DUMMY create: ./out/test-dir.0-0/mdtest_tree.0/file.mdtest.0.143 = 0x90
DUMMY close 0x90
DUMMY create: ./out/test-dir.0-0/mdtest_tree.0/file.mdtest.0.144 = 0x91
DUMMY close 0x91
DUMMY create: ./out/test-dir.0-0/mdtest_tree.0/file.mdtest.0.145 = 0x92
DUMMY close 0x92
DUMMY create: ./out/test-dir.0-0/mdtest_tree.0/file.mdtest.0.146 = 0x93
DUMMY close 0x93
DUMMY create: ./out/test-dir.0-0/mdtest_tree.0/file.mdtest.0.147 = 0x94
DUMMY close 0x94
DUMMY create: ./out/test-dir.0-0/mdtest_tree.0/file.mdtest.0.148 = 0x95
DUMMY close 0x95
DUMMY create: ./out/test-dir.0-0/mdtest_tree.0/file.mdtest.0.149 = 0x96
DUMMY close 0x96
DUMMY create: ./out/test-dir.0-0/mdtest_tree.0/file.mdtest.0.150 = 0x97
DUMMY close 0x97
DUMMY create: ./out/test-dir.0-0/mdtest_tree.0/file.mdtest.0.151 = 0x98
DUMMY close 0x98
DUMMY create: ./out/test-dir.0-0/mdtest_tree.0/file.mdtest.0.152 = 0x99
DUMMY close 0x99
DUMMY create: ./out/test-dir.0-0/mdtest_tree.0/file.mdtest.0.153 = 0x9a
DUMMY close 0x9a
DUMMY create: ./out/test-dir.0-0/mdtest_tree.0/file.mdtest.0.154 = 0x9b
DUMMY close 0x9b
DUMMY create: ./out/test-dir.0-0/mdtest_tree.0/file.mdtest.0.155 = 0x9c
DUMMY close 0x9c
DUMMY create: ./out/test-dir.0-0/mdtest_tree.0/file.mdtest.0.156 = 0x9d
DUMMY close 0x9d
DUMMY create: ./out/test-dir.0-0/mdtest_tree.0/file.mdtest.0.157 = 0x9e
DUMMY close 0x9e
DUMMY create: ./out/test-dir.0-0/mdtest_tree.0/file.mdtest.0.158 = 0x9f
DUMMY close 0x9f
DUMMY create: ./out/test-dir.0-0/mdtest_tree.0/file.mdtest.0.159 = 0xa0
DUMMY close 0xa0
DUMMY create: ./out/test-dir.0-0/mdtest_tree.0/file.mdtest.0.160 = 0xa1
DUMMY close 0xa1
DUMMY create: ./out/test-dir.0-0/mdtest_tree.0/file.mdtest.0.161 = 0xa2
DUMMY close 0xa2
DUMMY create: ./out/test-dir.0-0/mdtest_tree.0/file.mdtest.0.162 = 0xa3
DUMMY close 0xa3
DUMMY create: ./out/test-dir.0-0/mdtest_tree.0/file.mdtest.0.163 = 0xa4
DUMMY close 0xa4
DUMMY create: ./out/test-dir.0-0/mdtest_tree.0/file.mdtest.0.164 = 0xa5
DUMMY close 0xa5
DUMMY create: ./out/test-dir.0-0/mdtest_tree.0/file.mdtest.0.165 = 0xa6
DUMMY close 0xa6
DUMMY create: ./out/test-dir.0-0/mdtest_tree.0/file.mdtest.0.166 = 0xa7
DUMMY close 0xa7
DUMMY create: ./out/test-dir.0-0/mdtest_tree.0/file.mdtest.0.167 = 0xa8
DUMMY close 0xa8
DUMMY create: ./out/test-dir.0-0/mdtest_tree.0/file.mdtest.0.168 = 0xa9
DUMMY close 0xa9
DUMMY create: ./out/test-dir.0-0/mdtest_tree.0/file.mdtest.0.169 = 0xaa
DUMMY close 0xaa
DUMMY create: ./out/test-dir.0-0/mdtest_tree.0/file.mdtest.0.170 = 0xab
DUMMY close 0xab
DUMMY create: ./out/test-dir.0-0/mdtest_tree.0/file.mdtest.0.171 = 0xac
DUMMY close 0xac
DUMMY create: ./out/test-dir.0-0/mdtest_tree.0/file.mdtest.0.172 = 0xad
DUMMY close 0xad
DUMMY create: ./out/test-dir.0-0/mdtest_tree.0/file.mdtest.0.173 = 0xae
DUMMY close 0xae
DUMMY create: ./out/test-dir.0-0/mdtest_tree.0/file.mdtest.0.174 = 0xaf
DUMMY close 0xaf
DUMMY create: ./out/test-dir.0-0/mdtest_tree.0/file.mdtest.0.175 = 0xb0
DUMMY close 0xb0
DUMMY create: ./out/test-dir.0-0/mdtest_tree.0/file.mdtest.0.176 = 0xb1
DUMMY close 0xb1
DUMMY create: ./out/test-dir.0-0/mdtest_tree.0/file.mdtest.0.177 = 0xb2
DUMMY close 0xb2
DUMMY create: ./out/test-dir.0-0/mdtest_tree.0/file.mdtest.0.178 = 0xb3
DUMMY close 0xb3
DUMMY create: ./out/test-dir.0-0/mdtest_tree.0/file.mdtest.0.179 = 0xb4
DUMMY close 0xb4
DUMMY create: ./out/test-dir.0-0/mdtest_tree.0/file.mdtest.0.180 = 0xb5
DUMMY close 0xb5
DUMMY create: ./out/test-dir.0-0/mdtest_tree.0/file.mdtest.0.181 = 0xb6
DUMMY close 0xb6
DUMMY create: ./out/test-dir.0-0/mdtest_tree.0/file.mdtest.0.182 = 0xb7
DUMMY close 0xb7
DUMMY create: ./out/test-dir.0-0/mdtest_tree.0/file.mdtest.0.183 = 0xb8
DUMMY close 0xb8
DUMMY create: ./out/test-dir.0-0/mdtest_tree.0/file.mdtest.0.184 = 0xb9
DUMMY close 0xb9
DUMMY create: ./out/test-dir.0-0/mdtest_tree.0/file.mdtest.0.185 = 0xba
DUMMY close 0xba
DUMMY create: ./out/test-dir.0-0/mdtest_tree.0/file.mdtest.0.186 = 0xbb
DUMMY close 0xbb
DUMMY create: ./out/test-dir.0-0/mdtest_tree.0/file.mdtest.0.187 = 0xbc
DUMMY close 0xbc
DUMMY create: ./out/test-dir.0-0/mdtest_tree.0/file.mdtest.0.188 = 0xbd
DUMMY close 0xbd
DUMMY create: ./out/test-dir.0-0/mdtest_tree.0/file.mdtest.0.189 = 0xbe
DUMMY close 0xbe
DUMMY create: ./out/test-dir.0-0/mdtest_tree.0/file.mdtest.0.190 = 0xbf
DUMMY close 0xbf
DUMMY create: ./out/test-dir.0-0/mdtest_tree.0/file.mdtest.0.191 = 0xc0
DUMMY close 0xc0
DUMMY create: ./out/test-dir.0-0/mdtest_tree.0/file.mdtest.0.192 = 0xc1
DUMMY close 0xc1
DUMMY create: ./out/test-dir.0-0/mdtest_tree.0/file.mdtest.0.193 = 0xc2
DUMMY close 0xc2
DUMMY create: ./out/test-dir.0-0/mdtest_tree.0/file.mdtest.0.194 = 0xc3
DUMMY close 0xc3
DUMMY create: ./out/test-dir.0-0/mdtest_tree.0/file.mdtest.0.195 = 0xc4
DUMMY close 0xc4
DUMMY create: ./out/test-dir.0-0/mdtest_tree.0/file.mdtest.0.196 = 0xc5
DUMMY close 0xc5
DUMMY create: ./out/test-dir.0-0/mdtest_tree.0/file.mdtest.0.197 = 0xc6
DUMMY close 0xc6
DUMMY create: ./out/test-dir.0-0/mdtest_tree.0/file.mdtest.0.198 = 0xc7
DUMMY close 0xc7
DUMMY create: ./out/test-dir.0-0/mdtest_tree.0/file.mdtest.0.199 = 0xc8
DUMMY close 0xc8
DUMMY stat: ./out/test-dir.0-0/mdtest_tree.0/file.mdtest.0.87
DUMMY stat: ./out/test-dir.0-0/mdtest_tree.0/file.mdtest.0.40
DUMMY stat: ./out/test-dir.0-0/mdtest_tree.0/file.mdtest.0.100
DUMMY stat: ./out/test-dir.0-0/mdtest_tree.0/file.mdtest.0.99
DUMMY stat: ./out/test-dir.0-0/mdtest_tree.0/file.mdtest.0.20
DUMMY stat: ./out/test-dir.0-0/mdtest_tree.0/file.mdtest.0.61
DUMMY stat: ./out/test-dir.0-0/mdtest_tree.0/file.mdtest.0.5
DUMMY stat: ./out/test-dir.0-0/mdtest_tree.0/file.mdtest.0.32
DUMMY stat: ./out/test-dir.0-0/mdtest_tree.0/file.mdtest.0.106
DUMMY stat: ./out/test-dir.0-0/mdtest_tree.0/file.mdtest.0.110
DUMMY stat: ./out/test-dir.0-0/mdtest_tree.0/file.mdtest.0.82
DUMMY stat: ./out/test-dir.0-0/mdtest_tree.0/file.mdtest.0.37
DUMMY stat: ./out/test-dir.0-0/mdtest_tree.0/file.mdtest.0.162
DUMMY stat: ./out/test-dir.0-0/mdtest_tree.0/file.mdtest.0.18
DUMMY stat: ./out/test-dir.0-0/mdtest_tree.0/file.mdtest.0.123
DUMMY stat: ./out/test-dir.0-0/mdtest_tree.0/file.mdtest.0.44
DUMMY stat: ./out/test-dir.0-0/mdtest_tree.0/file.mdtest.0.168
DUMMY stat: ./out/test-dir.0-0/mdtest_tree.0/file.mdtest.0.191
DUMMY stat: ./out/test-dir.0-0/mdtest_tree.0/file.mdtest.0.94
DUMMY stat: ./out/test-dir.0-0/mdtest_tree.0/file.mdtest.0.101
DUMMY stat: ./out/test-dir.0-0/mdtest_tree.0/file.mdtest.0.56
DUMMY stat: ./out/test-dir.0-0/mdtest_tree.0/file.mdtest.0.41
DUMMY stat: ./out/test-dir.0-0/mdtest_tree.0/file.mdtest.0.34
DUMMY stat: ./out/test-dir.0-0/mdtest_tree.0/file.mdtest.0.119
DUMMY stat: ./out/test-dir.0-0/mdtest_tree.0/file.mdtest.0.8
DUMMY stat: ./out/test-dir.0-0/mdtest_tree.0/file.mdtest.0.17
DUMMY stat: ./out/test-dir.0-0/mdtest_tree.0/file.mdtest.0.194
DUMMY stat: ./out/test-dir.0-0/mdtest_tree.0/file.mdtest.0.181
DUMMY stat: ./out/test-dir.0-0/mdtest_tree.0/file.mdtest.0.6
DUMMY stat: ./out/test-dir.0-0/mdtest_tree.0/file.mdtest.0.113
DUMMY stat: ./out/test-dir.0-0/mdtest_tree.0/file.mdtest.0.58
DUMMY stat: ./out/test-dir.0-0/mdtest_tree.0/file.mdtest.0.188
DUMMY stat: ./out/test-dir.0-0/mdtest_tree.0/file.mdtest.0.51
DUMMY stat: ./out/test-dir.0-0/mdtest_tree.0/file.mdtest.0.164
DUMMY stat: ./out/test-dir.0-0/mdtest_tree.0/file.mdtest.0.91
DUMMY stat: ./out/test-dir.0-0/mdtest_tree.0/file.mdtest.0.2
DUMMY stat: ./out/test-dir.0-0/mdtest_tree.0/file.mdtest.0.47
DUMMY stat: ./out/test-dir.0-0/mdtest_tree.0/file.mdtest.0.104
DUMMY stat: ./out/test-dir.0-0/mdtest_tree.0/file.mdtest.0.33
DUMMY stat: ./out/test-dir.0-0/mdtest_tree.0/file.mdtest.0.64
DUMMY stat: ./out/test-dir.0-0/mdtest_tree.0/file.mdtest.0.136
DUMMY stat: ./out/test-dir.0-0/mdtest_tree.0/file.mdtest.0.148
DUMMY stat: ./out/test-dir.0-0/mdtest_tree.0/file.mdtest.0.105
DUMMY stat: ./out/test-dir.0-0/mdtest_tree.0/file.mdtest.0.28
DUMMY stat: ./out/test-dir.0-0/mdtest_tree.0/file.mdtest.0.172
DUMMY stat: ./out/test-dir.0-0/mdtest_tree.0/file.mdtest.0.108
DUMMY stat: ./out/test-dir.0-0/mdtest_tree.0/file.mdtest.0.131
DUMMY stat: ./out/test-dir.0-0/mdtest_tree.0/file.mdtest.0.117
DUMMY stat: ./out/test-dir.0-0/mdtest_tree.0/file.mdtest.0.83
DUMMY stat: ./out/test-dir.0-0/mdtest_tree.0/file.mdtest.0.19
DUMMY stat: ./out/test-dir.0-0/mdtest_tree.0/file.mdtest.0.135
DUMMY stat: ./out/test-dir.0-0/mdtest_tree.0/file.mdtest.0.127
DUMMY stat: ./out/test-dir.0-0/mdtest_tree.0/file.mdtest.0.39
DUMMY stat: ./out/test-dir.0-0/mdtest_tree.0/file.mdtest.0.160
DUMMY stat: ./out/test-dir.0-0/mdtest_tree.0/file.mdtest.0.7
DUMMY stat: ./out/test-dir.0-0/mdtest_tree.0/file.mdtest.0.49
DUMMY stat: ./out/test-dir.0-0/mdtest_tree.0/file.mdtest.0.167
DUMMY stat: ./out/test-dir.0-0/mdtest_tree.0/file.mdtest.0.134
DUMMY stat: ./out/test-dir.0-0/mdtest_tree.0/file.mdtest.0.9
DUMMY stat: ./out/test-dir.0-0/mdtest_tree.0/file.mdtest.0.70
DUMMY stat: ./out/test-dir.0-0/mdtest_tree.0/file.mdtest.0.176
DUMMY stat: ./out/test-dir.0-0/mdtest_tree.0/file.mdtest.0.122
DUMMY stat: ./out/test-dir.0-0/mdtest_tree.0/file.mdtest.0.79
DUMMY stat: ./out/test-dir.0-0/mdtest_tree.0/file.mdtest.0.62
DUMMY stat: ./out/test-dir.0-0/mdtest_tree.0/file.mdtest.0.1
DUMMY stat: ./out/test-dir.0-0/mdtest_tree.0/file.mdtest.0.73
DUMMY stat: ./out/test-dir.0-0/mdtest_tree.0/file.mdtest.0.149
DUMMY stat: ./out/test-dir.0-0/mdtest_tree.0/file.mdtest.0.142
DUMMY stat: ./out/test-dir.0-0/mdtest_tree.0/file.mdtest.0.187
DUMMY stat: ./out/test-dir.0-0/mdtest_tree.0/file.mdtest.0.93
DUMMY stat: ./out/test-dir.0-0/mdtest_tree.0/file.mdtest.0.141
DUMMY stat: ./out/test-dir.0-0/mdtest_tree.0/file.mdtest.0.112
DUMMY stat: ./out/test-dir.0-0/mdtest_tree.0/file.mdtest.0.78
DUMMY stat: ./out/test-dir.0-0/mdtest_tree.0/file.mdtest.0.161
DUMMY stat: ./out/test-dir.0-0/mdtest_tree.0/file.mdtest.0.152
DUMMY stat: ./out/test-dir.0-0/mdtest_tree.0/file.mdtest.0.182
DUMMY stat: ./out/test-dir.0-0/mdtest_tree.0/file.mdtest.0.173
DUMMY stat: ./out/test-dir.0-0/mdtest_tree.0/file.mdtest.0.4
DUMMY stat: ./out/test-dir.0-0/mdtest_tree.0/file.mdtest.0.140
DUMMY stat: ./out/test-dir.0-0/mdtest_tree.0/file.mdtest.0.29
DUMMY stat: ./out/test-dir.0-0/mdtest_tree.0/file.mdtest.0.120
DUMMY stat: ./out/test-dir.0-0/mdtest_tree.0/file.mdtest.0.52
DUMMY stat: ./out/test-dir.0-0/mdtest_tree.0/file.mdtest.0.46
DUMMY stat: ./out/test-dir.0-0/mdtest_tree.0/file.mdtest.0.71
DUMMY stat: ./out/test-dir.0-0/mdtest_tree.0/file.mdtest.0.154
DUMMY stat: ./out/test-dir.0-0/mdtest_tree.0/file.mdtest.0.128
DUMMY stat: ./out/test-dir.0-0/mdtest_tree.0/file.mdtest.0.63
DUMMY stat: ./out/test-dir.0-0/mdtest_tree.0/file.mdtest.0.177
DUMMY stat: ./out/test-dir.0-0/mdtest_tree.0/file.mdtest.0.11
DUMMY stat: ./out/test-dir.0-0/mdtest_tree.0/file.mdtest.0.170
DUMMY stat: ./out/test-dir.0-0/mdtest_tree.0/file.mdtest.0.26
DUMMY stat: ./out/test-dir.0-0/mdtest_tree.0/file.mdtest.0.179
DUMMY stat: ./out/test-dir.0-0/mdtest_tree.0/file.mdtest.0.21
DUMMY stat: ./out/test-dir.0-0/mdtest_tree.0/file.mdtest.0.175
DUMMY stat: ./out/test-dir.0-0/mdtest_tree.0/file.mdtest.0.75
DUMMY stat: ./out/test-dir.0-0/mdtest_tree.0/file.mdtest.0.0
DUMMY stat: ./out/test-dir.0-0/mdtest_tree.0/file.mdtest.0.65
DUMMY stat: ./out/test-dir.0-0/mdtest_tree.0/file.mdtest.0.139
DUMMY stat: ./out/test-dir.0-0/mdtest_tree.0/file.mdtest.0.35
DUMMY stat: ./out/test-dir.0-0/mdtest_tree.0/file.mdtest.0.144
DUMMY stat: ./out/test-dir.0-0/mdtest_tree.0/file.mdtest.0.192
DUMMY stat: ./out/test-dir.0-0/mdtest_tree.0/file.mdtest.0.23
DUMMY stat: ./out/test-dir.0-0/mdtest_tree.0/file.mdtest.0.86
DUMMY stat: ./out/test-dir.0-0/mdtest_tree.0/file.mdtest.0.98
DUMMY stat: ./out/test-dir.0-0/mdtest_tree.0/file.mdtest.0.155
DUMMY stat: ./out/test-dir.0-0/mdtest_tree.0/file.mdtest.0.129
DUMMY stat: ./out/test-dir.0-0/mdtest_tree.0/file.mdtest.0.158
DUMMY stat: ./out/test-dir.0-0/mdtest_tree.0/file.mdtest.0.186
DUMMY stat: ./out/test-dir.0-0/mdtest_tree.0/file.mdtest.0.198
DUMMY stat: ./out/test-dir.0-0/mdtest_tree.0/file.mdtest.0.189
DUMMY stat: ./out/test-dir.0-0/mdtest_tree.0/file.mdtest.0.111
DUMMY stat: ./out/test-dir.0-0/mdtest_tree.0/file.mdtest.0.88
DUMMY stat: ./out/test-dir.0-0/mdtest_tree.0/file.mdtest.0.77
DUMMY stat: ./out/test-dir.0-0/mdtest_tree.0/file.mdtest.0.147
DUMMY stat: ./out/test-dir.0-0/mdtest_tree.0/file.mdtest.0.13
DUMMY stat: ./out/test-dir.0-0/mdtest_tree.0/file.mdtest.0.31
DUMMY stat: ./out/test-dir.0-0/mdtest_tree.0/file.mdtest.0.166
DUMMY stat: ./out/test-dir.0-0/mdtest_tree.0/file.mdtest.0.97
DUMMY stat: ./out/test-dir.0-0/mdtest_tree.0/file.mdtest.0.45
DUMMY stat: ./out/test-dir.0-0/mdtest_tree.0/file.mdtest.0.85
DUMMY stat: ./out/test-dir.0-0/mdtest_tree.0/file.mdtest.0.126
DUMMY stat: ./out/test-dir.0-0/mdtest_tree.0/file.mdtest.0.36
DUMMY stat: ./out/test-dir.0-0/mdtest_tree.0/file.mdtest.0.74
DUMMY stat: ./out/test-dir.0-0/mdtest_tree.0/file.mdtest.0.27
DUMMY stat: ./out/test-dir.0-0/mdtest_tree.0/file.mdtest.0.190
DUMMY stat: ./out/test-dir.0-0/mdtest_tree.0/file.mdtest.0.116
DUMMY stat: ./out/test-dir.0-0/mdtest_tree.0/file.mdtest.0.81
DUMMY stat: ./out/test-dir.0-0/mdtest_tree.0/file.mdtest.0.121
DUMMY stat: ./out/test-dir.0-0/mdtest_tree.0/file.mdtest.0.50
DUMMY stat: ./out/test-dir.0-0/mdtest_tree.0/file.mdtest.0.180
DUMMY stat: ./out/test-dir.0-0/mdtest_tree.0/file.mdtest.0.178
DUMMY stat: ./out/test-dir.0-0/mdtest_tree.0/file.mdtest.0.151
DUMMY stat: ./out/test-dir.0-0/mdtest_tree.0/file.mdtest.0.137
DUMMY stat: ./out/test-dir.0-0/mdtest_tree.0/file.mdtest.0.92
DUMMY stat: ./out/test-dir.0-0/mdtest_tree.0/file.mdtest.0.115
DUMMY stat: ./out/test-dir.0-0/mdtest_tree.0/file.mdtest.0.171
DUMMY stat: ./out/test-dir.0-0/mdtest_tree.0/file.mdtest.0.102
DUMMY stat: ./out/test-dir.0-0/mdtest_tree.0/file.mdtest.0.133
DUMMY stat: ./out/test-dir.0-0/mdtest_tree.0/file.mdtest.0.96
DUMMY stat: ./out/test-dir.0-0/mdtest_tree.0/file.mdtest.0.156
DUMMY stat: ./out/test-dir.0-0/mdtest_tree.0/file.mdtest.0.60
DUMMY stat: ./out/test-dir.0-0/mdtest_tree.0/file.mdtest.0.118
DUMMY stat: ./out/test-dir.0-0/mdtest_tree.0/file.mdtest.0.95
DUMMY stat: ./out/test-dir.0-0/mdtest_tree.0/file.mdtest.0.59
DUMMY stat: ./out/test-dir.0-0/mdtest_tree.0/file.mdtest.0.72
DUMMY stat: ./out/test-dir.0-0/mdtest_tree.0/file.mdtest.0.42
DUMMY stat: ./out/test-dir.0-0/mdtest_tree.0/file.mdtest.0.130
DUMMY stat: ./out/test-dir.0-0/mdtest_tree.0/file.mdtest.0.163
DUMMY stat: ./out/test-dir.0-0/mdtest_tree.0/file.mdtest.0.22
DUMMY stat: ./out/test-dir.0-0/mdtest_tree.0/file.mdtest.0.185
DUMMY stat: ./out/test-dir.0-0/mdtest_tree.0/file.mdtest.0.15
DUMMY stat: ./out/test-dir.0-0/mdtest_tree.0/file.mdtest.0.196
DUMMY stat: ./out/test-dir.0-0/mdtest_tree.0/file.mdtest.0.193
DUMMY stat: ./out/test-dir.0-0/mdtest_tree.0/file.mdtest.0.199
DUMMY stat: ./out/test-dir.0-0/mdtest_tree.0/file.mdtest.0.89
DUMMY stat: ./out/test-dir.0-0/mdtest_tree.0/file.mdtest.0.55
DUMMY stat: ./out/test-dir.0-0/mdtest_tree.0/file.mdtest.0.84
DUMMY stat: ./out/test-dir.0-0/mdtest_tree.0/file.mdtest.0.80
DUMMY stat: ./out/test-dir.0-0/mdtest_tree.0/file.mdtest.0.10
DUMMY stat: ./out/test-dir.0-0/mdtest_tree.0/file.mdtest.0.138
DUMMY stat: ./out/test-dir.0-0/mdtest_tree.0/file.mdtest.0.69
DUMMY stat: ./out/test-dir.0-0/mdtest_tree.0/file.mdtest.0.30
DUMMY stat: ./out/test-dir.0-0/mdtest_tree.0/file.mdtest.0.107
DUMMY stat: ./out/test-dir.0-0/mdtest_tree.0/file.mdtest.0.109
DUMMY stat: ./out/test-dir.0-0/mdtest_tree.0/file.mdtest.0.195
DUMMY stat: ./out/test-dir.0-0/mdtest_tree.0/file.mdtest.0.169
DUMMY stat: ./out/test-dir.0-0/mdtest_tree.0/file.mdtest.0.53
DUMMY stat: ./out/test-dir.0-0/mdtest_tree.0/file.mdtest.0.184
DUMMY stat: ./out/test-dir.0-0/mdtest_tree.0/file.mdtest.0.174
DUMMY stat: ./out/test-dir.0-0/mdtest_tree.0/file.mdtest.0.146
DUMMY stat: ./out/test-dir.0-0/mdtest_tree.0/file.mdtest.0.157
DUMMY stat: ./out/test-dir.0-0/mdtest_tree.0/file.mdtest.0.3
DUMMY stat: ./out/test-dir.0-0/mdtest_tree.0/file.mdtest.0.57
DUMMY stat: ./out/test-dir.0-0/mdtest_tree.0/file.mdtest.0.66
DUMMY stat: ./out/test-dir.0-0/mdtest_tree.0/file.mdtest.0.197
DUMMY stat: ./out/test-dir.0-0/mdtest_tree.0/file.mdtest.0.132
DUMMY stat: ./out/test-dir.0-0/mdtest_tree.0/file.mdtest.0.24
DUMMY stat: ./out/test-dir.0-0/mdtest_tree.0/file.mdtest.0.143
DUMMY stat: ./out/test-dir.0-0/mdtest_tree.0/file.mdtest.0.183
DUMMY stat: ./out/test-dir.0-0/mdtest_tree.0/file.mdtest.0.124
DUMMY stat: ./out/test-dir.0-0/mdtest_tree.0/file.mdtest.0.16
DUMMY stat: ./out/test-dir.0-0/mdtest_tree.0/file.mdtest.0.76
DUMMY stat: ./out/test-dir.0-0/mdtest_tree.0/file.mdtest.0.159
DUMMY stat: ./out/test-dir.0-0/mdtest_tree.0/file.mdtest.0.114
DUMMY stat: ./out/test-dir.0-0/mdtest_tree.0/file.mdtest.0.25
DUMMY stat: ./out/test-dir.0-0/mdtest_tree.0/file.mdtest.0.12
DUMMY stat: ./out/test-dir.0-0/mdtest_tree.0/file.mdtest.0.54
DUMMY stat: ./out/test-dir.0-0/mdtest_tree.0/file.mdtest.0.125
DUMMY stat: ./out/test-dir.0-0/mdtest_tree.0/file.mdtest.0.14
DUMMY stat: ./out/test-dir.0-0/mdtest_tree.0/file.mdtest.0.165
DUMMY stat: ./out/test-dir.0-0/mdtest_tree.0/file.mdtest.0.38
DUMMY stat: ./out/test-dir.0-0/mdtest_tree.0/file.mdtest.0.145
DUMMY stat: ./out/test-dir.0-0/mdtest_tree.0/file.mdtest.0.48
DUMMY stat: ./out/test-dir.0-0/mdtest_tree.0/file.mdtest.0.150
DUMMY stat: ./out/test-dir.0-0/mdtest_tree.0/file.mdtest.0.67
DUMMY stat: ./out/test-dir.0-0/mdtest_tree.0/file.mdtest.0.153
DUMMY stat: ./out/test-dir.0-0/mdtest_tree.0/file.mdtest.0.68
DUMMY stat: ./out/test-dir.0-0/mdtest_tree.0/file.mdtest.0.90
DUMMY stat: ./out/test-dir.0-0/mdtest_tree.0/file.mdtest.0.43
DUMMY stat: ./out/test-dir.0-0/mdtest_tree.0/file.mdtest.0.103
DUMMY open: ./out/test-dir.0-0/mdtest_tree.0/file.mdtest.0.87 = 0xc9
DUMMY close 0xc9
DUMMY open: ./out/test-dir.0-0/mdtest_tree.0/file.mdtest.0.40 = 0xca
DUMMY close 0xca
DUMMY open: ./out/test-dir.0-0/mdtest_tree.0/file.mdtest.0.100 = 0xcb
DUMMY close 0xcb
DUMMY open: ./out/test-dir.0-0/mdtest_tree.0/file.mdtest.0.99 = 0xcc
DUMMY close 0xcc
DUMMY open: ./out/test-dir.0-0/mdtest_tree.0/file.mdtest.0.20 = 0xcd
DUMMY close 0xcd
DUMMY open: ./out/test-dir.0-0/mdtest_tree.0/file.mdtest.0.61 = 0xce
DUMMY close 0xce
DUMMY open: ./out/test-dir.0-0/mdtest_tree.0/file.mdtest.0.5 = 0xcf
DUMMY close 0xcf
DUMMY open: ./out/test-dir.0-0/mdtest_tree.0/file.mdtest.0.32 = 0xd0
DUMMY close 0xd0
DUMMY open: ./out/test-dir.0-0/mdtest_tree.0/file.mdtest.0.106 = 0xd1
DUMMY close 0xd1
DUMMY open: ./out/test-dir.0-0/mdtest_tree.0/file.mdtest.0.110 = 0xd2
DUMMY close 0xd2
DUMMY open: ./out/test-dir.0-0/mdtest_tree.0/file.mdtest.0.82 = 0xd3
DUMMY close 0xd3
DUMMY open: ./out/test-dir.0-0/mdtest_tree.0/file.mdtest.0.37 = 0xd4
DUMMY close 0xd4
DUMMY open: ./out/test-dir.0-0/mdtest_tree.0/file.mdtest.0.162 = 0xd5
DUMMY close 0xd5
DUMMY open: ./out/test-dir.0-0/mdtest_tree.0/file.mdtest.0.18 = 0xd6
DUMMY close 0xd6
DUMMY open: ./out/test-dir.0-0/mdtest_tree.0/file.mdtest.0.123 = 0xd7
DUMMY close 0xd7
DUMMY open: ./out/test-dir.0-0/mdtest_tree.0/file.mdtest.0.44 = 0xd8
DUMMY close 0xd8
DUMMY open: ./out/test-dir.0-0/mdtest_tree.0/file.mdtest.0.168 = 0xd9
DUMMY close 0xd9
DUMMY open: ./out/test-dir.0-0/mdtest_tree.0/file.mdtest.0.191 = 0xda
DUMMY close 0xda
DUMMY open: ./out/test-dir.0-0/mdtest_tree.0/file.mdtest.0.94 = 0xdb
DUMMY close 0xdb
DUMMY open: ./out/test-dir.0-0/mdtest_tree.0/file.mdtest.0.101 = 0xdc
DUMMY close 0xdc
DUMMY open: ./out/test-dir.0-0/mdtest_tree.0/file.mdtest.0.56 = 0xdd
DUMMY close 0xdd
DUMMY open: ./out/test-dir.0-0/mdtest_tree.0/file.mdtest.0.41 = 0xde
DUMMY close 0xde
DUMMY open: ./out/test-dir.0-0/mdtest_tree.0/file.mdtest.0.34 = 0xdf
DUMMY close 0xdf
DUMMY open: ./out/test-dir.0-0/mdtest_tree.0/file.mdtest.0.119 = 0xe0
DUMMY close 0xe0
DUMMY open: ./out/test-dir.0-0/mdtest_tree.0/file.mdtest.0.8 = 0xe1
DUMMY close 0xe1
DUMMY open: ./out/test-dir.0-0/mdtest_tree.0/file.mdtest.0.17 = 0xe2
DUMMY close 0xe2
DUMMY open: ./out/test-dir.0-0/mdtest_tree.0/file.mdtest.0.194 = 0xe3
DUMMY close 0xe3
DUMMY open: ./out/test-dir.0-0/mdtest_tree.0/file.mdtest.0.181 = 0xe4
DUMMY close 0xe4
DUMMY open: ./out/test-dir.0-0/mdtest_tree.0/file.mdtest.0.6 = 0xe5
DUMMY close 0xe5
DUMMY open: ./out/test-dir.0-0/mdtest_tree.0/file.mdtest.0.113 = 0xe6
DUMMY close 0xe6
DUMMY open: ./out/test-dir.0-0/mdtest_tree.0/file.mdtest.0.58 = 0xe7
DUMMY close 0xe7
DUMMY open: ./out/test-dir.0-0/mdtest_tree.0/file.mdtest.0.188 = 0xe8
DUMMY close 0xe8
DUMMY open: ./out/test-dir.0-0/mdtest_tree.0/file.mdtest.0.51 = 0xe9
DUMMY close 0xe9
DUMMY open: ./out/test-dir.0-0/mdtest_tree.0/file.mdtest.0.164 = 0xea
DUMMY close 0xea
DUMMY open: ./out/test-dir.0-0/mdtest_tree.0/file.mdtest.0.91 = 0xeb
DUMMY close 0xeb
DUMMY open: ./out/test-dir.0-0/mdtest_tree.0/file.mdtest.0.2 = 0xec
DUMMY close 0xec
DUMMY open: ./out/test-dir.0-0/mdtest_tree.0/file.mdtest.0.47 = 0xed
DUMMY close 0xed
DUMMY open: ./out/test-dir.0-0/mdtest_tree.0/file.mdtest.0.104 = 0xee
DUMMY close 0xee
DUMMY open: ./out/test-dir.0-0/mdtest_tree.0/file.mdtest.0.33 = 0xef
DUMMY close 0xef
DUMMY open: ./out/test-dir.0-0/mdtest_tree.0/file.mdtest.0.64 = 0xf0
DUMMY close 0xf0
DUMMY open: ./out/test-dir.0-0/mdtest_tree.0/file.mdtest.0.136 = 0xf1
DUMMY close 0xf1
DUMMY open: ./out/test-dir.0-0/mdtest_tree.0/file.mdtest.0.148 = 0xf2
DUMMY close 0xf2
DUMMY open: ./out/test-dir.0-0/mdtest_tree.0/file.mdtest.0.105 = 0xf3
DUMMY close 0xf3
DUMMY open: ./out/test-dir.0-0/mdtest_tree.0/file.mdtest.0.28 = 0xf4
DUMMY close 0xf4
DUMMY open: ./out/test-dir.0-0/mdtest_tree.0/file.mdtest.0.172 = 0xf5
DUMMY close 0xf5
DUMMY open: ./out/test-dir.0-0/mdtest_tree.0/file.mdtest.0.108 = 0xf6
DUMMY close 0xf6
DUMMY open: ./out/test-dir.0-0/mdtest_tree.0/file.mdtest.0.131 = 0xf7
DUMMY close 0xf7
DUMMY open: ./out/test-dir.0-0/mdtest_tree.0/file.mdtest.0.117 = 0xf8
DUMMY close 0xf8
DUMMY open: ./out/test-dir.0-0/mdtest_tree.0/file.mdtest.0.83 = 0xf9
DUMMY close 0xf9
DUMMY open: ./out/test-dir.0-0/mdtest_tree.0/file.mdtest.0.19 = 0xfa
DUMMY close 0xfa
DUMMY open: ./out/test-dir.0-0/mdtest_tree.0/file.mdtest.0.135 = 0xfb
DUMMY close 0xfb
DUMMY open: ./out/test-dir.0-0/mdtest_tree.0/file.mdtest.0.127 = 0xfc
DUMMY close 0xfc
DUMMY open: ./out/test-dir.0-0/mdtest_tree.0/file.mdtest.0.39 = 0xfd
DUMMY close 0xfd
DUMMY open: ./out/test-dir.0-0/mdtest_tree.0/file.mdtest.0.160 = 0xfe
DUMMY close 0xfe
DUMMY open: ./out/test-dir.0-0/mdtest_tree.0/file.mdtest.0.7 = 0xff
DUMMY close 0xff
DUMMY open: ./out/test-dir.0-0/mdtest_tree.0/file.mdtest.0.49 = 0x100
DUMMY close 0x100
DUMMY open: ./out/test-dir.0-0/mdtest_tree.0/file.mdtest.0.167 = 0x101
DUMMY close 0x101
DUMMY open: ./out/test-dir.0-0/mdtest_tree.0/file.mdtest.0.134 = 0x102
DUMMY close 0x102
DUMMY open: ./out/test-dir.0-0/mdtest_tree.0/file.mdtest.0.9 = 0x103
DUMMY close 0x103
DUMMY open: ./out/test-dir.0-0/mdtest_tree.0/file.mdtest.0.70 = 0x104
DUMMY close 0x104
DUMMY open: ./out/test-dir.0-0/mdtest_tree.0/file.mdtest.0.176 = 0x105
DUMMY close 0x105
DUMMY open: ./out/test-dir.0-0/mdtest_tree.0/file.mdtest.0.122 = 0x106
DUMMY close 0x106
DUMMY open: ./out/test-dir.0-0/mdtest_tree.0/file.mdtest.0.79 = 0x107
DUMMY close 0x107
DUMMY open: ./out/test-dir.0-0/mdtest_tree.0/file.mdtest.0.62 = 0x108
DUMMY close 0x108
DUMMY open: ./out/test-dir.0-0/mdtest_tree.0/file.mdtest.0.1 = 0x109
DUMMY close 0x109
DUMMY open: ./out/test-dir.0-0/mdtest_tree.0/file.mdtest.0.73 = 0x10a
DUMMY close 0x10a
DUMMY open: ./out/test-dir.0-0/mdtest_tree.0/file.mdtest.0.149 = 0x10b
DUMMY close 0x10b
DUMMY open: ./out/test-dir.0-0/mdtest_tree.0/file.mdtest.0.142 = 0x10c
DUMMY close 0x10c
DUMMY open: ./out/test-dir.0-0/mdtest_tree.0/file.mdtest.0.187 = 0x10d
DUMMY close 0x10d
DUMMY open: ./out/test-dir.0-0/mdtest_tree.0/file.mdtest.0.93 = 0x10e
DUMMY close 0x10e
DUMMY open: ./out/test-dir.0-0/mdtest_tree.0/file.mdtest.0.141 = 0x10f
DUMMY close 0x10f
DUMMY open: ./out/test-dir.0-0/mdtest_tree.0/file.mdtest.0.112 = 0x110
DUMMY close 0x110
DUMMY open: ./out/test-dir.0-0/mdtest_tree.0/file.mdtest.0.78 = 0x111
DUMMY close 0x111
DUMMY open: ./out/test-dir.0-0/mdtest_tree.0/file.mdtest.0.161 = 0x112
DUMMY close 0x112
DUMMY open: ./out/test-dir.0-0/mdtest_tree.0/file.mdtest.0.152 = 0x113
DUMMY close 0x113
DUMMY open: ./out/test-dir.0-0/mdtest_tree.0/file.mdtest.0.182 = 0x114
DUMMY close 0x114
DUMMY open: ./out/test-dir.0-0/mdtest_tree.0/file.mdtest.0.173 = 0x115
DUMMY close 0x115
DUMMY open: ./out/test-dir.0-0/mdtest_tree.0/file.mdtest.0.4 = 0x116
DUMMY close 0x116
DUMMY open: ./out/test-dir.0-0/mdtest_tree.0/file.mdtest.0.140 = 0x117
DUMMY close 0x117
DUMMY open: ./out/test-dir.0-0/mdtest_tree.0/file.mdtest.0.29 = 0x118
DUMMY close 0x118
DUMMY open: ./out/test-dir.0-0/mdtest_tree.0/file.mdtest.0.120 = 0x119
DUMMY close 0x119
DUMMY open: ./out/test-dir.0-0/mdtest_tree.0/file.mdtest.0.52 = 0x11a
DUMMY close 0x11a
DUMMY open: ./out/test-dir.0-0/mdtest_tree.0/file.mdtest.0.46 = 0x11b
DUMMY close 0x11b
DUMMY open: ./out/test-dir.0-0/mdtest_tree.0/file.mdtest.0.71 = 0x11c
DUMMY close 0x11c
DUMMY open: ./out/test-dir.0-0/mdtest_tree.0/file.mdtest.0.154 = 0x11d
DUMMY close 0x11d
DUMMY open: ./out/test-dir.0-0/mdtest_tree.0/file.mdtest.0.128 = 0x11e
DUMMY close 0x11e
DUMMY open: ./out/test-dir.0-0/mdtest_tree.0/file.mdtest.0.63 = 0x11f
DUMMY close 0x11f
DUMMY open: ./out/test-dir.0-0/mdtest_tree.0/file.mdtest.0.177 = 0x120
DUMMY close 0x120
DUMMY open: ./out/test-dir.0-0/mdtest_tree.0/file.mdtest.0.11 = 0x121
DUMMY close 0x121
DUMMY open: ./out/test-dir.0-0/mdtest_tree.0/file.mdtest.0.170 = 0x122
DUMMY close 0x122
DUMMY open: ./out/test-dir.0-0/mdtest_tree.0/file.mdtest.0.26 = 0x123
DUMMY close 0x123
DUMMY open: ./out/test-dir.0-0/mdtest_tree.0/file.mdtest.0.179 = 0x124
DUMMY close 0x124
DUMMY open: ./out/test-dir.0-0/mdtest_tree.0/file.mdtest.0.21 = 0x125
DUMMY close 0x125
DUMMY open: ./out/test-dir.0-0/mdtest_tree.0/file.mdtest.0.175 = 0x126
DUMMY close 0x126
DUMMY open: ./out/test-dir.0-0/mdtest_tree.0/file.mdtest.0.75 = 0x127
DUMMY close 0x127
DUMMY open: ./out/test-dir.0-0/mdtest_tree.0/file.mdtest.0.0 = 0x128
DUMMY close 0x128
DUMMY open: ./out/test-dir.0-0/mdtest_tree.0/file.mdtest.0.65 = 0x129
DUMMY close 0x129
DUMMY open: ./out/test-dir.0-0/mdtest_tree.0/file.mdtest.0.139 = 0x12a
DUMMY close 0x12a
DUMMY open: ./out/test-dir.0-0/mdtest_tree.0/file.mdtest.0.35 = 0x12b
DUMMY close 0x12b
DUMMY open: ./out/test-dir.0-0/mdtest_tree.0/file.mdtest.0.144 = 0x12c
DUMMY close 0x12c
DUMMY open: ./out/test-dir.0-0/mdtest_tree.0/file.mdtest.0.192 = 0x12d
DUMMY close 0x12d
DUMMY open: ./out/test-dir.0-0/mdtest_tree.0/file.mdtest.0.23 = 0x12e
DUMMY close 0x12e
DUMMY open: ./out/test-dir.0-0/mdtest_tree.0/file.mdtest.0.86 = 0x12f
DUMMY close 0x12f
DUMMY open: ./out/test-dir.0-0/mdtest_tree.0/file.mdtest.0.98 = 0x130
DUMMY close 0x130
DUMMY open: ./out/test-dir.0-0/mdtest_tree.0/file.mdtest.0.155 = 0x131
DUMMY close 0x131
DUMMY open: ./out/test-dir.0-0/mdtest_tree.0/file.mdtest.0.129 = 0x132
DUMMY close 0x132
DUMMY open: ./out/test-dir.0-0/mdtest_tree.0/file.mdtest.0.158 = 0x133
DUMMY close 0x133
DUMMY open: ./out/test-dir.0-0/mdtest_tree.0/file.mdtest.0.186 = 0x134
DUMMY close 0x134
DUMMY open: ./out/test-dir.0-0/mdtest_tree.0/file.mdtest.0.198 = 0x135
DUMMY close 0x135
DUMMY open: ./out/test-dir.0-0/mdtest_tree.0/file.mdtest.0.189 = 0x136
DUMMY close 0x136
DUMMY open: ./out/test-dir.0-0/mdtest_tree.0/file.mdtest.0.111 = 0x137
DUMMY close 0x137
DUMMY open: ./out/test-dir.0-0/mdtest_tree.0/file.mdtest.0.88 = 0x138
DUMMY close 0x138
DUMMY open: ./out/test-dir.0-0/mdtest_tree.0/file.mdtest.0.77 = 0x139
DUMMY close 0x139
DUMMY open: ./out/test-dir.0-0/mdtest_tree.0/file.mdtest.0.147 = 0x13a
DUMMY close 0x13a
DUMMY open: ./out/test-dir.0-0/mdtest_tree.0/file.mdtest.0.13 = 0x13b
DUMMY close 0x13b
DUMMY open: ./out/test-dir.0-0/mdtest_tree.0/file.mdtest.0.31 = 0x13c
DUMMY close 0x13c
DUMMY open: ./out/test-dir.0-0/mdtest_tree.0/file.mdtest.0.166 = 0x13d
DUMMY close 0x13d
DUMMY open: ./out/test-dir.0-0/mdtest_tree.0/file.mdtest.0.97 = 0x13e
DUMMY close 0x13e
DUMMY open: ./out/test-dir.0-0/mdtest_tree.0/file.mdtest.0.45 = 0x13f
DUMMY close 0x13f
DUMMY open: ./out/test-dir.0-0/mdtest_tree.0/file.mdtest.0.85 = 0x140
DUMMY close 0x140
DUMMY open: ./out/test-dir.0-0/mdtest_tree.0/file.mdtest.0.126 = 0x141
DUMMY close 0x141
DUMMY open: ./out/test-dir.0-0/mdtest_tree.0/file.mdtest.0.36 = 0x142
DUMMY close 0x142
DUMMY open: ./out/test-dir.0-0/mdtest_tree.0/file.mdtest.0.74 = 0x143
DUMMY close 0x143
DUMMY open: ./out/test-dir.0-0/mdtest_tree.0/file.mdtest.0.27 = 0x144
DUMMY close 0x144
DUMMY open: ./out/test-dir.0-0/mdtest_tree.0/file.mdtest.0.190 = 0x145
DUMMY close 0x145
DUMMY open: ./out/test-dir.0-0/mdtest_tree.0/file.mdtest.0.116 = 0x146
DUMMY close 0x146
DUMMY open: ./out/test-dir.0-0/mdtest_tree.0/file.mdtest.0.81 = 0x147
DUMMY close 0x147
DUMMY open: ./out/test-dir.0-0/mdtest_tree.0/file.mdtest.0.121 = 0x148
DUMMY close 0x148
DUMMY open: ./out/test-dir.0-0/mdtest_tree.0/file.mdtest.0.50 = 0x149
DUMMY close 0x149
DUMMY open: ./out/test-dir.0-0/mdtest_tree.0/file.mdtest.0.180 = 0x14a
DUMMY close 0x14a
DUMMY open: ./out/test-dir.0-0/mdtest_tree.0/file.mdtest.0.178 = 0x14b
DUMMY close 0x14b
DUMMY open: ./out/test-dir.0-0/mdtest_tree.0/file.mdtest.0.151 = 0x14c
DUMMY close 0x14c
DUMMY open: ./out/test-dir.0-0/mdtest_tree.0/file.mdtest.0.137 = 0x14d
DUMMY close 0x14d
DUMMY open: ./out/test-dir.0-0/mdtest_tree.0/file.mdtest.0.92 = 0x14e
DUMMY close 0x14e
DUMMY open: ./out/test-dir.0-0/mdtest_tree.0/file.mdtest.0.115 = 0x14f
DUMMY close 0x14f
DUMMY open: ./out/test-dir.0-0/mdtest_tree.0/file.mdtest.0.171 = 0x150
DUMMY close 0x150
DUMMY open: ./out/test-dir.0-0/mdtest_tree.0/file.mdtest.0.102 = 0x151
DUMMY close 0x151
DUMMY open: ./out/test-dir.0-0/mdtest_tree.0/file.mdtest.0.133 = 0x152
DUMMY close 0x152
DUMMY open: ./out/test-dir.0-0/mdtest_tree.0/file.mdtest.0.96 = 0x153
DUMMY close 0x153
DUMMY open: ./out/test-dir.0-0/mdtest_tree.0/file.mdtest.0.156 = 0x154
DUMMY close 0x154
DUMMY open: ./out/test-dir.0-0/mdtest_tree.0/file.mdtest.0.60 = 0x155
DUMMY close 0x155
DUMMY open: ./out/test-dir.0-0/mdtest_tree.0/file.mdtest.0.118 = 0x156
DUMMY close 0x156
DUMMY open: ./out/test-dir.0-0/mdtest_tree.0/file.mdtest.0.95 = 0x157
DUMMY close 0x157
DUMMY open: ./out/test-dir.0-0/mdtest_tree.0/file.mdtest.0.59 = 0x158
DUMMY close 0x158
DUMMY open: ./out/test-dir.0-0/mdtest_tree.0/file.mdtest.0.72 = 0x159
DUMMY close 0x159
DUMMY open: ./out/test-dir.0-0/mdtest_tree.0/file.mdtest.0.42 = 0x15a
DUMMY close 0x15a
DUMMY open: ./out/test-dir.0-0/mdtest_tree.0/file.mdtest.0.130 = 0x15b
DUMMY close 0x15b
DUMMY open: ./out/test-dir.0-0/mdtest_tree.0/file.mdtest.0.163 = 0x15c
DUMMY close 0x15c
DUMMY open: ./out/test-dir.0-0/mdtest_tree.0/file.mdtest.0.22 = 0x15d
DUMMY close 0x15d
DUMMY open: ./out/test-dir.0-0/mdtest_tree.0/file.mdtest.0.185 = 0x15e
DUMMY close 0x15e
DUMMY open: ./out/test-dir.0-0/mdtest_tree.0/file.mdtest.0.15 = 0x15f
DUMMY close 0x15f
DUMMY open: ./out/test-dir.0-0/mdtest_tree.0/file.mdtest.0.196 = 0x160
DUMMY close 0x160
DUMMY open: ./out/test-dir.0-0/mdtest_tree.0/file.mdtest.0.193 = 0x161
DUMMY close 0x161
DUMMY open: ./out/test-dir.0-0/mdtest_tree.0/file.mdtest.0.199 = 0x162
DUMMY close 0x162
DUMMY open: ./out/test-dir.0-0/mdtest_tree.0/file.mdtest.0.89 = 0x163
DUMMY close 0x163
DUMMY open: ./out/test-dir.0-0/mdtest_tree.0/file.mdtest.0.55 = 0x164
DUMMY close 0x164
DUMMY open: ./out/test-dir.0-0/mdtest_tree.0/file.mdtest.0.84 = 0x165
DUMMY close 0x165
DUMMY open: ./out/test-dir.0-0/mdtest_tree.0/file.mdtest.0.80 = 0x166
DUMMY close 0x166
DUMMY open: ./out/test-dir.0-0/mdtest_tree.0/file.mdtest.0.10 = 0x167
DUMMY close 0x167
DUMMY open: ./out/test-dir.0-0/mdtest_tree.0/file.mdtest.0.138 = 0x168
DUMMY close 0x168
DUMMY open: ./out/test-dir.0-0/mdtest_tree.0/file.mdtest.0.69 = 0x169
DUMMY close 0x169
DUMMY open: ./out/test-dir.0-0/mdtest_tree.0/file.mdtest.0.30 = 0x16a
DUMMY close 0x16a
DUMMY open: ./out/test-dir.0-0/mdtest_tree.0/file.mdtest.0.107 = 0x16b
DUMMY close 0x16b
DUMMY open: ./out/test-dir.0-0/mdtest_tree.0/file.mdtest.0.109 = 0x16c
DUMMY close 0x16c
DUMMY open: ./out/test-dir.0-0/mdtest_tree.0/file.mdtest.0.195 = 0x16d
DUMMY close 0x16d
DUMMY open: ./out/test-dir.0-0/mdtest_tree.0/file.mdtest.0.169 = 0x16e
DUMMY close 0x16e
DUMMY open: ./out/test-dir.0-0/mdtest_tree.0/file.mdtest.0.53 = 0x16f
DUMMY close 0x16f
DUMMY open: ./out/test-dir.0-0/mdtest_tree.0/file.mdtest.0.184 = 0x170
DUMMY close 0x170
DUMMY open: ./out/test-dir.0-0/mdtest_tree.0/file.mdtest.0.174 = 0x171
DUMMY close 0x171
DUMMY open: ./out/test-dir.0-0/mdtest_tree.0/file.mdtest.0.146 = 0x172
DUMMY close 0x172
DUMMY open: ./out/test-dir.0-0/mdtest_tree.0/file.mdtest.0.157 = 0x173
DUMMY close 0x173
DUMMY open: ./out/test-dir.0-0/mdtest_tree.0/file.mdtest.0.3 = 0x174
DUMMY close 0x174
DUMMY open: ./out/test-dir.0-0/mdtest_tree.0/file.mdtest.0.57 = 0x175
DUMMY close 0x175
DUMMY open: ./out/test-dir.0-0/mdtest_tree.0/file.mdtest.0.66 = 0x176
DUMMY close 0x176
DUMMY open: ./out/test-dir.0-0/mdtest_tree.0/file.mdtest.0.197 = 0x177
DUMMY close 0x177
DUMMY open: ./out/test-dir.0-0/mdtest_tree.0/file.mdtest.0.132 = 0x178
DUMMY close 0x178
DUMMY open: ./out/test-dir.0-0/mdtest_tree.0/file.mdtest.0.24 = 0x179
DUMMY close 0x179
DUMMY open: ./out/test-dir.0-0/mdtest_tree.0/file.mdtest.0.143 = 0x17a
DUMMY close 0x17a
DUMMY open: ./out/test-dir.0-0/mdtest_tree.0/file.mdtest.0.183 = 0x17b
DUMMY close 0x17b
DUMMY open: ./out/test-dir.0-0/mdtest_tree.0/file.mdtest.0.124 = 0x17c
DUMMY close 0x17c
DUMMY open: ./out/test-dir.0-0/mdtest_tree.0/file.mdtest.0.16 = 0x17d
DUMMY close 0x17d
DUMMY open: ./out/test-dir.0-0/mdtest_tree.0/file.mdtest.0.76 = 0x17e
DUMMY close 0x17e
DUMMY open: ./out/test-dir.0-0/mdtest_tree.0/file.mdtest.0.159 = 0x17f
DUMMY close 0x17f
DUMMY open: ./out/test-dir.0-0/mdtest_tree.0/file.mdtest.0.114 = 0x180
DUMMY close 0x180
DUMMY open: ./out/test-dir.0-0/mdtest_tree.0/file.mdtest.0.25 = 0x181
DUMMY close 0x181
DUMMY open: ./out/test-dir.0-0/mdtest_tree.0/file.mdtest.0.12 = 0x182
DUMMY close 0x182
DUMMY open: ./out/test-dir.0-0/mdtest_tree.0/file.mdtest.0.54 = 0x183
DUMMY close 0x183
DUMMY open: ./out/test-dir.0-0/mdtest_tree.0/file.mdtest.0.125 = 0x184
DUMMY close 0x184
DUMMY open: ./out/test-dir.0-0/mdtest_tree.0/file.mdtest.0.14 = 0x185
DUMMY close 0x185
DUMMY open: ./out/test-dir.0-0/mdtest_tree.0/file.mdtest.0.165 = 0x186
DUMMY close 0x186
DUMMY open: ./out/test-dir.0-0/mdtest_tree.0/file.mdtest.0.38 = 0x187
DUMMY close 0x187
DUMMY open: ./out/test-dir.0-0/mdtest_tree.0/file.mdtest.0.145 = 0x188
DUMMY close 0x188
DUMMY open: ./out/test-dir.0-0/mdtest_tree.0/file.mdtest.0.48 = 0x189
DUMMY close 0x189
DUMMY open: ./out/test-dir.0-0/mdtest_tree.0/file.mdtest.0.150 = 0x18a
DUMMY close 0x18a
DUMMY open: ./out/test-dir.0-0/mdtest_tree.0/file.mdtest.0.67 = 0x18b
DUMMY close 0x18b
DUMMY open: ./out/test-dir.0-0/mdtest_tree.0/file.mdtest.0.153 = 0x18c
DUMMY close 0x18c
DUMMY open: ./out/test-dir.0-0/mdtest_tree.0/file.mdtest.0.68 = 0x18d
DUMMY close 0x18d
DUMMY open: ./out/test-dir.0-0/mdtest_tree.0/file.mdtest.0.90 = 0x18e
DUMMY close 0x18e
DUMMY open: ./out/test-dir.0-0/mdtest_tree.0/file.mdtest.0.43 = 0x18f
DUMMY close 0x18f
DUMMY open: ./out/test-dir.0-0/mdtest_tree.0/file.mdtest.0.103 = 0x190
DUMMY close 0x190
DUMMY delete: ./out/test-dir.0-0/mdtest_tree.0/file.mdtest.0.0
DUMMY delete: ./out/test-dir.0-0/mdtest_tree.0/file.mdtest.0.1
DUMMY delete: ./out/test-dir.0-0/mdtest_tree.0/file.mdtest.0.2
DUMMY delete: ./out/test-dir.0-0/mdtest_tree.0/file.mdtest.0.3
DUMMY delete: ./out/test-dir.0-0/mdtest_tree.0/file.mdtest.0.4
DUMMY delete: ./out/test-dir.0-0/mdtest_tree.0/file.mdtest.0.5
DUMMY delete: ./out/test-dir.0-0/mdtest_tree.0/file.mdtest.0.6
DUMMY delete: ./out/test-dir.0-0/mdtest_tree.0/file.mdtest.0.7
DUMMY delete: ./out/test-dir.0-0/mdtest_tree.0/file.mdtest.0.8
DUMMY delete: ./out/test-dir.0-0/mdtest_tree.0/file.mdtest.0.9
DUMMY delete: ./out/test-dir.0-0/mdtest_tree.0/file.mdtest.0.10
DUMMY delete: ./out/test-dir.0-0/mdtest_tree.0/file.mdtest.0.11
DUMMY delete: ./out/test-dir.0-0/mdtest_tree.0/file.mdtest.0.12
DUMMY delete: ./out/test-dir.0-0/mdtest_tree.0/file.mdtest.0.13
DUMMY delete: ./out/test-dir.0-0/mdtest_tree.0/file.mdtest.0.14
DUMMY delete: ./out/test-dir.0-0/mdtest_tree.0/file.mdtest.0.15
DUMMY delete: ./out/test-dir.0-0/mdtest_tree.0/file.mdtest.0.16
DUMMY delete: ./out/test-dir.0-0/mdtest_tree.0/file.mdtest.0.17
DUMMY delete: ./out/test-dir.0-0/mdtest_tree.0/file.mdtest.0.18
DUMMY delete: ./out/test-dir.0-0/mdtest_tree.0/file.mdtest.0.19
DUMMY delete: ./out/test-dir.0-0/mdtest_tree.0/file.mdtest.0.20
DUMMY delete: ./out/test-dir.0-0/mdtest_tree.0/file.mdtest.0.21
DUMMY delete: ./out/test-dir.0-0/mdtest_tree.0/file.mdtest.0.22
DUMMY delete: ./out/test-dir.0-0/mdtest_tree.0/file.mdtest.0.23
DUMMY delete: ./out/test-dir.0-0/mdtest_tree.0/file.mdtest.0.24
DUMMY delete: ./out/test-dir.0-0/mdtest_tree.0/file.mdtest.0.25
DUMMY delete: ./out/test-dir.0-0/mdtest_tree.0/file.mdtest.0.26
DUMMY delete: ./out/test-dir.0-0/mdtest_tree.0/file.mdtest.0.27
DUMMY delete: ./out/test-dir.0-0/mdtest_tree.0/file.mdtest.0.28
DUMMY delete: ./out/test-dir.0-0/mdtest_tree.0/file.mdtest.0.29
DUMMY delete: ./out/test-dir.0-0/mdtest_tree.0/file.mdtest.0.30
DUMMY delete: ./out/test-dir.0-0/mdtest_tree.0/file.mdtest.0.31
DUMMY delete: ./out/test-dir.0-0/mdtest_tree.0/file.mdtest.0.32
DUMMY delete: ./out/test-dir.0-0/mdtest_tree.0/file.mdtest.0.33
DUMMY delete: ./out/test-dir.0-0/mdtest_tree.0/file.mdtest.0.34
DUMMY delete: ./out/test-dir.0-0/mdtest_tree.0/file.mdtest.0.35
DUMMY delete: ./out/test-dir.0-0/mdtest_tree.0/file.mdtest.0.36
DUMMY delete: ./out/test-dir.0-0/mdtest_tree.0/file.mdtest.0.37
DUMMY delete: ./out/test-dir.0-0/mdtest_tree.0/file.mdtest.0.38
DUMMY delete: ./out/test-dir.0-0/mdtest_tree.0/file.mdtest.0.39
DUMMY delete: ./out/test-dir.0-0/mdtest_tree.0/file.mdtest.0.40
DUMMY delete: ./out/test-dir.0-0/mdtest_tree.0/file.mdtest.0.41
DUMMY delete: ./out/test-dir.0-0/mdtest_tree.0/file.mdtest.0.42
DUMMY delete: ./out/test-dir.0-0/mdtest_tree.0/file.mdtest.0.43
DUMMY delete: ./out/test-dir.0-0/mdtest_tree.0/file.mdtest.0.44
DUMMY delete: ./out/test-dir.0-0/mdtest_tree.0/file.mdtest.0.45
DUMMY delete: ./out/test-dir.0-0/mdtest_tree.0/file.mdtest.0.46
DUMMY delete: ./out/test-dir.0-0/mdtest_tree.0/file.mdtest.0.47
DUMMY delete: ./out/test-dir.0-0/mdtest_tree.0/file.mdtest.0.48
DUMMY delete: ./out/test-dir.0-0/mdtest_tree.0/file.mdtest.0.49
DUMMY delete: ./out/test-dir.0-0/mdtest_tree.0/file.mdtest.0.50
DUMMY delete: ./out/test-dir.0-0/mdtest_tree.0/file.mdtest.0.51
DUMMY delete: ./out/test-dir.0-0/mdtest_tree.0/file.mdtest.0.52
DUMMY delete: ./out/test-dir.0-0/mdtest_tree.0/file.mdtest.0.53
DUMMY delete: ./out/test-dir.0-0/mdtest_tree.0/file.mdtest.0.54
DUMMY delete: ./out/test-dir.0-0/mdtest_tree.0/file.mdtest.0.55
DUMMY delete: ./out/test-dir.0-0/mdtest_tree.0/file.mdtest.0.56
DUMMY delete: ./out/test-dir.0-0/mdtest_tree.0/file.mdtest.0.57
DUMMY delete: ./out/test-dir.0-0/mdtest_tree.0/file.mdtest.0.58
DUMMY delete: ./out/test-dir.0-0/mdtest_tree.0/file.mdtest.0.59
DUMMY delete: ./out/test-dir.0-0/mdtest_tree.0/file.mdtest.0.60
DUMMY delete: ./out/test-dir.0-0/mdtest_tree.0/file.mdtest.0.61
DUMMY delete: ./out/test-dir.0-0/mdtest_tree.0/file.mdtest.0.62
DUMMY delete: ./out/test-dir.0-0/mdtest_tree.0/file.mdtest.0.63
DUMMY delete: ./out/test-dir.0-0/mdtest_tree.0/file.mdtest.0.64
DUMMY delete: ./out/test-dir.0-0/mdtest_tree.0/file.mdtest.0.65
DUMMY delete: ./out/test-dir.0-0/mdtest_tree.0/file.mdtest.0.66
DUMMY delete: ./out/test-dir.0-0/mdtest_tree.0/file.mdtest.0.67
DUMMY delete: ./out/test-dir.0-0/mdtest_tree.0/file.mdtest.0.68
DUMMY delete: ./out/test-dir.0-0/mdtest_tree.0/file.mdtest.0.69
DUMMY delete: ./out/test-dir.0-0/mdtest_tree.0/file.mdtest.0.70
DUMMY delete: ./out/test-dir.0-0/mdtest_tree.0/file.mdtest.0.71
DUMMY delete: ./out/test-dir.0-0/mdtest_tree.0/file.mdtest.0.72
DUMMY delete: ./out/test-dir.0-0/mdtest_tree.0/file.mdtest.0.73
DUMMY delete: ./out/test-dir.0-0/mdtest_tree.0/file.mdtest.0.74
DUMMY delete: ./out/test-dir.0-0/mdtest_tree.0/file.mdtest.0.75
DUMMY delete: ./out/test-dir.0-0/mdtest_tree.0/file.mdtest.0.76
DUMMY delete: ./out/test-dir.0-0/mdtest_tree.0/file.mdtest.0.77
DUMMY delete: ./out/test-dir.0-0/mdtest_tree.0/file.mdtest.0.78
DUMMY delete: ./out/test-dir.0-0/mdtest_tree.0/file.mdtest.0.79
DUMMY delete: ./out/test-dir.0-0/mdtest_tree.0/file.mdtest.0.80
DUMMY delete: ./out/test-dir.0-0/mdtest_tree.0/file.mdtest.0.81
DUMMY delete: ./out/test-dir.0-0/mdtest_tree.0/file.mdtest.0.82
DUMMY delete: ./out/test-dir.0-0/mdtest_tree.0/file.mdtest.0.83
DUMMY delete: ./out/test-dir.0-0/mdtest_tree.0/file.mdtest.0.84
DUMMY delete: ./out/test-dir.0-0/mdtest_tree.0/file.mdtest.0.85
DUMMY delete: ./out/test-dir.0-0/mdtest_tree.0/file.mdtest.0.86
DUMMY delete: ./out/test-dir.0-0/mdtest_tree.0/file.mdtest.0.87
DUMMY delete: ./out/test-dir.0-0/mdtest_tree.0/file.mdtest.0.88
DUMMY delete: ./out/test-dir.0-0/mdtest_tree.0/file.mdtest.0.89
DUMMY delete: ./out/test-dir.0-0/mdtest_tree.0/file.mdtest.0.90
DUMMY delete: ./out/test-dir.0-0/mdtest_tree.0/file.mdtest.0.91
DUMMY delete: ./out/test-dir.0-0/mdtest_tree.0/file.mdtest.0.92
DUMMY delete: ./out/test-dir.0-0/mdtest_tree.0/file.mdtest.0.93
DUMMY delete: ./out/test-dir.0-0/mdtest_tree.0/file.mdtest.0.94
DUMMY delete: ./out/test-dir.0-0/mdtest_tree.0/file.mdtest.0.95
DUMMY delete: ./out/test-dir.0-0/mdtest_tree.0/file.mdtest.0.96
DUMMY delete: ./out/test-dir.0-0/mdtest_tree.0/file.mdtest.0.97
DUMMY delete: ./out/test-dir.0-0/mdtest_tree.0/file.mdtest.0.98
DUMMY delete: ./out/test-dir.0-0/mdtest_tree.0/file.mdtest.0.99
DUMMY delete: ./out/test-dir.0-0/mdtest_tree.0/file.mdtest.0.100
DUMMY delete: ./out/test-dir.0-0/mdtest_tree.0/file.mdtest.0.101
DUMMY delete: ./out/test-dir.0-0/mdtest_tree.0/file.mdtest.0.102
DUMMY delete: ./out/test-dir.0-0/mdtest_tree.0/file.mdtest.0.103
DUMMY delete: ./out/test-dir.0-0/mdtest_tree.0/file.mdtest.0.104
DUMMY delete: ./out/test-dir.0-0/mdtest_tree.0/file.mdtest.0.105
DUMMY delete: ./out/test-dir.0-0/mdtest_tree.0/file.mdtest.0.106
DUMMY delete: ./out/test-dir.0-0/mdtest_tree.0/file.mdtest.0.107
DUMMY delete: ./out/test-dir.0-0/mdtest_tree.0/file.mdtest.0.108
DUMMY delete: ./out/test-dir.0-0/mdtest_tree.0/file.mdtest.0.109
DUMMY delete: ./out/test-dir.0-0/mdtest_tree.0/file.mdtest.0.110
DUMMY delete: ./out/test-dir.0-0/mdtest_tree.0/file.mdtest.0.111
DUMMY delete: ./out/test-dir.0-0/mdtest_tree.0/file.mdtest.0.112
DUMMY delete: ./out/test-dir.0-0/mdtest_tree.0/file.mdtest.0.113
DUMMY delete: ./out/test-dir.0-0/mdtest_tree.0/file.mdtest.0.114
DUMMY delete: ./out/test-dir.0-0/mdtest_tree.0/file.mdtest.0.115
DUMMY delete: ./out/test-dir.0-0/mdtest_tree.0/file.mdtest.0.116
DUMMY delete: ./out/test-dir.0-0/mdtest_tree.0/file.mdtest.0.117
DUMMY delete: ./out/test-dir.0-0/mdtest_tree.0/file.mdtest.0.118
DUMMY delete: ./out/test-dir.0-0/mdtest_tree.0/file.mdtest.0.119
DUMMY delete: ./out/test-dir.0-0/mdtest_tree.0/file.mdtest.0.120
DUMMY delete: ./out/test-dir.0-0/mdtest_tree.0/file.mdtest.0.121
DUMMY delete: ./out/test-dir.0-0/mdtest_tree.0/file.mdtest.0.122
DUMMY delete: ./out/test-dir.0-0/mdtest_tree.0/file.mdtest.0.123
DUMMY delete: ./out/test-dir.0-0/mdtest_tree.0/file.mdtest.0.124
DUMMY delete: ./out/test-dir.0-0/mdtest_tree.0/file.mdtest.0.125
DUMMY delete: ./out/test-dir.0-0/mdtest_tree.0/file.mdtest.0.126
DUMMY delete: ./out/test-dir.0-0/mdtest_tree.0/file.mdtest.0.127
DUMMY delete: ./out/test-dir.0-0/mdtest_tree.0/file.mdtest.0.128
DUMMY delete: ./out/test-dir.0-0/mdtest_tree.0/file.mdtest.0.129
DUMMY delete: ./out/test-dir.0-0/mdtest_tree.0/file.mdtest.0.130
DUMMY delete: ./out/test-dir.0-0/mdtest_tree.0/file.mdtest.0.131
DUMMY delete: ./out/test-dir.0-0/mdtest_tree.0/file.mdtest.0.132
DUMMY delete: ./out/test-dir.0-0/mdtest_tree.0/file.mdtest.0.133
DUMMY delete: ./out/test-dir.0-0/mdtest_tree.0/file.mdtest.0.134
DUMMY delete: ./out/test-dir.0-0/mdtest_tree.0/file.mdtest.0.135
DUMMY delete: ./out/test-dir.0-0/mdtest_tree.0/file.mdtest.0.136
DUMMY delete: ./out/test-dir.0-0/mdtest_tree.0/file.mdtest.0.137
DUMMY delete: ./out/test-dir.0-0/mdtest_tree.0/file.mdtest.0.138
DUMMY delete: ./out/test-dir.0-0/mdtest_tree.0/file.mdtest.0.139
DUMMY delete: ./out/test-dir.0-0/mdtest_tree.0/file.mdtest.0.140
DUMMY delete: ./out/test-dir.0-0/mdtest_tree.0/file.mdtest.0.141
DUMMY delete: ./out/test-dir.0-0/mdtest_tree.0/file.mdtest.0.142
DUMMY delete: ./out/test-dir.0-0/mdtest_tree.0/file.mdtest.0.143
DUMMY delete: ./out/test-dir.0-0/mdtest_tree.0/file.mdtest.0.144
DUMMY delete: ./out/test-dir.0-0/mdtest_tree.0/file.mdtest.0.145
DUMMY delete: ./out/test-dir.0-0/mdtest_tree.0/file.mdtest.0.146
DUMMY delete: ./out/test-dir.0-0/mdtest_tree.0/file.mdtest.0.147
DUMMY delete: ./out/test-dir.0-0/mdtest_tree.0/file.mdtest.0.148
DUMMY delete: ./out/test-dir.0-0/mdtest_tree.0/file.mdtest.0.149
DUMMY delete: ./out/test-dir.0-0/mdtest_tree.0/file.mdtest.0.150
DUMMY delete: ./out/test-dir.0-0/mdtest_tree.0/file.mdtest.0.151
DUMMY delete: ./out/test-dir.0-0/mdtest_tree.0/file.mdtest.0.152
DUMMY delete: ./out/test-dir.0-0/mdtest_tree.0/file.mdtest.0.153
DUMMY delete: ./out/test-dir.0-0/mdtest_tree.0/file.mdtest.0.154
DUMMY delete: ./out/test-dir.0-0/mdtest_tree.0/file.mdtest.0.155
DUMMY delete: ./out/test-dir.0-0/mdtest_tree.0/file.mdtest.0.156
DUMMY delete: ./out/test-dir.0-0/mdtest_tree.0/file.mdtest.0.157
DUMMY delete: ./out/test-dir.0-0/mdtest_tree.0/file.mdtest.0.158
DUMMY delete: ./out/test-dir.0-0/mdtest_tree.0/file.mdtest.0.159
DUMMY delete: ./out/test-dir.0-0/mdtest_tree.0/file.mdtest.0.160
DUMMY delete: ./out/test-dir.0-0/mdtest_tree.0/file.mdtest.0.161
DUMMY delete: ./out/test-dir.0-0/mdtest_tree.0/file.mdtest.0.162
DUMMY delete: ./out/test-dir.0-0/mdtest_tree.0/file.mdtest.0.163
DUMMY delete: ./out/test-dir.0-0/mdtest_tree.0/file.mdtest.0.164
DUMMY delete: ./out/test-dir.0-0/mdtest_tree.0/file.mdtest.0.165
DUMMY delete: ./out/test-dir.0-0/mdtest_tree.0/file.mdtest.0.166
DUMMY delete: ./out/test-dir.0-0/mdtest_tree.0/file.mdtest.0.167
DUMMY delete: ./out/test-dir.0-0/mdtest_tree.0/file.mdtest.0.168
DUMMY delete: ./out/test-dir.0-0/mdtest_tree.0/file.mdtest.0.169
DUMMY delete: ./out/test-dir.0-0/mdtest_tree.0/file.mdtest.0.170
DUMMY delete: ./out/test-dir.0-0/mdtest_tree.0/file.mdtest.0.171
DUMMY delete: ./out/test-dir.0-0/mdtest_tree.0/file.mdtest.0.172
DUMMY delete: ./out/test-dir.0-0/mdtest_tree.0/file.mdtest.0.173
DUMMY delete: ./out/test-dir.0-0/mdtest_tree.0/file.mdtest.0.174
DUMMY delete: ./out/test-dir.0-0/mdtest_tree.0/file.mdtest.0.175
DUMMY delete: ./out/test-dir.0-0/mdtest_tree.0/file.mdtest.0.176
DUMMY delete: ./out/test-dir.0-0/mdtest_tree.0/file.mdtest.0.177
DUMMY delete: ./out/test-dir.0-0/mdtest_tree.0/file.mdtest.0.178
DUMMY delete: ./out/test-dir.0-0/mdtest_tree.0/file.mdtest.0.179
DUMMY delete: ./out/test-dir.0-0/mdtest_tree.0/file.mdtest.0.180
DUMMY delete: ./out/test-dir.0-0/mdtest_tree.0/file.mdtest.0.181
DUMMY delete: ./out/test-dir.0-0/mdtest_tree.0/file.mdtest.0.182
DUMMY delete: ./out/test-dir.0-0/mdtest_tree.0/file.mdtest.0.183
DUMMY delete: ./out/test-dir.0-0/mdtest_tree.0/file.mdtest.0.184
DUMMY delete: ./out/test-dir.0-0/mdtest_tree.0/file.mdtest.0.185
DUMMY delete: ./out/test-dir.0-0/mdtest_tree.0/file.mdtest.0.186
DUMMY delete: ./out/test-dir.0-0/mdtest_tree.0/file.mdtest.0.187
DUMMY delete: ./out/test-dir.0-0/mdtest_tree.0/file.mdtest.0.188
DUMMY delete: ./out/test-dir.0-0/mdtest_tree.0/file.mdtest.0.189
DUMMY delete: ./out/test-dir.0-0/mdtest_tree.0/file.mdtest.0.190
DUMMY delete: ./out/test-dir.0-0/mdtest_tree.0/file.mdtest.0.191
DUMMY delete: ./out/test-dir.0-0/mdtest_tree.0/file.mdtest.0.192
DUMMY delete: ./out/test-dir.0-0/mdtest_tree.0/file.mdtest.0.193
DUMMY delete: ./out/test-dir.0-0/mdtest_tree.0/file.mdtest.0.194
DUMMY delete: ./out/test-dir.0-0/mdtest_tree.0/file.mdtest.0.195
DUMMY delete: ./out/test-dir.0-0/mdtest_tree.0/file.mdtest.0.196
DUMMY delete: ./out/test-dir.0-0/mdtest_tree.0/file.mdtest.0.197
DUMMY delete: ./out/test-dir.0-0/mdtest_tree.0/file.mdtest.0.198
DUMMY delete: ./out/test-dir.0-0/mdtest_tree.0/file.mdtest.0.199
DUMMY rmdir: ./out/test-dir.0-0/mdtest_tree.0/
DUMMY access: ./out/test-dir.0-0
DUMMY rmdir: ./out/test-dir.0-0
WARNING: DUMMY finalized, (aiori-DUMMY.c:208).
